
*** Running vivado
    with args -log design_1_wrapper.vds -m64 -product Vivado -mode batch -messageDb vivado.pb -notrace -source design_1_wrapper.tcl


****** Vivado v2024.1 (64-bit)
  **** SW Build 5076996 on Wed May 22 18:36:09 MDT 2024
  **** IP Build 5075265 on Wed May 22 21:45:21 MDT 2024
  **** SharedData Build 5076995 on Wed May 22 18:29:18 MDT 2024
  **** Start of session at: Mon Nov 25 14:31:47 2024
    ** Copyright 1986-2022 Xilinx, Inc. All Rights Reserved.
    ** Copyright 2022-2024 Advanced Micro Devices, Inc. All Rights Reserved.

source design_1_wrapper.tcl -notrace
INFO: [IP_Flow 19-234] Refreshing IP repositories
INFO: [IP_Flow 19-1700] Loaded user IP repository '/home/olt/ADL5960_RFSoC_VNA/ip_repo/adc_combiner_1_0'.
INFO: [IP_Flow 19-1700] Loaded user IP repository '/home/olt/ADL5960_RFSoC_VNA/VNA_Vivado_Project/ip_repo/tlast_1_0'.
INFO: [IP_Flow 19-2313] Loaded Vivado IP repository '/tools/Xilinx/Vivado/2024.1/data/ip'.
Command: read_checkpoint -auto_incremental -incremental /home/olt/ADL5960_RFSoC_VNA/VNA_Vivado_Project/VNA_Vivado_Project.srcs/utils_1/imports/synth_1/design_1_wrapper.dcp
INFO: [Vivado 12-5825] Read reference checkpoint from /home/olt/ADL5960_RFSoC_VNA/VNA_Vivado_Project/VNA_Vivado_Project.srcs/utils_1/imports/synth_1/design_1_wrapper.dcp for incremental synthesis
INFO: [Vivado 12-7989] Please ensure there are no constraint changes
Command: synth_design -top design_1_wrapper -part xczu48dr-ffvg1517-2-e
Starting synth_design
Attempting to get a license for feature 'Synthesis' and/or device 'xczu48dr'
INFO: [Common 17-349] Got license for feature 'Synthesis' and/or device 'xczu48dr'
INFO: [Device 21-403] Loading part xczu48dr-ffvg1517-2-e
INFO: [Designutils 20-5440] No compile time benefit to using incremental synthesis; A full resynthesis will be run
INFO: [Designutils 20-4379] Flow is switching to default flow due to incremental criteria not met. If you would like to alter this behaviour and have the flow terminate instead, please set the following parameter config_implementation {autoIncr.Synth.RejectBehavior Terminate}
INFO: [Synth 8-7079] Multithreading enabled for synth_design using a maximum of 4 processes.
INFO: [Synth 8-7078] Launching helper process for spawning children vivado processes
INFO: [Synth 8-7075] Helper process launched with PID 20039
---------------------------------------------------------------------------------
Starting RTL Elaboration : Time (s): cpu = 00:00:02 ; elapsed = 00:00:02 . Memory (MB): peak = 2832.770 ; gain = 353.832 ; free physical = 20984 ; free virtual = 34076
---------------------------------------------------------------------------------
INFO: [Synth 8-6157] synthesizing module 'design_1_wrapper' [/home/olt/ADL5960_RFSoC_VNA/VNA_Vivado_Project/VNA_Vivado_Project.gen/sources_1/bd/design_1/hdl/design_1_wrapper.v:13]
WARNING: [Synth 8-4446] all outputs are unconnected for this instance and logic may be removed [/home/olt/ADL5960_RFSoC_VNA/VNA_Vivado_Project/VNA_Vivado_Project.gen/sources_1/bd/design_1/hdl/design_1_wrapper.v:58]
INFO: [Synth 8-6157] synthesizing module 'design_1' [/home/olt/ADL5960_RFSoC_VNA/VNA_Vivado_Project/VNA_Vivado_Project.gen/sources_1/bd/design_1/synth/design_1.v:13]
INFO: [Synth 8-6157] synthesizing module 'design_1_adc_combiner_0_0' [/home/olt/ADL5960_RFSoC_VNA/VNA_Vivado_Project/VNA_Vivado_Project.runs/synth_1/.Xil/Vivado-20000-eecs-digital-28/realtime/design_1_adc_combiner_0_0_stub.v:6]
INFO: [Synth 8-6155] done synthesizing module 'design_1_adc_combiner_0_0' (0#1) [/home/olt/ADL5960_RFSoC_VNA/VNA_Vivado_Project/VNA_Vivado_Project.runs/synth_1/.Xil/Vivado-20000-eecs-digital-28/realtime/design_1_adc_combiner_0_0_stub.v:6]
WARNING: [Synth 8-7071] port 'm00_axis_tstrb' of module 'design_1_adc_combiner_0_0' is unconnected for instance 'adc_combiner_0' [/home/olt/ADL5960_RFSoC_VNA/VNA_Vivado_Project/VNA_Vivado_Project.gen/sources_1/bd/design_1/synth/design_1.v:251]
WARNING: [Synth 8-7023] instance 'adc_combiner_0' of module 'design_1_adc_combiner_0_0' has 63 connections declared, but only 62 given [/home/olt/ADL5960_RFSoC_VNA/VNA_Vivado_Project/VNA_Vivado_Project.gen/sources_1/bd/design_1/synth/design_1.v:251]
INFO: [Synth 8-6157] synthesizing module 'design_1_axi_dma_0_0' [/home/olt/ADL5960_RFSoC_VNA/VNA_Vivado_Project/VNA_Vivado_Project.runs/synth_1/.Xil/Vivado-20000-eecs-digital-28/realtime/design_1_axi_dma_0_0_stub.v:6]
INFO: [Synth 8-6155] done synthesizing module 'design_1_axi_dma_0_0' (0#1) [/home/olt/ADL5960_RFSoC_VNA/VNA_Vivado_Project/VNA_Vivado_Project.runs/synth_1/.Xil/Vivado-20000-eecs-digital-28/realtime/design_1_axi_dma_0_0_stub.v:6]
WARNING: [Synth 8-7071] port 's2mm_prmry_reset_out_n' of module 'design_1_axi_dma_0_0' is unconnected for instance 'axi_dma_0' [/home/olt/ADL5960_RFSoC_VNA/VNA_Vivado_Project/VNA_Vivado_Project.gen/sources_1/bd/design_1/synth/design_1.v:314]
WARNING: [Synth 8-7071] port 's2mm_introut' of module 'design_1_axi_dma_0_0' is unconnected for instance 'axi_dma_0' [/home/olt/ADL5960_RFSoC_VNA/VNA_Vivado_Project/VNA_Vivado_Project.gen/sources_1/bd/design_1/synth/design_1.v:314]
WARNING: [Synth 8-7071] port 'axi_dma_tstvec' of module 'design_1_axi_dma_0_0' is unconnected for instance 'axi_dma_0' [/home/olt/ADL5960_RFSoC_VNA/VNA_Vivado_Project/VNA_Vivado_Project.gen/sources_1/bd/design_1/synth/design_1.v:314]
WARNING: [Synth 8-7023] instance 'axi_dma_0' of module 'design_1_axi_dma_0_0' has 43 connections declared, but only 40 given [/home/olt/ADL5960_RFSoC_VNA/VNA_Vivado_Project/VNA_Vivado_Project.gen/sources_1/bd/design_1/synth/design_1.v:314]
INFO: [Synth 8-6157] synthesizing module 'design_1_axi_smc_1' [/home/olt/ADL5960_RFSoC_VNA/VNA_Vivado_Project/VNA_Vivado_Project.runs/synth_1/.Xil/Vivado-20000-eecs-digital-28/realtime/design_1_axi_smc_1_stub.v:6]
INFO: [Synth 8-6155] done synthesizing module 'design_1_axi_smc_1' (0#1) [/home/olt/ADL5960_RFSoC_VNA/VNA_Vivado_Project/VNA_Vivado_Project.runs/synth_1/.Xil/Vivado-20000-eecs-digital-28/realtime/design_1_axi_smc_1_stub.v:6]
WARNING: [Synth 8-7071] port 'S01_AXI_awready' of module 'design_1_axi_smc_1' is unconnected for instance 'axi_smc' [/home/olt/ADL5960_RFSoC_VNA/VNA_Vivado_Project/VNA_Vivado_Project.gen/sources_1/bd/design_1/synth/design_1.v:355]
WARNING: [Synth 8-7071] port 'S01_AXI_wready' of module 'design_1_axi_smc_1' is unconnected for instance 'axi_smc' [/home/olt/ADL5960_RFSoC_VNA/VNA_Vivado_Project/VNA_Vivado_Project.gen/sources_1/bd/design_1/synth/design_1.v:355]
WARNING: [Synth 8-7071] port 'S01_AXI_bresp' of module 'design_1_axi_smc_1' is unconnected for instance 'axi_smc' [/home/olt/ADL5960_RFSoC_VNA/VNA_Vivado_Project/VNA_Vivado_Project.gen/sources_1/bd/design_1/synth/design_1.v:355]
WARNING: [Synth 8-7071] port 'S01_AXI_bvalid' of module 'design_1_axi_smc_1' is unconnected for instance 'axi_smc' [/home/olt/ADL5960_RFSoC_VNA/VNA_Vivado_Project/VNA_Vivado_Project.gen/sources_1/bd/design_1/synth/design_1.v:355]
WARNING: [Synth 8-7071] port 'S02_AXI_awready' of module 'design_1_axi_smc_1' is unconnected for instance 'axi_smc' [/home/olt/ADL5960_RFSoC_VNA/VNA_Vivado_Project/VNA_Vivado_Project.gen/sources_1/bd/design_1/synth/design_1.v:355]
WARNING: [Synth 8-7071] port 'S02_AXI_wready' of module 'design_1_axi_smc_1' is unconnected for instance 'axi_smc' [/home/olt/ADL5960_RFSoC_VNA/VNA_Vivado_Project/VNA_Vivado_Project.gen/sources_1/bd/design_1/synth/design_1.v:355]
WARNING: [Synth 8-7071] port 'S02_AXI_bresp' of module 'design_1_axi_smc_1' is unconnected for instance 'axi_smc' [/home/olt/ADL5960_RFSoC_VNA/VNA_Vivado_Project/VNA_Vivado_Project.gen/sources_1/bd/design_1/synth/design_1.v:355]
WARNING: [Synth 8-7071] port 'S02_AXI_bvalid' of module 'design_1_axi_smc_1' is unconnected for instance 'axi_smc' [/home/olt/ADL5960_RFSoC_VNA/VNA_Vivado_Project/VNA_Vivado_Project.gen/sources_1/bd/design_1/synth/design_1.v:355]
WARNING: [Synth 8-7071] port 'S03_AXI_awready' of module 'design_1_axi_smc_1' is unconnected for instance 'axi_smc' [/home/olt/ADL5960_RFSoC_VNA/VNA_Vivado_Project/VNA_Vivado_Project.gen/sources_1/bd/design_1/synth/design_1.v:355]
WARNING: [Synth 8-7071] port 'S03_AXI_wready' of module 'design_1_axi_smc_1' is unconnected for instance 'axi_smc' [/home/olt/ADL5960_RFSoC_VNA/VNA_Vivado_Project/VNA_Vivado_Project.gen/sources_1/bd/design_1/synth/design_1.v:355]
WARNING: [Synth 8-7071] port 'S03_AXI_bresp' of module 'design_1_axi_smc_1' is unconnected for instance 'axi_smc' [/home/olt/ADL5960_RFSoC_VNA/VNA_Vivado_Project/VNA_Vivado_Project.gen/sources_1/bd/design_1/synth/design_1.v:355]
WARNING: [Synth 8-7071] port 'S03_AXI_bvalid' of module 'design_1_axi_smc_1' is unconnected for instance 'axi_smc' [/home/olt/ADL5960_RFSoC_VNA/VNA_Vivado_Project/VNA_Vivado_Project.gen/sources_1/bd/design_1/synth/design_1.v:355]
WARNING: [Synth 8-7023] instance 'axi_smc' of module 'design_1_axi_smc_1' has 93 connections declared, but only 81 given [/home/olt/ADL5960_RFSoC_VNA/VNA_Vivado_Project/VNA_Vivado_Project.gen/sources_1/bd/design_1/synth/design_1.v:355]
INFO: [Synth 8-6157] synthesizing module 'design_1_clk_wiz_0_0' [/home/olt/ADL5960_RFSoC_VNA/VNA_Vivado_Project/VNA_Vivado_Project.runs/synth_1/.Xil/Vivado-20000-eecs-digital-28/realtime/design_1_clk_wiz_0_0_stub.v:6]
INFO: [Synth 8-6155] done synthesizing module 'design_1_clk_wiz_0_0' (0#1) [/home/olt/ADL5960_RFSoC_VNA/VNA_Vivado_Project/VNA_Vivado_Project.runs/synth_1/.Xil/Vivado-20000-eecs-digital-28/realtime/design_1_clk_wiz_0_0_stub.v:6]
INFO: [Synth 8-6157] synthesizing module 'design_1_ps8_0_axi_periph_1' [/home/olt/ADL5960_RFSoC_VNA/VNA_Vivado_Project/VNA_Vivado_Project.gen/sources_1/bd/design_1/synth/design_1.v:787]
INFO: [Synth 8-6157] synthesizing module 'm00_couplers_imp_QJIMLI' [/home/olt/ADL5960_RFSoC_VNA/VNA_Vivado_Project/VNA_Vivado_Project.gen/sources_1/bd/design_1/synth/design_1.v:1983]
INFO: [Synth 8-6155] done synthesizing module 'm00_couplers_imp_QJIMLI' (0#1) [/home/olt/ADL5960_RFSoC_VNA/VNA_Vivado_Project/VNA_Vivado_Project.gen/sources_1/bd/design_1/synth/design_1.v:1983]
INFO: [Synth 8-6157] synthesizing module 'm01_couplers_imp_1D3SAH3' [/home/olt/ADL5960_RFSoC_VNA/VNA_Vivado_Project/VNA_Vivado_Project.gen/sources_1/bd/design_1/synth/design_1.v:2108]
INFO: [Synth 8-6155] done synthesizing module 'm01_couplers_imp_1D3SAH3' (0#1) [/home/olt/ADL5960_RFSoC_VNA/VNA_Vivado_Project/VNA_Vivado_Project.gen/sources_1/bd/design_1/synth/design_1.v:2108]
INFO: [Synth 8-6157] synthesizing module 'm02_couplers_imp_P3UMW5' [/home/olt/ADL5960_RFSoC_VNA/VNA_Vivado_Project/VNA_Vivado_Project.gen/sources_1/bd/design_1/synth/design_1.v:2254]
INFO: [Synth 8-6155] done synthesizing module 'm02_couplers_imp_P3UMW5' (0#1) [/home/olt/ADL5960_RFSoC_VNA/VNA_Vivado_Project/VNA_Vivado_Project.gen/sources_1/bd/design_1/synth/design_1.v:2254]
INFO: [Synth 8-6157] synthesizing module 'm03_couplers_imp_1E9R4HW' [/home/olt/ADL5960_RFSoC_VNA/VNA_Vivado_Project/VNA_Vivado_Project.gen/sources_1/bd/design_1/synth/design_1.v:2400]
INFO: [Synth 8-6155] done synthesizing module 'm03_couplers_imp_1E9R4HW' (0#1) [/home/olt/ADL5960_RFSoC_VNA/VNA_Vivado_Project/VNA_Vivado_Project.gen/sources_1/bd/design_1/synth/design_1.v:2400]
INFO: [Synth 8-6157] synthesizing module 'm04_couplers_imp_NB1YAO' [/home/olt/ADL5960_RFSoC_VNA/VNA_Vivado_Project/VNA_Vivado_Project.gen/sources_1/bd/design_1/synth/design_1.v:2546]
INFO: [Synth 8-6155] done synthesizing module 'm04_couplers_imp_NB1YAO' (0#1) [/home/olt/ADL5960_RFSoC_VNA/VNA_Vivado_Project/VNA_Vivado_Project.gen/sources_1/bd/design_1/synth/design_1.v:2546]
INFO: [Synth 8-6157] synthesizing module 's00_couplers_imp_1A7ZMW4' [/home/olt/ADL5960_RFSoC_VNA/VNA_Vivado_Project/VNA_Vivado_Project.gen/sources_1/bd/design_1/synth/design_1.v:2678]
INFO: [Synth 8-6157] synthesizing module 'design_1_auto_ds_0' [/home/olt/ADL5960_RFSoC_VNA/VNA_Vivado_Project/VNA_Vivado_Project.runs/synth_1/.Xil/Vivado-20000-eecs-digital-28/realtime/design_1_auto_ds_0_stub.v:6]
INFO: [Synth 8-6155] done synthesizing module 'design_1_auto_ds_0' (0#1) [/home/olt/ADL5960_RFSoC_VNA/VNA_Vivado_Project/VNA_Vivado_Project.runs/synth_1/.Xil/Vivado-20000-eecs-digital-28/realtime/design_1_auto_ds_0_stub.v:6]
INFO: [Synth 8-6157] synthesizing module 'design_1_auto_pc_0' [/home/olt/ADL5960_RFSoC_VNA/VNA_Vivado_Project/VNA_Vivado_Project.runs/synth_1/.Xil/Vivado-20000-eecs-digital-28/realtime/design_1_auto_pc_0_stub.v:6]
INFO: [Synth 8-6155] done synthesizing module 'design_1_auto_pc_0' (0#1) [/home/olt/ADL5960_RFSoC_VNA/VNA_Vivado_Project/VNA_Vivado_Project.runs/synth_1/.Xil/Vivado-20000-eecs-digital-28/realtime/design_1_auto_pc_0_stub.v:6]
INFO: [Synth 8-6155] done synthesizing module 's00_couplers_imp_1A7ZMW4' (0#1) [/home/olt/ADL5960_RFSoC_VNA/VNA_Vivado_Project/VNA_Vivado_Project.gen/sources_1/bd/design_1/synth/design_1.v:2678]
INFO: [Synth 8-6157] synthesizing module 's01_couplers_imp_KGUFR9' [/home/olt/ADL5960_RFSoC_VNA/VNA_Vivado_Project/VNA_Vivado_Project.gen/sources_1/bd/design_1/synth/design_1.v:3088]
INFO: [Synth 8-6157] synthesizing module 'design_1_auto_ds_1' [/home/olt/ADL5960_RFSoC_VNA/VNA_Vivado_Project/VNA_Vivado_Project.runs/synth_1/.Xil/Vivado-20000-eecs-digital-28/realtime/design_1_auto_ds_1_stub.v:6]
INFO: [Synth 8-6155] done synthesizing module 'design_1_auto_ds_1' (0#1) [/home/olt/ADL5960_RFSoC_VNA/VNA_Vivado_Project/VNA_Vivado_Project.runs/synth_1/.Xil/Vivado-20000-eecs-digital-28/realtime/design_1_auto_ds_1_stub.v:6]
INFO: [Synth 8-6157] synthesizing module 'design_1_auto_pc_1' [/home/olt/ADL5960_RFSoC_VNA/VNA_Vivado_Project/VNA_Vivado_Project.runs/synth_1/.Xil/Vivado-20000-eecs-digital-28/realtime/design_1_auto_pc_1_stub.v:6]
INFO: [Synth 8-6155] done synthesizing module 'design_1_auto_pc_1' (0#1) [/home/olt/ADL5960_RFSoC_VNA/VNA_Vivado_Project/VNA_Vivado_Project.runs/synth_1/.Xil/Vivado-20000-eecs-digital-28/realtime/design_1_auto_pc_1_stub.v:6]
INFO: [Synth 8-6155] done synthesizing module 's01_couplers_imp_KGUFR9' (0#1) [/home/olt/ADL5960_RFSoC_VNA/VNA_Vivado_Project/VNA_Vivado_Project.gen/sources_1/bd/design_1/synth/design_1.v:3088]
INFO: [Synth 8-6157] synthesizing module 'design_1_xbar_1' [/home/olt/ADL5960_RFSoC_VNA/VNA_Vivado_Project/VNA_Vivado_Project.runs/synth_1/.Xil/Vivado-20000-eecs-digital-28/realtime/design_1_xbar_1_stub.v:6]
INFO: [Synth 8-6155] done synthesizing module 'design_1_xbar_1' (0#1) [/home/olt/ADL5960_RFSoC_VNA/VNA_Vivado_Project/VNA_Vivado_Project.runs/synth_1/.Xil/Vivado-20000-eecs-digital-28/realtime/design_1_xbar_1_stub.v:6]
WARNING: [Synth 8-689] width (12) of port connection 'm_axi_arprot' does not match port width (15) of module 'design_1_xbar_1' [/home/olt/ADL5960_RFSoC_VNA/VNA_Vivado_Project/VNA_Vivado_Project.gen/sources_1/bd/design_1/synth/design_1.v:1944]
WARNING: [Synth 8-689] width (12) of port connection 'm_axi_awprot' does not match port width (15) of module 'design_1_xbar_1' [/home/olt/ADL5960_RFSoC_VNA/VNA_Vivado_Project/VNA_Vivado_Project.gen/sources_1/bd/design_1/synth/design_1.v:1948]
INFO: [Synth 8-6155] done synthesizing module 'design_1_ps8_0_axi_periph_1' (0#1) [/home/olt/ADL5960_RFSoC_VNA/VNA_Vivado_Project/VNA_Vivado_Project.gen/sources_1/bd/design_1/synth/design_1.v:787]
WARNING: [Synth 8-7071] port 'M01_AXI_araddr' of module 'design_1_ps8_0_axi_periph_1' is unconnected for instance 'ps8_0_axi_periph' [/home/olt/ADL5960_RFSoC_VNA/VNA_Vivado_Project/VNA_Vivado_Project.gen/sources_1/bd/design_1/synth/design_1.v:442]
WARNING: [Synth 8-7071] port 'M01_AXI_arprot' of module 'design_1_ps8_0_axi_periph_1' is unconnected for instance 'ps8_0_axi_periph' [/home/olt/ADL5960_RFSoC_VNA/VNA_Vivado_Project/VNA_Vivado_Project.gen/sources_1/bd/design_1/synth/design_1.v:442]
WARNING: [Synth 8-7071] port 'M01_AXI_arvalid' of module 'design_1_ps8_0_axi_periph_1' is unconnected for instance 'ps8_0_axi_periph' [/home/olt/ADL5960_RFSoC_VNA/VNA_Vivado_Project/VNA_Vivado_Project.gen/sources_1/bd/design_1/synth/design_1.v:442]
WARNING: [Synth 8-7071] port 'M01_AXI_awaddr' of module 'design_1_ps8_0_axi_periph_1' is unconnected for instance 'ps8_0_axi_periph' [/home/olt/ADL5960_RFSoC_VNA/VNA_Vivado_Project/VNA_Vivado_Project.gen/sources_1/bd/design_1/synth/design_1.v:442]
WARNING: [Synth 8-7071] port 'M01_AXI_awprot' of module 'design_1_ps8_0_axi_periph_1' is unconnected for instance 'ps8_0_axi_periph' [/home/olt/ADL5960_RFSoC_VNA/VNA_Vivado_Project/VNA_Vivado_Project.gen/sources_1/bd/design_1/synth/design_1.v:442]
WARNING: [Synth 8-7071] port 'M01_AXI_awvalid' of module 'design_1_ps8_0_axi_periph_1' is unconnected for instance 'ps8_0_axi_periph' [/home/olt/ADL5960_RFSoC_VNA/VNA_Vivado_Project/VNA_Vivado_Project.gen/sources_1/bd/design_1/synth/design_1.v:442]
WARNING: [Synth 8-7071] port 'M01_AXI_bready' of module 'design_1_ps8_0_axi_periph_1' is unconnected for instance 'ps8_0_axi_periph' [/home/olt/ADL5960_RFSoC_VNA/VNA_Vivado_Project/VNA_Vivado_Project.gen/sources_1/bd/design_1/synth/design_1.v:442]
WARNING: [Synth 8-7071] port 'M01_AXI_rready' of module 'design_1_ps8_0_axi_periph_1' is unconnected for instance 'ps8_0_axi_periph' [/home/olt/ADL5960_RFSoC_VNA/VNA_Vivado_Project/VNA_Vivado_Project.gen/sources_1/bd/design_1/synth/design_1.v:442]
WARNING: [Synth 8-7071] port 'M01_AXI_wdata' of module 'design_1_ps8_0_axi_periph_1' is unconnected for instance 'ps8_0_axi_periph' [/home/olt/ADL5960_RFSoC_VNA/VNA_Vivado_Project/VNA_Vivado_Project.gen/sources_1/bd/design_1/synth/design_1.v:442]
WARNING: [Synth 8-7071] port 'M01_AXI_wstrb' of module 'design_1_ps8_0_axi_periph_1' is unconnected for instance 'ps8_0_axi_periph' [/home/olt/ADL5960_RFSoC_VNA/VNA_Vivado_Project/VNA_Vivado_Project.gen/sources_1/bd/design_1/synth/design_1.v:442]
WARNING: [Synth 8-7071] port 'M01_AXI_wvalid' of module 'design_1_ps8_0_axi_periph_1' is unconnected for instance 'ps8_0_axi_periph' [/home/olt/ADL5960_RFSoC_VNA/VNA_Vivado_Project/VNA_Vivado_Project.gen/sources_1/bd/design_1/synth/design_1.v:442]
WARNING: [Synth 8-7071] port 'M02_AXI_araddr' of module 'design_1_ps8_0_axi_periph_1' is unconnected for instance 'ps8_0_axi_periph' [/home/olt/ADL5960_RFSoC_VNA/VNA_Vivado_Project/VNA_Vivado_Project.gen/sources_1/bd/design_1/synth/design_1.v:442]
WARNING: [Synth 8-7071] port 'M02_AXI_arprot' of module 'design_1_ps8_0_axi_periph_1' is unconnected for instance 'ps8_0_axi_periph' [/home/olt/ADL5960_RFSoC_VNA/VNA_Vivado_Project/VNA_Vivado_Project.gen/sources_1/bd/design_1/synth/design_1.v:442]
WARNING: [Synth 8-7071] port 'M02_AXI_arvalid' of module 'design_1_ps8_0_axi_periph_1' is unconnected for instance 'ps8_0_axi_periph' [/home/olt/ADL5960_RFSoC_VNA/VNA_Vivado_Project/VNA_Vivado_Project.gen/sources_1/bd/design_1/synth/design_1.v:442]
WARNING: [Synth 8-7071] port 'M02_AXI_awaddr' of module 'design_1_ps8_0_axi_periph_1' is unconnected for instance 'ps8_0_axi_periph' [/home/olt/ADL5960_RFSoC_VNA/VNA_Vivado_Project/VNA_Vivado_Project.gen/sources_1/bd/design_1/synth/design_1.v:442]
WARNING: [Synth 8-7071] port 'M02_AXI_awprot' of module 'design_1_ps8_0_axi_periph_1' is unconnected for instance 'ps8_0_axi_periph' [/home/olt/ADL5960_RFSoC_VNA/VNA_Vivado_Project/VNA_Vivado_Project.gen/sources_1/bd/design_1/synth/design_1.v:442]
WARNING: [Synth 8-7071] port 'M02_AXI_awvalid' of module 'design_1_ps8_0_axi_periph_1' is unconnected for instance 'ps8_0_axi_periph' [/home/olt/ADL5960_RFSoC_VNA/VNA_Vivado_Project/VNA_Vivado_Project.gen/sources_1/bd/design_1/synth/design_1.v:442]
WARNING: [Synth 8-7071] port 'M02_AXI_bready' of module 'design_1_ps8_0_axi_periph_1' is unconnected for instance 'ps8_0_axi_periph' [/home/olt/ADL5960_RFSoC_VNA/VNA_Vivado_Project/VNA_Vivado_Project.gen/sources_1/bd/design_1/synth/design_1.v:442]
WARNING: [Synth 8-7071] port 'M02_AXI_rready' of module 'design_1_ps8_0_axi_periph_1' is unconnected for instance 'ps8_0_axi_periph' [/home/olt/ADL5960_RFSoC_VNA/VNA_Vivado_Project/VNA_Vivado_Project.gen/sources_1/bd/design_1/synth/design_1.v:442]
WARNING: [Synth 8-7071] port 'M02_AXI_wdata' of module 'design_1_ps8_0_axi_periph_1' is unconnected for instance 'ps8_0_axi_periph' [/home/olt/ADL5960_RFSoC_VNA/VNA_Vivado_Project/VNA_Vivado_Project.gen/sources_1/bd/design_1/synth/design_1.v:442]
WARNING: [Synth 8-7071] port 'M02_AXI_wstrb' of module 'design_1_ps8_0_axi_periph_1' is unconnected for instance 'ps8_0_axi_periph' [/home/olt/ADL5960_RFSoC_VNA/VNA_Vivado_Project/VNA_Vivado_Project.gen/sources_1/bd/design_1/synth/design_1.v:442]
WARNING: [Synth 8-7071] port 'M02_AXI_wvalid' of module 'design_1_ps8_0_axi_periph_1' is unconnected for instance 'ps8_0_axi_periph' [/home/olt/ADL5960_RFSoC_VNA/VNA_Vivado_Project/VNA_Vivado_Project.gen/sources_1/bd/design_1/synth/design_1.v:442]
WARNING: [Synth 8-7071] port 'M03_AXI_araddr' of module 'design_1_ps8_0_axi_periph_1' is unconnected for instance 'ps8_0_axi_periph' [/home/olt/ADL5960_RFSoC_VNA/VNA_Vivado_Project/VNA_Vivado_Project.gen/sources_1/bd/design_1/synth/design_1.v:442]
WARNING: [Synth 8-7071] port 'M03_AXI_arprot' of module 'design_1_ps8_0_axi_periph_1' is unconnected for instance 'ps8_0_axi_periph' [/home/olt/ADL5960_RFSoC_VNA/VNA_Vivado_Project/VNA_Vivado_Project.gen/sources_1/bd/design_1/synth/design_1.v:442]
WARNING: [Synth 8-7071] port 'M03_AXI_arvalid' of module 'design_1_ps8_0_axi_periph_1' is unconnected for instance 'ps8_0_axi_periph' [/home/olt/ADL5960_RFSoC_VNA/VNA_Vivado_Project/VNA_Vivado_Project.gen/sources_1/bd/design_1/synth/design_1.v:442]
WARNING: [Synth 8-7071] port 'M03_AXI_awaddr' of module 'design_1_ps8_0_axi_periph_1' is unconnected for instance 'ps8_0_axi_periph' [/home/olt/ADL5960_RFSoC_VNA/VNA_Vivado_Project/VNA_Vivado_Project.gen/sources_1/bd/design_1/synth/design_1.v:442]
WARNING: [Synth 8-7071] port 'M03_AXI_awprot' of module 'design_1_ps8_0_axi_periph_1' is unconnected for instance 'ps8_0_axi_periph' [/home/olt/ADL5960_RFSoC_VNA/VNA_Vivado_Project/VNA_Vivado_Project.gen/sources_1/bd/design_1/synth/design_1.v:442]
WARNING: [Synth 8-7071] port 'M03_AXI_awvalid' of module 'design_1_ps8_0_axi_periph_1' is unconnected for instance 'ps8_0_axi_periph' [/home/olt/ADL5960_RFSoC_VNA/VNA_Vivado_Project/VNA_Vivado_Project.gen/sources_1/bd/design_1/synth/design_1.v:442]
WARNING: [Synth 8-7071] port 'M03_AXI_bready' of module 'design_1_ps8_0_axi_periph_1' is unconnected for instance 'ps8_0_axi_periph' [/home/olt/ADL5960_RFSoC_VNA/VNA_Vivado_Project/VNA_Vivado_Project.gen/sources_1/bd/design_1/synth/design_1.v:442]
WARNING: [Synth 8-7071] port 'M03_AXI_rready' of module 'design_1_ps8_0_axi_periph_1' is unconnected for instance 'ps8_0_axi_periph' [/home/olt/ADL5960_RFSoC_VNA/VNA_Vivado_Project/VNA_Vivado_Project.gen/sources_1/bd/design_1/synth/design_1.v:442]
WARNING: [Synth 8-7071] port 'M03_AXI_wdata' of module 'design_1_ps8_0_axi_periph_1' is unconnected for instance 'ps8_0_axi_periph' [/home/olt/ADL5960_RFSoC_VNA/VNA_Vivado_Project/VNA_Vivado_Project.gen/sources_1/bd/design_1/synth/design_1.v:442]
WARNING: [Synth 8-7071] port 'M03_AXI_wstrb' of module 'design_1_ps8_0_axi_periph_1' is unconnected for instance 'ps8_0_axi_periph' [/home/olt/ADL5960_RFSoC_VNA/VNA_Vivado_Project/VNA_Vivado_Project.gen/sources_1/bd/design_1/synth/design_1.v:442]
WARNING: [Synth 8-7071] port 'M03_AXI_wvalid' of module 'design_1_ps8_0_axi_periph_1' is unconnected for instance 'ps8_0_axi_periph' [/home/olt/ADL5960_RFSoC_VNA/VNA_Vivado_Project/VNA_Vivado_Project.gen/sources_1/bd/design_1/synth/design_1.v:442]
WARNING: [Synth 8-7023] instance 'ps8_0_axi_periph' of module 'design_1_ps8_0_axi_periph_1' has 180 connections declared, but only 147 given [/home/olt/ADL5960_RFSoC_VNA/VNA_Vivado_Project/VNA_Vivado_Project.gen/sources_1/bd/design_1/synth/design_1.v:442]
INFO: [Synth 8-6157] synthesizing module 'design_1_rst_clk_wiz_0_147M_0' [/home/olt/ADL5960_RFSoC_VNA/VNA_Vivado_Project/VNA_Vivado_Project.runs/synth_1/.Xil/Vivado-20000-eecs-digital-28/realtime/design_1_rst_clk_wiz_0_147M_0_stub.v:6]
INFO: [Synth 8-6155] done synthesizing module 'design_1_rst_clk_wiz_0_147M_0' (0#1) [/home/olt/ADL5960_RFSoC_VNA/VNA_Vivado_Project/VNA_Vivado_Project.runs/synth_1/.Xil/Vivado-20000-eecs-digital-28/realtime/design_1_rst_clk_wiz_0_147M_0_stub.v:6]
WARNING: [Synth 8-7071] port 'mb_reset' of module 'design_1_rst_clk_wiz_0_147M_0' is unconnected for instance 'rst_clk_wiz_0_147M' [/home/olt/ADL5960_RFSoC_VNA/VNA_Vivado_Project/VNA_Vivado_Project.gen/sources_1/bd/design_1/synth/design_1.v:590]
WARNING: [Synth 8-7071] port 'bus_struct_reset' of module 'design_1_rst_clk_wiz_0_147M_0' is unconnected for instance 'rst_clk_wiz_0_147M' [/home/olt/ADL5960_RFSoC_VNA/VNA_Vivado_Project/VNA_Vivado_Project.gen/sources_1/bd/design_1/synth/design_1.v:590]
WARNING: [Synth 8-7071] port 'peripheral_reset' of module 'design_1_rst_clk_wiz_0_147M_0' is unconnected for instance 'rst_clk_wiz_0_147M' [/home/olt/ADL5960_RFSoC_VNA/VNA_Vivado_Project/VNA_Vivado_Project.gen/sources_1/bd/design_1/synth/design_1.v:590]
WARNING: [Synth 8-7071] port 'interconnect_aresetn' of module 'design_1_rst_clk_wiz_0_147M_0' is unconnected for instance 'rst_clk_wiz_0_147M' [/home/olt/ADL5960_RFSoC_VNA/VNA_Vivado_Project/VNA_Vivado_Project.gen/sources_1/bd/design_1/synth/design_1.v:590]
WARNING: [Synth 8-7023] instance 'rst_clk_wiz_0_147M' of module 'design_1_rst_clk_wiz_0_147M_0' has 10 connections declared, but only 6 given [/home/olt/ADL5960_RFSoC_VNA/VNA_Vivado_Project/VNA_Vivado_Project.gen/sources_1/bd/design_1/synth/design_1.v:590]
INFO: [Synth 8-6157] synthesizing module 'design_1_rst_ps8_0_99M_0' [/home/olt/ADL5960_RFSoC_VNA/VNA_Vivado_Project/VNA_Vivado_Project.runs/synth_1/.Xil/Vivado-20000-eecs-digital-28/realtime/design_1_rst_ps8_0_99M_0_stub.v:6]
INFO: [Synth 8-6155] done synthesizing module 'design_1_rst_ps8_0_99M_0' (0#1) [/home/olt/ADL5960_RFSoC_VNA/VNA_Vivado_Project/VNA_Vivado_Project.runs/synth_1/.Xil/Vivado-20000-eecs-digital-28/realtime/design_1_rst_ps8_0_99M_0_stub.v:6]
WARNING: [Synth 8-7071] port 'mb_reset' of module 'design_1_rst_ps8_0_99M_0' is unconnected for instance 'rst_ps8_0_99M' [/home/olt/ADL5960_RFSoC_VNA/VNA_Vivado_Project/VNA_Vivado_Project.gen/sources_1/bd/design_1/synth/design_1.v:597]
WARNING: [Synth 8-7071] port 'bus_struct_reset' of module 'design_1_rst_ps8_0_99M_0' is unconnected for instance 'rst_ps8_0_99M' [/home/olt/ADL5960_RFSoC_VNA/VNA_Vivado_Project/VNA_Vivado_Project.gen/sources_1/bd/design_1/synth/design_1.v:597]
WARNING: [Synth 8-7023] instance 'rst_ps8_0_99M' of module 'design_1_rst_ps8_0_99M_0' has 10 connections declared, but only 8 given [/home/olt/ADL5960_RFSoC_VNA/VNA_Vivado_Project/VNA_Vivado_Project.gen/sources_1/bd/design_1/synth/design_1.v:597]
INFO: [Synth 8-6157] synthesizing module 'design_1_usp_rf_data_converter_0_0' [/home/olt/ADL5960_RFSoC_VNA/VNA_Vivado_Project/VNA_Vivado_Project.runs/synth_1/.Xil/Vivado-20000-eecs-digital-28/realtime/design_1_usp_rf_data_converter_0_0_stub.v:6]
INFO: [Synth 8-6155] done synthesizing module 'design_1_usp_rf_data_converter_0_0' (0#1) [/home/olt/ADL5960_RFSoC_VNA/VNA_Vivado_Project/VNA_Vivado_Project.runs/synth_1/.Xil/Vivado-20000-eecs-digital-28/realtime/design_1_usp_rf_data_converter_0_0_stub.v:6]
WARNING: [Synth 8-7071] port 'clk_adc2' of module 'design_1_usp_rf_data_converter_0_0' is unconnected for instance 'usp_rf_data_converter_0' [/home/olt/ADL5960_RFSoC_VNA/VNA_Vivado_Project/VNA_Vivado_Project.gen/sources_1/bd/design_1/synth/design_1.v:606]
WARNING: [Synth 8-7071] port 'irq' of module 'design_1_usp_rf_data_converter_0_0' is unconnected for instance 'usp_rf_data_converter_0' [/home/olt/ADL5960_RFSoC_VNA/VNA_Vivado_Project/VNA_Vivado_Project.gen/sources_1/bd/design_1/synth/design_1.v:606]
WARNING: [Synth 8-7023] instance 'usp_rf_data_converter_0' of module 'design_1_usp_rf_data_converter_0_0' has 65 connections declared, but only 63 given [/home/olt/ADL5960_RFSoC_VNA/VNA_Vivado_Project/VNA_Vivado_Project.gen/sources_1/bd/design_1/synth/design_1.v:606]
INFO: [Synth 8-6157] synthesizing module 'design_1_zynq_ultra_ps_e_0_0' [/home/olt/ADL5960_RFSoC_VNA/VNA_Vivado_Project/VNA_Vivado_Project.runs/synth_1/.Xil/Vivado-20000-eecs-digital-28/realtime/design_1_zynq_ultra_ps_e_0_0_stub.v:6]
INFO: [Synth 8-6155] done synthesizing module 'design_1_zynq_ultra_ps_e_0_0' (0#1) [/home/olt/ADL5960_RFSoC_VNA/VNA_Vivado_Project/VNA_Vivado_Project.runs/synth_1/.Xil/Vivado-20000-eecs-digital-28/realtime/design_1_zynq_ultra_ps_e_0_0_stub.v:6]
WARNING: [Synth 8-7071] port 'maxigp0_awuser' of module 'design_1_zynq_ultra_ps_e_0_0' is unconnected for instance 'zynq_ultra_ps_e_0' [/home/olt/ADL5960_RFSoC_VNA/VNA_Vivado_Project/VNA_Vivado_Project.gen/sources_1/bd/design_1/synth/design_1.v:670]
WARNING: [Synth 8-7071] port 'maxigp0_aruser' of module 'design_1_zynq_ultra_ps_e_0_0' is unconnected for instance 'zynq_ultra_ps_e_0' [/home/olt/ADL5960_RFSoC_VNA/VNA_Vivado_Project/VNA_Vivado_Project.gen/sources_1/bd/design_1/synth/design_1.v:670]
WARNING: [Synth 8-7071] port 'maxigp1_awuser' of module 'design_1_zynq_ultra_ps_e_0_0' is unconnected for instance 'zynq_ultra_ps_e_0' [/home/olt/ADL5960_RFSoC_VNA/VNA_Vivado_Project/VNA_Vivado_Project.gen/sources_1/bd/design_1/synth/design_1.v:670]
WARNING: [Synth 8-7071] port 'maxigp1_aruser' of module 'design_1_zynq_ultra_ps_e_0_0' is unconnected for instance 'zynq_ultra_ps_e_0' [/home/olt/ADL5960_RFSoC_VNA/VNA_Vivado_Project/VNA_Vivado_Project.gen/sources_1/bd/design_1/synth/design_1.v:670]
WARNING: [Synth 8-7071] port 'saxigp2_bid' of module 'design_1_zynq_ultra_ps_e_0_0' is unconnected for instance 'zynq_ultra_ps_e_0' [/home/olt/ADL5960_RFSoC_VNA/VNA_Vivado_Project/VNA_Vivado_Project.gen/sources_1/bd/design_1/synth/design_1.v:670]
WARNING: [Synth 8-7071] port 'saxigp2_arready' of module 'design_1_zynq_ultra_ps_e_0_0' is unconnected for instance 'zynq_ultra_ps_e_0' [/home/olt/ADL5960_RFSoC_VNA/VNA_Vivado_Project/VNA_Vivado_Project.gen/sources_1/bd/design_1/synth/design_1.v:670]
WARNING: [Synth 8-7071] port 'saxigp2_rid' of module 'design_1_zynq_ultra_ps_e_0_0' is unconnected for instance 'zynq_ultra_ps_e_0' [/home/olt/ADL5960_RFSoC_VNA/VNA_Vivado_Project/VNA_Vivado_Project.gen/sources_1/bd/design_1/synth/design_1.v:670]
WARNING: [Synth 8-7071] port 'saxigp2_rdata' of module 'design_1_zynq_ultra_ps_e_0_0' is unconnected for instance 'zynq_ultra_ps_e_0' [/home/olt/ADL5960_RFSoC_VNA/VNA_Vivado_Project/VNA_Vivado_Project.gen/sources_1/bd/design_1/synth/design_1.v:670]
WARNING: [Synth 8-7071] port 'saxigp2_rresp' of module 'design_1_zynq_ultra_ps_e_0_0' is unconnected for instance 'zynq_ultra_ps_e_0' [/home/olt/ADL5960_RFSoC_VNA/VNA_Vivado_Project/VNA_Vivado_Project.gen/sources_1/bd/design_1/synth/design_1.v:670]
WARNING: [Synth 8-7071] port 'saxigp2_rlast' of module 'design_1_zynq_ultra_ps_e_0_0' is unconnected for instance 'zynq_ultra_ps_e_0' [/home/olt/ADL5960_RFSoC_VNA/VNA_Vivado_Project/VNA_Vivado_Project.gen/sources_1/bd/design_1/synth/design_1.v:670]
WARNING: [Synth 8-7071] port 'saxigp2_rvalid' of module 'design_1_zynq_ultra_ps_e_0_0' is unconnected for instance 'zynq_ultra_ps_e_0' [/home/olt/ADL5960_RFSoC_VNA/VNA_Vivado_Project/VNA_Vivado_Project.gen/sources_1/bd/design_1/synth/design_1.v:670]
WARNING: [Synth 8-7071] port 'emio_gpio_o' of module 'design_1_zynq_ultra_ps_e_0_0' is unconnected for instance 'zynq_ultra_ps_e_0' [/home/olt/ADL5960_RFSoC_VNA/VNA_Vivado_Project/VNA_Vivado_Project.gen/sources_1/bd/design_1/synth/design_1.v:670]
WARNING: [Synth 8-7071] port 'emio_gpio_t' of module 'design_1_zynq_ultra_ps_e_0_0' is unconnected for instance 'zynq_ultra_ps_e_0' [/home/olt/ADL5960_RFSoC_VNA/VNA_Vivado_Project/VNA_Vivado_Project.gen/sources_1/bd/design_1/synth/design_1.v:670]
WARNING: [Synth 8-7023] instance 'zynq_ultra_ps_e_0' of module 'design_1_zynq_ultra_ps_e_0_0' has 127 connections declared, but only 114 given [/home/olt/ADL5960_RFSoC_VNA/VNA_Vivado_Project/VNA_Vivado_Project.gen/sources_1/bd/design_1/synth/design_1.v:670]
INFO: [Synth 8-6155] done synthesizing module 'design_1' (0#1) [/home/olt/ADL5960_RFSoC_VNA/VNA_Vivado_Project/VNA_Vivado_Project.gen/sources_1/bd/design_1/synth/design_1.v:13]
INFO: [Synth 8-6155] done synthesizing module 'design_1_wrapper' (0#1) [/home/olt/ADL5960_RFSoC_VNA/VNA_Vivado_Project/VNA_Vivado_Project.gen/sources_1/bd/design_1/hdl/design_1_wrapper.v:13]
WARNING: [Synth 8-7129] Port M_ACLK in module s01_couplers_imp_KGUFR9 is either unconnected or has no load
WARNING: [Synth 8-7129] Port M_ARESETN in module s01_couplers_imp_KGUFR9 is either unconnected or has no load
WARNING: [Synth 8-7129] Port M_ACLK in module s00_couplers_imp_1A7ZMW4 is either unconnected or has no load
WARNING: [Synth 8-7129] Port M_ARESETN in module s00_couplers_imp_1A7ZMW4 is either unconnected or has no load
WARNING: [Synth 8-7129] Port M_ACLK in module m04_couplers_imp_NB1YAO is either unconnected or has no load
WARNING: [Synth 8-7129] Port M_ARESETN in module m04_couplers_imp_NB1YAO is either unconnected or has no load
WARNING: [Synth 8-7129] Port S_ACLK in module m04_couplers_imp_NB1YAO is either unconnected or has no load
WARNING: [Synth 8-7129] Port S_ARESETN in module m04_couplers_imp_NB1YAO is either unconnected or has no load
WARNING: [Synth 8-7129] Port M_ACLK in module m03_couplers_imp_1E9R4HW is either unconnected or has no load
WARNING: [Synth 8-7129] Port M_ARESETN in module m03_couplers_imp_1E9R4HW is either unconnected or has no load
WARNING: [Synth 8-7129] Port S_ACLK in module m03_couplers_imp_1E9R4HW is either unconnected or has no load
WARNING: [Synth 8-7129] Port S_ARESETN in module m03_couplers_imp_1E9R4HW is either unconnected or has no load
WARNING: [Synth 8-7129] Port M_ACLK in module m02_couplers_imp_P3UMW5 is either unconnected or has no load
WARNING: [Synth 8-7129] Port M_ARESETN in module m02_couplers_imp_P3UMW5 is either unconnected or has no load
WARNING: [Synth 8-7129] Port S_ACLK in module m02_couplers_imp_P3UMW5 is either unconnected or has no load
WARNING: [Synth 8-7129] Port S_ARESETN in module m02_couplers_imp_P3UMW5 is either unconnected or has no load
WARNING: [Synth 8-7129] Port M_ACLK in module m01_couplers_imp_1D3SAH3 is either unconnected or has no load
WARNING: [Synth 8-7129] Port M_ARESETN in module m01_couplers_imp_1D3SAH3 is either unconnected or has no load
WARNING: [Synth 8-7129] Port S_ACLK in module m01_couplers_imp_1D3SAH3 is either unconnected or has no load
WARNING: [Synth 8-7129] Port S_ARESETN in module m01_couplers_imp_1D3SAH3 is either unconnected or has no load
WARNING: [Synth 8-7129] Port M_ACLK in module m00_couplers_imp_QJIMLI is either unconnected or has no load
WARNING: [Synth 8-7129] Port M_ARESETN in module m00_couplers_imp_QJIMLI is either unconnected or has no load
WARNING: [Synth 8-7129] Port S_ACLK in module m00_couplers_imp_QJIMLI is either unconnected or has no load
WARNING: [Synth 8-7129] Port S_ARESETN in module m00_couplers_imp_QJIMLI is either unconnected or has no load
WARNING: [Synth 8-7129] Port M00_ACLK in module design_1_ps8_0_axi_periph_1 is either unconnected or has no load
WARNING: [Synth 8-7129] Port M00_ARESETN in module design_1_ps8_0_axi_periph_1 is either unconnected or has no load
WARNING: [Synth 8-7129] Port M01_ACLK in module design_1_ps8_0_axi_periph_1 is either unconnected or has no load
WARNING: [Synth 8-7129] Port M01_ARESETN in module design_1_ps8_0_axi_periph_1 is either unconnected or has no load
WARNING: [Synth 8-7129] Port M02_ACLK in module design_1_ps8_0_axi_periph_1 is either unconnected or has no load
WARNING: [Synth 8-7129] Port M02_ARESETN in module design_1_ps8_0_axi_periph_1 is either unconnected or has no load
WARNING: [Synth 8-7129] Port M03_ACLK in module design_1_ps8_0_axi_periph_1 is either unconnected or has no load
WARNING: [Synth 8-7129] Port M03_ARESETN in module design_1_ps8_0_axi_periph_1 is either unconnected or has no load
WARNING: [Synth 8-7129] Port M04_ACLK in module design_1_ps8_0_axi_periph_1 is either unconnected or has no load
WARNING: [Synth 8-7129] Port M04_ARESETN in module design_1_ps8_0_axi_periph_1 is either unconnected or has no load
WARNING: [Synth 8-7129] Port S00_ACLK in module design_1_ps8_0_axi_periph_1 is either unconnected or has no load
WARNING: [Synth 8-7129] Port S00_ARESETN in module design_1_ps8_0_axi_periph_1 is either unconnected or has no load
WARNING: [Synth 8-7129] Port S01_ACLK in module design_1_ps8_0_axi_periph_1 is either unconnected or has no load
WARNING: [Synth 8-7129] Port S01_ARESETN in module design_1_ps8_0_axi_periph_1 is either unconnected or has no load
---------------------------------------------------------------------------------
Finished RTL Elaboration : Time (s): cpu = 00:00:02 ; elapsed = 00:00:02 . Memory (MB): peak = 2900.738 ; gain = 421.801 ; free physical = 20897 ; free virtual = 33991
---------------------------------------------------------------------------------
---------------------------------------------------------------------------------
Start Handling Custom Attributes
---------------------------------------------------------------------------------
---------------------------------------------------------------------------------
Finished Handling Custom Attributes : Time (s): cpu = 00:00:02 ; elapsed = 00:00:02 . Memory (MB): peak = 2915.582 ; gain = 436.645 ; free physical = 20897 ; free virtual = 33991
---------------------------------------------------------------------------------
---------------------------------------------------------------------------------
Finished RTL Optimization Phase 1 : Time (s): cpu = 00:00:02 ; elapsed = 00:00:02 . Memory (MB): peak = 2915.582 ; gain = 436.645 ; free physical = 20897 ; free virtual = 33991
---------------------------------------------------------------------------------
Netlist sorting complete. Time (s): cpu = 00:00:00.01 ; elapsed = 00:00:00.01 . Memory (MB): peak = 2915.582 ; gain = 0.000 ; free physical = 20897 ; free virtual = 33991
INFO: [Project 1-570] Preparing netlist for logic optimization

Processing XDC Constraints
Initializing timing engine
Parsing XDC File [/home/olt/ADL5960_RFSoC_VNA/VNA_Vivado_Project/VNA_Vivado_Project.gen/sources_1/bd/design_1/ip/design_1_usp_rf_data_converter_0_0/design_1_usp_rf_data_converter_0_0/design_1_usp_rf_data_converter_0_0_in_context.xdc] for cell 'design_1_i/usp_rf_data_converter_0'
Finished Parsing XDC File [/home/olt/ADL5960_RFSoC_VNA/VNA_Vivado_Project/VNA_Vivado_Project.gen/sources_1/bd/design_1/ip/design_1_usp_rf_data_converter_0_0/design_1_usp_rf_data_converter_0_0/design_1_usp_rf_data_converter_0_0_in_context.xdc] for cell 'design_1_i/usp_rf_data_converter_0'
Parsing XDC File [/home/olt/ADL5960_RFSoC_VNA/VNA_Vivado_Project/VNA_Vivado_Project.gen/sources_1/bd/design_1/ip/design_1_zynq_ultra_ps_e_0_0/design_1_zynq_ultra_ps_e_0_0/design_1_zynq_ultra_ps_e_0_0_in_context.xdc] for cell 'design_1_i/zynq_ultra_ps_e_0'
Finished Parsing XDC File [/home/olt/ADL5960_RFSoC_VNA/VNA_Vivado_Project/VNA_Vivado_Project.gen/sources_1/bd/design_1/ip/design_1_zynq_ultra_ps_e_0_0/design_1_zynq_ultra_ps_e_0_0/design_1_zynq_ultra_ps_e_0_0_in_context.xdc] for cell 'design_1_i/zynq_ultra_ps_e_0'
Parsing XDC File [/home/olt/ADL5960_RFSoC_VNA/VNA_Vivado_Project/VNA_Vivado_Project.gen/sources_1/bd/design_1/ip/design_1_axi_dma_0_0/design_1_axi_dma_0_0/design_1_axi_dma_0_0_in_context.xdc] for cell 'design_1_i/axi_dma_0'
Finished Parsing XDC File [/home/olt/ADL5960_RFSoC_VNA/VNA_Vivado_Project/VNA_Vivado_Project.gen/sources_1/bd/design_1/ip/design_1_axi_dma_0_0/design_1_axi_dma_0_0/design_1_axi_dma_0_0_in_context.xdc] for cell 'design_1_i/axi_dma_0'
Parsing XDC File [/home/olt/ADL5960_RFSoC_VNA/VNA_Vivado_Project/VNA_Vivado_Project.gen/sources_1/bd/design_1/ip/design_1_clk_wiz_0_0/design_1_clk_wiz_0_0/design_1_clk_wiz_0_0_in_context.xdc] for cell 'design_1_i/clk_wiz_0'
Finished Parsing XDC File [/home/olt/ADL5960_RFSoC_VNA/VNA_Vivado_Project/VNA_Vivado_Project.gen/sources_1/bd/design_1/ip/design_1_clk_wiz_0_0/design_1_clk_wiz_0_0/design_1_clk_wiz_0_0_in_context.xdc] for cell 'design_1_i/clk_wiz_0'
Parsing XDC File [/home/olt/ADL5960_RFSoC_VNA/VNA_Vivado_Project/VNA_Vivado_Project.gen/sources_1/bd/design_1/ip/design_1_rst_ps8_0_99M_0/design_1_rst_ps8_0_99M_0/design_1_rst_ps8_0_99M_0_in_context.xdc] for cell 'design_1_i/rst_ps8_0_99M'
Finished Parsing XDC File [/home/olt/ADL5960_RFSoC_VNA/VNA_Vivado_Project/VNA_Vivado_Project.gen/sources_1/bd/design_1/ip/design_1_rst_ps8_0_99M_0/design_1_rst_ps8_0_99M_0/design_1_rst_ps8_0_99M_0_in_context.xdc] for cell 'design_1_i/rst_ps8_0_99M'
Parsing XDC File [/home/olt/ADL5960_RFSoC_VNA/VNA_Vivado_Project/VNA_Vivado_Project.gen/sources_1/bd/design_1/ip/design_1_rst_clk_wiz_0_147M_0/design_1_rst_clk_wiz_0_147M_0/design_1_rst_clk_wiz_0_147M_0_in_context.xdc] for cell 'design_1_i/rst_clk_wiz_0_147M'
Finished Parsing XDC File [/home/olt/ADL5960_RFSoC_VNA/VNA_Vivado_Project/VNA_Vivado_Project.gen/sources_1/bd/design_1/ip/design_1_rst_clk_wiz_0_147M_0/design_1_rst_clk_wiz_0_147M_0/design_1_rst_clk_wiz_0_147M_0_in_context.xdc] for cell 'design_1_i/rst_clk_wiz_0_147M'
Parsing XDC File [/home/olt/ADL5960_RFSoC_VNA/VNA_Vivado_Project/VNA_Vivado_Project.gen/sources_1/bd/design_1/ip/design_1_xbar_1/design_1_xbar_1/design_1_xbar_1_in_context.xdc] for cell 'design_1_i/ps8_0_axi_periph/xbar'
Finished Parsing XDC File [/home/olt/ADL5960_RFSoC_VNA/VNA_Vivado_Project/VNA_Vivado_Project.gen/sources_1/bd/design_1/ip/design_1_xbar_1/design_1_xbar_1/design_1_xbar_1_in_context.xdc] for cell 'design_1_i/ps8_0_axi_periph/xbar'
Parsing XDC File [/home/olt/ADL5960_RFSoC_VNA/VNA_Vivado_Project/VNA_Vivado_Project.gen/sources_1/bd/design_1/ip/design_1_auto_ds_0/design_1_auto_ds_0/design_1_auto_ds_2_in_context.xdc] for cell 'design_1_i/ps8_0_axi_periph/s00_couplers/auto_ds'
Finished Parsing XDC File [/home/olt/ADL5960_RFSoC_VNA/VNA_Vivado_Project/VNA_Vivado_Project.gen/sources_1/bd/design_1/ip/design_1_auto_ds_0/design_1_auto_ds_0/design_1_auto_ds_2_in_context.xdc] for cell 'design_1_i/ps8_0_axi_periph/s00_couplers/auto_ds'
Parsing XDC File [/home/olt/ADL5960_RFSoC_VNA/VNA_Vivado_Project/VNA_Vivado_Project.gen/sources_1/bd/design_1/ip/design_1_auto_pc_0/design_1_auto_pc_0/design_1_auto_pc_3_in_context.xdc] for cell 'design_1_i/ps8_0_axi_periph/s00_couplers/auto_pc'
Finished Parsing XDC File [/home/olt/ADL5960_RFSoC_VNA/VNA_Vivado_Project/VNA_Vivado_Project.gen/sources_1/bd/design_1/ip/design_1_auto_pc_0/design_1_auto_pc_0/design_1_auto_pc_3_in_context.xdc] for cell 'design_1_i/ps8_0_axi_periph/s00_couplers/auto_pc'
Parsing XDC File [/home/olt/ADL5960_RFSoC_VNA/VNA_Vivado_Project/VNA_Vivado_Project.gen/sources_1/bd/design_1/ip/design_1_auto_ds_1/design_1_auto_ds_1/design_1_auto_ds_2_in_context.xdc] for cell 'design_1_i/ps8_0_axi_periph/s01_couplers/auto_ds'
Finished Parsing XDC File [/home/olt/ADL5960_RFSoC_VNA/VNA_Vivado_Project/VNA_Vivado_Project.gen/sources_1/bd/design_1/ip/design_1_auto_ds_1/design_1_auto_ds_1/design_1_auto_ds_2_in_context.xdc] for cell 'design_1_i/ps8_0_axi_periph/s01_couplers/auto_ds'
Parsing XDC File [/home/olt/ADL5960_RFSoC_VNA/VNA_Vivado_Project/VNA_Vivado_Project.gen/sources_1/bd/design_1/ip/design_1_auto_pc_1/design_1_auto_pc_1/design_1_auto_pc_3_in_context.xdc] for cell 'design_1_i/ps8_0_axi_periph/s01_couplers/auto_pc'
Finished Parsing XDC File [/home/olt/ADL5960_RFSoC_VNA/VNA_Vivado_Project/VNA_Vivado_Project.gen/sources_1/bd/design_1/ip/design_1_auto_pc_1/design_1_auto_pc_1/design_1_auto_pc_3_in_context.xdc] for cell 'design_1_i/ps8_0_axi_periph/s01_couplers/auto_pc'
Parsing XDC File [/home/olt/ADL5960_RFSoC_VNA/VNA_Vivado_Project/VNA_Vivado_Project.gen/sources_1/bd/design_1/ip/design_1_axi_smc_1/design_1_axi_smc_1/design_1_axi_smc_1_in_context.xdc] for cell 'design_1_i/axi_smc'
Finished Parsing XDC File [/home/olt/ADL5960_RFSoC_VNA/VNA_Vivado_Project/VNA_Vivado_Project.gen/sources_1/bd/design_1/ip/design_1_axi_smc_1/design_1_axi_smc_1/design_1_axi_smc_1_in_context.xdc] for cell 'design_1_i/axi_smc'
Parsing XDC File [/home/olt/ADL5960_RFSoC_VNA/VNA_Vivado_Project/VNA_Vivado_Project.gen/sources_1/bd/design_1/ip/design_1_adc_combiner_0_0/design_1_adc_combiner_0_0/design_1_adc_combiner_0_0_in_context.xdc] for cell 'design_1_i/adc_combiner_0'
Finished Parsing XDC File [/home/olt/ADL5960_RFSoC_VNA/VNA_Vivado_Project/VNA_Vivado_Project.gen/sources_1/bd/design_1/ip/design_1_adc_combiner_0_0/design_1_adc_combiner_0_0/design_1_adc_combiner_0_0_in_context.xdc] for cell 'design_1_i/adc_combiner_0'
Parsing XDC File [/home/olt/ADL5960_RFSoC_VNA/VNA_Vivado_Project/VNA_Vivado_Project.srcs/constrs_1/new/base.xdc]
Finished Parsing XDC File [/home/olt/ADL5960_RFSoC_VNA/VNA_Vivado_Project/VNA_Vivado_Project.srcs/constrs_1/new/base.xdc]
Parsing XDC File [/home/olt/ADL5960_RFSoC_VNA/VNA_Vivado_Project/VNA_Vivado_Project.runs/synth_1/dont_touch.xdc]
Finished Parsing XDC File [/home/olt/ADL5960_RFSoC_VNA/VNA_Vivado_Project/VNA_Vivado_Project.runs/synth_1/dont_touch.xdc]
Completed Processing XDC Constraints

Netlist sorting complete. Time (s): cpu = 00:00:00 ; elapsed = 00:00:00 . Memory (MB): peak = 2991.488 ; gain = 0.000 ; free physical = 20879 ; free virtual = 33972
INFO: [Project 1-111] Unisim Transformation Summary:
No Unisim elements were transformed.

Constraint Validation Runtime : Time (s): cpu = 00:00:00 ; elapsed = 00:00:00.01 . Memory (MB): peak = 2991.488 ; gain = 0.000 ; free physical = 20879 ; free virtual = 33972
INFO: [Designutils 20-5440] No compile time benefit to using incremental synthesis; A full resynthesis will be run
INFO: [Designutils 20-4379] Flow is switching to default flow due to incremental criteria not met. If you would like to alter this behaviour and have the flow terminate instead, please set the following parameter config_implementation {autoIncr.Synth.RejectBehavior Terminate}
---------------------------------------------------------------------------------
Finished Constraint Validation : Time (s): cpu = 00:00:07 ; elapsed = 00:00:08 . Memory (MB): peak = 2991.488 ; gain = 512.551 ; free physical = 20880 ; free virtual = 33973
---------------------------------------------------------------------------------
---------------------------------------------------------------------------------
Start Loading Part and Timing Information
---------------------------------------------------------------------------------
Loading part: xczu48dr-ffvg1517-2-e
INFO: [Synth 8-6742] Reading net delay rules and data
---------------------------------------------------------------------------------
Finished Loading Part and Timing Information : Time (s): cpu = 00:00:07 ; elapsed = 00:00:08 . Memory (MB): peak = 2999.492 ; gain = 520.555 ; free physical = 20880 ; free virtual = 33973
---------------------------------------------------------------------------------
---------------------------------------------------------------------------------
Start Applying 'set_property' XDC Constraints
---------------------------------------------------------------------------------
Applied set_property IO_BUFFER_TYPE = NONE for adc0_clk_clk_n. (constraint file  /home/olt/ADL5960_RFSoC_VNA/VNA_Vivado_Project/VNA_Vivado_Project.gen/sources_1/bd/design_1/ip/design_1_usp_rf_data_converter_0_0/design_1_usp_rf_data_converter_0_0/design_1_usp_rf_data_converter_0_0_in_context.xdc, line 3).
Applied set_property CLOCK_BUFFER_TYPE = NONE for adc0_clk_clk_n. (constraint file  /home/olt/ADL5960_RFSoC_VNA/VNA_Vivado_Project/VNA_Vivado_Project.gen/sources_1/bd/design_1/ip/design_1_usp_rf_data_converter_0_0/design_1_usp_rf_data_converter_0_0/design_1_usp_rf_data_converter_0_0_in_context.xdc, line 4).
Applied set_property IO_BUFFER_TYPE = NONE for adc0_clk_clk_p. (constraint file  /home/olt/ADL5960_RFSoC_VNA/VNA_Vivado_Project/VNA_Vivado_Project.gen/sources_1/bd/design_1/ip/design_1_usp_rf_data_converter_0_0/design_1_usp_rf_data_converter_0_0/design_1_usp_rf_data_converter_0_0_in_context.xdc, line 5).
Applied set_property CLOCK_BUFFER_TYPE = NONE for adc0_clk_clk_p. (constraint file  /home/olt/ADL5960_RFSoC_VNA/VNA_Vivado_Project/VNA_Vivado_Project.gen/sources_1/bd/design_1/ip/design_1_usp_rf_data_converter_0_0/design_1_usp_rf_data_converter_0_0/design_1_usp_rf_data_converter_0_0_in_context.xdc, line 6).
Applied set_property IO_BUFFER_TYPE = NONE for adc2_clk_clk_n. (constraint file  /home/olt/ADL5960_RFSoC_VNA/VNA_Vivado_Project/VNA_Vivado_Project.gen/sources_1/bd/design_1/ip/design_1_usp_rf_data_converter_0_0/design_1_usp_rf_data_converter_0_0/design_1_usp_rf_data_converter_0_0_in_context.xdc, line 7).
Applied set_property CLOCK_BUFFER_TYPE = NONE for adc2_clk_clk_n. (constraint file  /home/olt/ADL5960_RFSoC_VNA/VNA_Vivado_Project/VNA_Vivado_Project.gen/sources_1/bd/design_1/ip/design_1_usp_rf_data_converter_0_0/design_1_usp_rf_data_converter_0_0/design_1_usp_rf_data_converter_0_0_in_context.xdc, line 8).
Applied set_property IO_BUFFER_TYPE = NONE for adc2_clk_clk_p. (constraint file  /home/olt/ADL5960_RFSoC_VNA/VNA_Vivado_Project/VNA_Vivado_Project.gen/sources_1/bd/design_1/ip/design_1_usp_rf_data_converter_0_0/design_1_usp_rf_data_converter_0_0/design_1_usp_rf_data_converter_0_0_in_context.xdc, line 9).
Applied set_property CLOCK_BUFFER_TYPE = NONE for adc2_clk_clk_p. (constraint file  /home/olt/ADL5960_RFSoC_VNA/VNA_Vivado_Project/VNA_Vivado_Project.gen/sources_1/bd/design_1/ip/design_1_usp_rf_data_converter_0_0/design_1_usp_rf_data_converter_0_0/design_1_usp_rf_data_converter_0_0_in_context.xdc, line 10).
Applied set_property IO_BUFFER_TYPE = NONE for sysref_in_diff_n. (constraint file  /home/olt/ADL5960_RFSoC_VNA/VNA_Vivado_Project/VNA_Vivado_Project.gen/sources_1/bd/design_1/ip/design_1_usp_rf_data_converter_0_0/design_1_usp_rf_data_converter_0_0/design_1_usp_rf_data_converter_0_0_in_context.xdc, line 11).
Applied set_property CLOCK_BUFFER_TYPE = NONE for sysref_in_diff_n. (constraint file  /home/olt/ADL5960_RFSoC_VNA/VNA_Vivado_Project/VNA_Vivado_Project.gen/sources_1/bd/design_1/ip/design_1_usp_rf_data_converter_0_0/design_1_usp_rf_data_converter_0_0/design_1_usp_rf_data_converter_0_0_in_context.xdc, line 12).
Applied set_property IO_BUFFER_TYPE = NONE for sysref_in_diff_p. (constraint file  /home/olt/ADL5960_RFSoC_VNA/VNA_Vivado_Project/VNA_Vivado_Project.gen/sources_1/bd/design_1/ip/design_1_usp_rf_data_converter_0_0/design_1_usp_rf_data_converter_0_0/design_1_usp_rf_data_converter_0_0_in_context.xdc, line 13).
Applied set_property CLOCK_BUFFER_TYPE = NONE for sysref_in_diff_p. (constraint file  /home/olt/ADL5960_RFSoC_VNA/VNA_Vivado_Project/VNA_Vivado_Project.gen/sources_1/bd/design_1/ip/design_1_usp_rf_data_converter_0_0/design_1_usp_rf_data_converter_0_0/design_1_usp_rf_data_converter_0_0_in_context.xdc, line 14).
Applied set_property IO_BUFFER_TYPE = NONE for vin0_01_v_n. (constraint file  /home/olt/ADL5960_RFSoC_VNA/VNA_Vivado_Project/VNA_Vivado_Project.gen/sources_1/bd/design_1/ip/design_1_usp_rf_data_converter_0_0/design_1_usp_rf_data_converter_0_0/design_1_usp_rf_data_converter_0_0_in_context.xdc, line 15).
Applied set_property CLOCK_BUFFER_TYPE = NONE for vin0_01_v_n. (constraint file  /home/olt/ADL5960_RFSoC_VNA/VNA_Vivado_Project/VNA_Vivado_Project.gen/sources_1/bd/design_1/ip/design_1_usp_rf_data_converter_0_0/design_1_usp_rf_data_converter_0_0/design_1_usp_rf_data_converter_0_0_in_context.xdc, line 16).
Applied set_property IO_BUFFER_TYPE = NONE for vin0_01_v_p. (constraint file  /home/olt/ADL5960_RFSoC_VNA/VNA_Vivado_Project/VNA_Vivado_Project.gen/sources_1/bd/design_1/ip/design_1_usp_rf_data_converter_0_0/design_1_usp_rf_data_converter_0_0/design_1_usp_rf_data_converter_0_0_in_context.xdc, line 17).
Applied set_property CLOCK_BUFFER_TYPE = NONE for vin0_01_v_p. (constraint file  /home/olt/ADL5960_RFSoC_VNA/VNA_Vivado_Project/VNA_Vivado_Project.gen/sources_1/bd/design_1/ip/design_1_usp_rf_data_converter_0_0/design_1_usp_rf_data_converter_0_0/design_1_usp_rf_data_converter_0_0_in_context.xdc, line 18).
Applied set_property IO_BUFFER_TYPE = NONE for vin0_23_v_n. (constraint file  /home/olt/ADL5960_RFSoC_VNA/VNA_Vivado_Project/VNA_Vivado_Project.gen/sources_1/bd/design_1/ip/design_1_usp_rf_data_converter_0_0/design_1_usp_rf_data_converter_0_0/design_1_usp_rf_data_converter_0_0_in_context.xdc, line 19).
Applied set_property CLOCK_BUFFER_TYPE = NONE for vin0_23_v_n. (constraint file  /home/olt/ADL5960_RFSoC_VNA/VNA_Vivado_Project/VNA_Vivado_Project.gen/sources_1/bd/design_1/ip/design_1_usp_rf_data_converter_0_0/design_1_usp_rf_data_converter_0_0/design_1_usp_rf_data_converter_0_0_in_context.xdc, line 20).
Applied set_property IO_BUFFER_TYPE = NONE for vin0_23_v_p. (constraint file  /home/olt/ADL5960_RFSoC_VNA/VNA_Vivado_Project/VNA_Vivado_Project.gen/sources_1/bd/design_1/ip/design_1_usp_rf_data_converter_0_0/design_1_usp_rf_data_converter_0_0/design_1_usp_rf_data_converter_0_0_in_context.xdc, line 21).
Applied set_property CLOCK_BUFFER_TYPE = NONE for vin0_23_v_p. (constraint file  /home/olt/ADL5960_RFSoC_VNA/VNA_Vivado_Project/VNA_Vivado_Project.gen/sources_1/bd/design_1/ip/design_1_usp_rf_data_converter_0_0/design_1_usp_rf_data_converter_0_0/design_1_usp_rf_data_converter_0_0_in_context.xdc, line 22).
Applied set_property IO_BUFFER_TYPE = NONE for vin2_01_v_n. (constraint file  /home/olt/ADL5960_RFSoC_VNA/VNA_Vivado_Project/VNA_Vivado_Project.gen/sources_1/bd/design_1/ip/design_1_usp_rf_data_converter_0_0/design_1_usp_rf_data_converter_0_0/design_1_usp_rf_data_converter_0_0_in_context.xdc, line 23).
Applied set_property CLOCK_BUFFER_TYPE = NONE for vin2_01_v_n. (constraint file  /home/olt/ADL5960_RFSoC_VNA/VNA_Vivado_Project/VNA_Vivado_Project.gen/sources_1/bd/design_1/ip/design_1_usp_rf_data_converter_0_0/design_1_usp_rf_data_converter_0_0/design_1_usp_rf_data_converter_0_0_in_context.xdc, line 24).
Applied set_property IO_BUFFER_TYPE = NONE for vin2_01_v_p. (constraint file  /home/olt/ADL5960_RFSoC_VNA/VNA_Vivado_Project/VNA_Vivado_Project.gen/sources_1/bd/design_1/ip/design_1_usp_rf_data_converter_0_0/design_1_usp_rf_data_converter_0_0/design_1_usp_rf_data_converter_0_0_in_context.xdc, line 25).
Applied set_property CLOCK_BUFFER_TYPE = NONE for vin2_01_v_p. (constraint file  /home/olt/ADL5960_RFSoC_VNA/VNA_Vivado_Project/VNA_Vivado_Project.gen/sources_1/bd/design_1/ip/design_1_usp_rf_data_converter_0_0/design_1_usp_rf_data_converter_0_0/design_1_usp_rf_data_converter_0_0_in_context.xdc, line 26).
Applied set_property IO_BUFFER_TYPE = NONE for vin2_23_v_n. (constraint file  /home/olt/ADL5960_RFSoC_VNA/VNA_Vivado_Project/VNA_Vivado_Project.gen/sources_1/bd/design_1/ip/design_1_usp_rf_data_converter_0_0/design_1_usp_rf_data_converter_0_0/design_1_usp_rf_data_converter_0_0_in_context.xdc, line 27).
Applied set_property CLOCK_BUFFER_TYPE = NONE for vin2_23_v_n. (constraint file  /home/olt/ADL5960_RFSoC_VNA/VNA_Vivado_Project/VNA_Vivado_Project.gen/sources_1/bd/design_1/ip/design_1_usp_rf_data_converter_0_0/design_1_usp_rf_data_converter_0_0/design_1_usp_rf_data_converter_0_0_in_context.xdc, line 28).
Applied set_property IO_BUFFER_TYPE = NONE for vin2_23_v_p. (constraint file  /home/olt/ADL5960_RFSoC_VNA/VNA_Vivado_Project/VNA_Vivado_Project.gen/sources_1/bd/design_1/ip/design_1_usp_rf_data_converter_0_0/design_1_usp_rf_data_converter_0_0/design_1_usp_rf_data_converter_0_0_in_context.xdc, line 29).
Applied set_property CLOCK_BUFFER_TYPE = NONE for vin2_23_v_p. (constraint file  /home/olt/ADL5960_RFSoC_VNA/VNA_Vivado_Project/VNA_Vivado_Project.gen/sources_1/bd/design_1/ip/design_1_usp_rf_data_converter_0_0/design_1_usp_rf_data_converter_0_0/design_1_usp_rf_data_converter_0_0_in_context.xdc, line 30).
Applied set_property KEEP_HIERARCHY = SOFT for design_1_i. (constraint file  auto generated constraint).
Applied set_property KEEP_HIERARCHY = SOFT for design_1_i/usp_rf_data_converter_0. (constraint file  auto generated constraint).
Applied set_property KEEP_HIERARCHY = SOFT for design_1_i/zynq_ultra_ps_e_0. (constraint file  auto generated constraint).
Applied set_property KEEP_HIERARCHY = SOFT for design_1_i/axi_dma_0. (constraint file  auto generated constraint).
Applied set_property KEEP_HIERARCHY = SOFT for design_1_i/clk_wiz_0. (constraint file  auto generated constraint).
Applied set_property KEEP_HIERARCHY = SOFT for design_1_i/rst_ps8_0_99M. (constraint file  auto generated constraint).
Applied set_property KEEP_HIERARCHY = SOFT for design_1_i/rst_clk_wiz_0_147M. (constraint file  auto generated constraint).
Applied set_property KEEP_HIERARCHY = SOFT for design_1_i/ps8_0_axi_periph/xbar. (constraint file  auto generated constraint).
Applied set_property KEEP_HIERARCHY = SOFT for design_1_i/ps8_0_axi_periph/s00_couplers/auto_ds. (constraint file  auto generated constraint).
Applied set_property KEEP_HIERARCHY = SOFT for design_1_i/ps8_0_axi_periph/s00_couplers/auto_pc. (constraint file  auto generated constraint).
Applied set_property KEEP_HIERARCHY = SOFT for design_1_i/ps8_0_axi_periph/s01_couplers/auto_ds. (constraint file  auto generated constraint).
Applied set_property KEEP_HIERARCHY = SOFT for design_1_i/ps8_0_axi_periph/s01_couplers/auto_pc. (constraint file  auto generated constraint).
Applied set_property KEEP_HIERARCHY = SOFT for design_1_i/ps8_0_axi_periph. (constraint file  auto generated constraint).
Applied set_property KEEP_HIERARCHY = SOFT for design_1_i/axi_smc. (constraint file  auto generated constraint).
Applied set_property KEEP_HIERARCHY = SOFT for design_1_i/adc_combiner_0. (constraint file  auto generated constraint).
---------------------------------------------------------------------------------
Finished applying 'set_property' XDC Constraints : Time (s): cpu = 00:00:07 ; elapsed = 00:00:08 . Memory (MB): peak = 2999.492 ; gain = 520.555 ; free physical = 20880 ; free virtual = 33973
---------------------------------------------------------------------------------
---------------------------------------------------------------------------------
Finished RTL Optimization Phase 2 : Time (s): cpu = 00:00:08 ; elapsed = 00:00:08 . Memory (MB): peak = 2999.492 ; gain = 520.555 ; free physical = 20880 ; free virtual = 33974
---------------------------------------------------------------------------------
---------------------------------------------------------------------------------
Start RTL Component Statistics 
---------------------------------------------------------------------------------
Detailed RTL Component Info : 
---------------------------------------------------------------------------------
Finished RTL Component Statistics 
---------------------------------------------------------------------------------
---------------------------------------------------------------------------------
Start Part Resource Summary
---------------------------------------------------------------------------------
Part Resources:
DSPs: 4272 (col length:192)
BRAMs: 2160 (col length: RAMB18 192 RAMB36 96)
---------------------------------------------------------------------------------
Finished Part Resource Summary
---------------------------------------------------------------------------------
---------------------------------------------------------------------------------
Start Cross Boundary and Area Optimization
---------------------------------------------------------------------------------
WARNING: [Synth 8-7080] Parallel synthesis criteria is not met
WARNING: [Synth 8-7129] Port M00_ACLK in module design_1_ps8_0_axi_periph_1 is either unconnected or has no load
WARNING: [Synth 8-7129] Port M00_ARESETN in module design_1_ps8_0_axi_periph_1 is either unconnected or has no load
WARNING: [Synth 8-7129] Port M01_ACLK in module design_1_ps8_0_axi_periph_1 is either unconnected or has no load
WARNING: [Synth 8-7129] Port M01_ARESETN in module design_1_ps8_0_axi_periph_1 is either unconnected or has no load
WARNING: [Synth 8-7129] Port M02_ACLK in module design_1_ps8_0_axi_periph_1 is either unconnected or has no load
WARNING: [Synth 8-7129] Port M02_ARESETN in module design_1_ps8_0_axi_periph_1 is either unconnected or has no load
WARNING: [Synth 8-7129] Port M03_ACLK in module design_1_ps8_0_axi_periph_1 is either unconnected or has no load
WARNING: [Synth 8-7129] Port M03_ARESETN in module design_1_ps8_0_axi_periph_1 is either unconnected or has no load
WARNING: [Synth 8-7129] Port M04_ACLK in module design_1_ps8_0_axi_periph_1 is either unconnected or has no load
WARNING: [Synth 8-7129] Port M04_ARESETN in module design_1_ps8_0_axi_periph_1 is either unconnected or has no load
WARNING: [Synth 8-7129] Port S00_ACLK in module design_1_ps8_0_axi_periph_1 is either unconnected or has no load
WARNING: [Synth 8-7129] Port S00_ARESETN in module design_1_ps8_0_axi_periph_1 is either unconnected or has no load
WARNING: [Synth 8-7129] Port S01_ACLK in module design_1_ps8_0_axi_periph_1 is either unconnected or has no load
WARNING: [Synth 8-7129] Port S01_ARESETN in module design_1_ps8_0_axi_periph_1 is either unconnected or has no load
---------------------------------------------------------------------------------
Finished Cross Boundary and Area Optimization : Time (s): cpu = 00:00:08 ; elapsed = 00:00:08 . Memory (MB): peak = 2999.492 ; gain = 520.555 ; free physical = 20880 ; free virtual = 33978
---------------------------------------------------------------------------------
---------------------------------------------------------------------------------
Start Applying XDC Timing Constraints
---------------------------------------------------------------------------------
---------------------------------------------------------------------------------
Finished Applying XDC Timing Constraints : Time (s): cpu = 00:00:11 ; elapsed = 00:00:11 . Memory (MB): peak = 3357.742 ; gain = 878.805 ; free physical = 20569 ; free virtual = 33668
---------------------------------------------------------------------------------
---------------------------------------------------------------------------------
Start Timing Optimization
---------------------------------------------------------------------------------
---------------------------------------------------------------------------------
Finished Timing Optimization : Time (s): cpu = 00:00:11 ; elapsed = 00:00:11 . Memory (MB): peak = 3357.742 ; gain = 878.805 ; free physical = 20569 ; free virtual = 33668
---------------------------------------------------------------------------------
---------------------------------------------------------------------------------
Start Technology Mapping
---------------------------------------------------------------------------------
---------------------------------------------------------------------------------
Finished Technology Mapping : Time (s): cpu = 00:00:11 ; elapsed = 00:00:11 . Memory (MB): peak = 3368.758 ; gain = 889.820 ; free physical = 20553 ; free virtual = 33652
---------------------------------------------------------------------------------
---------------------------------------------------------------------------------
Start IO Insertion
---------------------------------------------------------------------------------
---------------------------------------------------------------------------------
Start Flattening Before IO Insertion
---------------------------------------------------------------------------------
---------------------------------------------------------------------------------
Finished Flattening Before IO Insertion
---------------------------------------------------------------------------------
---------------------------------------------------------------------------------
Start Final Netlist Cleanup
---------------------------------------------------------------------------------
---------------------------------------------------------------------------------
Finished Final Netlist Cleanup
---------------------------------------------------------------------------------
---------------------------------------------------------------------------------
Finished IO Insertion : Time (s): cpu = 00:00:12 ; elapsed = 00:00:12 . Memory (MB): peak = 3382.633 ; gain = 903.695 ; free physical = 20555 ; free virtual = 33653
---------------------------------------------------------------------------------
---------------------------------------------------------------------------------
Start Renaming Generated Instances
---------------------------------------------------------------------------------
---------------------------------------------------------------------------------
Finished Renaming Generated Instances : Time (s): cpu = 00:00:12 ; elapsed = 00:00:12 . Memory (MB): peak = 3382.633 ; gain = 903.695 ; free physical = 20555 ; free virtual = 33653
---------------------------------------------------------------------------------
---------------------------------------------------------------------------------
Start Rebuilding User Hierarchy
---------------------------------------------------------------------------------
---------------------------------------------------------------------------------
Finished Rebuilding User Hierarchy : Time (s): cpu = 00:00:12 ; elapsed = 00:00:12 . Memory (MB): peak = 3382.633 ; gain = 903.695 ; free physical = 20555 ; free virtual = 33653
---------------------------------------------------------------------------------
---------------------------------------------------------------------------------
Start Renaming Generated Ports
---------------------------------------------------------------------------------
---------------------------------------------------------------------------------
Finished Renaming Generated Ports : Time (s): cpu = 00:00:12 ; elapsed = 00:00:12 . Memory (MB): peak = 3382.633 ; gain = 903.695 ; free physical = 20555 ; free virtual = 33653
---------------------------------------------------------------------------------
---------------------------------------------------------------------------------
Start Handling Custom Attributes
---------------------------------------------------------------------------------
---------------------------------------------------------------------------------
Finished Handling Custom Attributes : Time (s): cpu = 00:00:12 ; elapsed = 00:00:12 . Memory (MB): peak = 3382.633 ; gain = 903.695 ; free physical = 20555 ; free virtual = 33653
---------------------------------------------------------------------------------
---------------------------------------------------------------------------------
Start Renaming Generated Nets
---------------------------------------------------------------------------------
---------------------------------------------------------------------------------
Finished Renaming Generated Nets : Time (s): cpu = 00:00:12 ; elapsed = 00:00:12 . Memory (MB): peak = 3382.633 ; gain = 903.695 ; free physical = 20555 ; free virtual = 33653
---------------------------------------------------------------------------------
---------------------------------------------------------------------------------
Start Writing Synthesis Report
---------------------------------------------------------------------------------

Report BlackBoxes: 
+------+-----------------------------------+----------+
|      |BlackBox name                      |Instances |
+------+-----------------------------------+----------+
|1     |design_1_adc_combiner_0_0          |         1|
|2     |design_1_axi_dma_0_0               |         1|
|3     |design_1_axi_smc_1                 |         1|
|4     |design_1_clk_wiz_0_0               |         1|
|5     |design_1_xbar_1                    |         1|
|6     |design_1_auto_ds_0                 |         1|
|7     |design_1_auto_pc_0                 |         1|
|8     |design_1_auto_ds_1                 |         1|
|9     |design_1_auto_pc_1                 |         1|
|10    |design_1_rst_clk_wiz_0_147M_0      |         1|
|11    |design_1_rst_ps8_0_99M_0           |         1|
|12    |design_1_usp_rf_data_converter_0_0 |         1|
|13    |design_1_zynq_ultra_ps_e_0_0       |         1|
+------+-----------------------------------+----------+

Report Cell Usage: 
+------+---------------------------------+------+
|      |Cell                             |Count |
+------+---------------------------------+------+
|1     |design_1_adc_combiner_0          |     1|
|2     |design_1_auto_ds                 |     2|
|4     |design_1_auto_pc                 |     2|
|6     |design_1_axi_dma_0               |     1|
|7     |design_1_axi_smc                 |     1|
|8     |design_1_clk_wiz_0               |     1|
|9     |design_1_rst_clk_wiz_0_147M      |     1|
|10    |design_1_rst_ps8_0_99M           |     1|
|11    |design_1_usp_rf_data_converter_0 |     1|
|12    |design_1_xbar                    |     1|
|13    |design_1_zynq_ultra_ps_e_0       |     1|
+------+---------------------------------+------+
---------------------------------------------------------------------------------
Finished Writing Synthesis Report : Time (s): cpu = 00:00:12 ; elapsed = 00:00:12 . Memory (MB): peak = 3382.633 ; gain = 903.695 ; free physical = 20555 ; free virtual = 33653
---------------------------------------------------------------------------------
Synthesis finished with 0 errors, 0 critical warnings and 15 warnings.
Synthesis Optimization Runtime : Time (s): cpu = 00:00:09 ; elapsed = 00:00:09 . Memory (MB): peak = 3382.633 ; gain = 827.789 ; free physical = 20555 ; free virtual = 33653
Synthesis Optimization Complete : Time (s): cpu = 00:00:12 ; elapsed = 00:00:12 . Memory (MB): peak = 3382.633 ; gain = 903.695 ; free physical = 20555 ; free virtual = 33653
INFO: [Project 1-571] Translating synthesized netlist
Netlist sorting complete. Time (s): cpu = 00:00:00.01 ; elapsed = 00:00:00 . Memory (MB): peak = 3382.633 ; gain = 0.000 ; free physical = 20848 ; free virtual = 33947
INFO: [Project 1-570] Preparing netlist for logic optimization
INFO: [Opt 31-138] Pushed 0 inverter(s) to 0 load pin(s).
Netlist sorting complete. Time (s): cpu = 00:00:00 ; elapsed = 00:00:00 . Memory (MB): peak = 3382.633 ; gain = 0.000 ; free physical = 20849 ; free virtual = 33947
INFO: [Project 1-111] Unisim Transformation Summary:
No Unisim elements were transformed.

Synth Design complete | Checksum: 826de396
INFO: [Common 17-83] Releasing license: Synthesis
69 Infos, 134 Warnings, 0 Critical Warnings and 0 Errors encountered.
synth_design completed successfully
synth_design: Time (s): cpu = 00:00:17 ; elapsed = 00:00:16 . Memory (MB): peak = 3382.633 ; gain = 1924.863 ; free physical = 20849 ; free virtual = 33947
INFO: [Common 17-2834] synth_design peak Physical Memory [PSS] (MB): overall = 2720.054; main = 2554.273; forked = 394.771
INFO: [Common 17-2834] synth_design peak Virtual Memory [VSS] (MB): overall = 4218.977; main = 3336.340; forked = 1035.941
INFO: [Common 17-1381] The checkpoint '/home/olt/ADL5960_RFSoC_VNA/VNA_Vivado_Project/VNA_Vivado_Project.runs/synth_1/design_1_wrapper.dcp' has been generated.
INFO: [Vivado 12-24828] Executing command : report_utilization -file design_1_wrapper_utilization_synth.rpt -pb design_1_wrapper_utilization_synth.pb
INFO: [Common 17-206] Exiting Vivado at Mon Nov 25 14:32:09 2024...
