
*** Running vivado
    with args -log design_1_auto_pc_2.vds -m64 -product Vivado -mode batch -messageDb vivado.pb -notrace -source design_1_auto_pc_2.tcl


****** Vivado v2024.1 (64-bit)
  **** SW Build 5076996 on Wed May 22 18:36:09 MDT 2024
  **** IP Build 5075265 on Wed May 22 21:45:21 MDT 2024
  **** SharedData Build 5076995 on Wed May 22 18:29:18 MDT 2024
  **** Start of session at: Thu Nov 14 14:45:30 2024
    ** Copyright 1986-2022 Xilinx, Inc. All Rights Reserved.
    ** Copyright 2022-2024 Advanced Micro Devices, Inc. All Rights Reserved.

source design_1_auto_pc_2.tcl -notrace
INFO: [IP_Flow 19-234] Refreshing IP repositories
INFO: [IP_Flow 19-1700] Loaded user IP repository '/home/olt/ADL5960_RFSoC_VNA/VNA_Vivado_Project/ip_repo/tlast_1_0'.
INFO: [IP_Flow 19-2313] Loaded Vivado IP repository '/tools/Xilinx/Vivado/2024.1/data/ip'.
INFO: [IP_Flow 19-6924] IPCACHE: Running cache check for IP inst: design_1_auto_pc_2
INFO: [IP_Flow 19-6922] IPCACHE: Exporting cached entry d64a0a60b34329ea to dir: /home/olt/ADL5960_RFSoC_VNA/VNA_Vivado_Project/VNA_Vivado_Project.runs/design_1_auto_pc_2_synth_1
INFO: [IP_Flow 19-6928] IPCACHE: copied cached file /home/olt/ADL5960_RFSoC_VNA/VNA_Vivado_Project/VNA_Vivado_Project.cache/ip/2024.1/d/6/d64a0a60b34329ea/design_1_auto_pc_3_sim_netlist.v to /home/olt/ADL5960_RFSoC_VNA/VNA_Vivado_Project/VNA_Vivado_Project.runs/design_1_auto_pc_2_synth_1/design_1_auto_pc_2_sim_netlist.v.
INFO: [IP_Flow 19-6928] IPCACHE: copied cached file /home/olt/ADL5960_RFSoC_VNA/VNA_Vivado_Project/VNA_Vivado_Project.cache/ip/2024.1/d/6/d64a0a60b34329ea/design_1_auto_pc_3_stub.vhdl to /home/olt/ADL5960_RFSoC_VNA/VNA_Vivado_Project/VNA_Vivado_Project.runs/design_1_auto_pc_2_synth_1/design_1_auto_pc_2_stub.vhdl.
INFO: [IP_Flow 19-6928] IPCACHE: copied cached file /home/olt/ADL5960_RFSoC_VNA/VNA_Vivado_Project/VNA_Vivado_Project.cache/ip/2024.1/d/6/d64a0a60b34329ea/design_1_auto_pc_3.dcp to /home/olt/ADL5960_RFSoC_VNA/VNA_Vivado_Project/VNA_Vivado_Project.runs/design_1_auto_pc_2_synth_1/design_1_auto_pc_2.dcp.
INFO: [IP_Flow 19-6928] IPCACHE: copied cached file /home/olt/ADL5960_RFSoC_VNA/VNA_Vivado_Project/VNA_Vivado_Project.cache/ip/2024.1/d/6/d64a0a60b34329ea/design_1_auto_pc_3_sim_netlist.vhdl to /home/olt/ADL5960_RFSoC_VNA/VNA_Vivado_Project/VNA_Vivado_Project.runs/design_1_auto_pc_2_synth_1/design_1_auto_pc_2_sim_netlist.vhdl.
INFO: [IP_Flow 19-6928] IPCACHE: copied cached file /home/olt/ADL5960_RFSoC_VNA/VNA_Vivado_Project/VNA_Vivado_Project.cache/ip/2024.1/d/6/d64a0a60b34329ea/design_1_auto_pc_3_stub.v to /home/olt/ADL5960_RFSoC_VNA/VNA_Vivado_Project/VNA_Vivado_Project.runs/design_1_auto_pc_2_synth_1/design_1_auto_pc_2_stub.v.
INFO: [IP_Flow 19-4838] Using cached IP synthesis design for IP design_1_auto_pc_2, cache-ID = d64a0a60b34329ea.
INFO: [Common 17-206] Exiting Vivado at Thu Nov 14 14:45:36 2024...
