# Copyright (C) 1994-2023, Concept Engineering GmbH.
# All Rights Reserved.  Cmd=logfile.
# Nlview 7.7.1 2023-07-26 3bc4126617 VDI=43 GEI=38 GUI=JA:21.0 TLS
# License cookie [G|T|S|B|*] for HR="Xilinx Inc."
# -----------------------------------------------------------------------------
# property -colorscheme classic
# -----------------------------------------------------------------------------
property attrfontsize 8
property fillcolor1
#R #441133
property fillcolor5
#R #651b4d
property -colorscheme lightblue
property shadowstyle 1
property showpinname 5
property showcellname 1
property showattribute 1
property showinstname 1
property boxminwidth 40
property boxminheight 40
#CMD bind stroke-1 -action {}
#CMD bind stroke-nw-1 -action callback -echo_type line -echo_text {Zoom fit}
#CMD bind stroke-nw-1 -action zoom_fit -echo_type line -echo_text {Zoom fit}
#CMD bind stroke-ne-1 -action zoom_out -echo_type line -echo_text {Zoom -%z}
#CMD bind stroke-se-1 -action zoom_in -echo_type rectangle -autoscroll -echo_text {Zoom area}
#CMD bind stroke-sw-1 -action zoom_in2 -echo_type line -echo_text {Zoom +%z}
module new rfconverter -nosplit
#  * Current module is rfconverter 
load symbol TILE_SYMBOL v HIERBOX port tilePin in port pllTilePin in
increment -const
load symbol TILE_PLL syn HIERGEN port LEFT in.left.sq port RIGHT out.right.sq attrdsp @cell -lc 50 50 14
load symbol TILE_TYPE syn HIERGEN port LEFT in.left.sq attrdsp @cell -lc 50 50 14
load inst Tile_224 TILE_SYMBOL v -pg 1 -y 1 -x 1 -resize 200 200 -autohide -attr @cell Tile_224 -attr @name {} -attr @fillcolor #f9f7f7
attribute {pin Tile_224 tilePin } -attr @name {}
attribute {hierPin Tile_224 tilePin } -attr @name {}
attribute {pin Tile_224 pllTilePin } -attr @name {}
attribute {hierPin Tile_224 pllTilePin } -attr @name {}
load port Tile_224_clk in -pg 1 -y 10 -x 1 -attr @fillcolor #3a5fcd
load inst Tile_224_PLL TILE_PLL syn -hier Tile_224 -pg 1 -y 1 -x 11 -resize 80 80 -attr @cell PLL -attr @name {} -attr @fillcolor #ffffff
attribute {pin Tile_224_PLL LEFT} -attr @name {}
attribute {pin Tile_224_PLL RIGHT} -attr @name {}
attribute {pin Tile_224_PLL LEFT} -attr @fillcolor #ffffff
attribute {pin Tile_224_PLL RIGHT} -attr @fillcolor #ffffff
load inst Tile_224_Type TILE_TYPE syn -hier Tile_224 -pg 1 -y 1 -x 100 -resize 80 80 -attr @cell ADC -attr @name {} -attr @fillcolor #ffffff
attribute {pin Tile_224_Type LEFT} -attr @name {}
attribute {pin Tile_224_Type LEFT} -attr @fillcolor #ffffff
load inst Tile_225 TILE_SYMBOL v -pg 1 -y 2 -x 1 -resize 200 200 -autohide -attr @cell Tile_225 -attr @name {} -attr @fillcolor #f9f7f7
attribute {pin Tile_225 tilePin } -attr @name {}
attribute {hierPin Tile_225 tilePin } -attr @name {}
attribute {pin Tile_225 pllTilePin } -attr @name {}
attribute {hierPin Tile_225 pllTilePin } -attr @name {}
load port Tile_225_clk in -pg 1 -y 170 -x 1 -attr @fillcolor #3a5fcd
load inst Tile_225_PLL TILE_PLL syn -hier Tile_225 -pg 1 -y 1 -x 11 -resize 80 80 -attr @cell PLL -attr @name {} -attr @fillcolor #ffffff
attribute {pin Tile_225_PLL LEFT} -attr @name {}
attribute {pin Tile_225_PLL RIGHT} -attr @name {}
attribute {pin Tile_225_PLL LEFT} -attr @fillcolor #ffffff
attribute {pin Tile_225_PLL RIGHT} -attr @fillcolor #ffffff
load inst Tile_225_Type TILE_TYPE syn -hier Tile_225 -pg 1 -y 1 -x 100 -resize 80 80 -attr @cell ADC -attr @name {} -attr @fillcolor #ffffff
attribute {pin Tile_225_Type LEFT} -attr @name {}
attribute {pin Tile_225_Type LEFT} -attr @fillcolor #ffffff
load inst Tile_226 TILE_SYMBOL v -pg 1 -y 3 -x 1 -resize 200 200 -autohide -attr @cell Tile_226 -attr @name {} -attr @fillcolor #f9f7f7
attribute {pin Tile_226 tilePin } -attr @name {}
attribute {hierPin Tile_226 tilePin } -attr @name {}
attribute {pin Tile_226 pllTilePin } -attr @name {}
attribute {hierPin Tile_226 pllTilePin } -attr @name {}
load port Tile_226_clk in -pg 1 -y 330 -x 1 -attr @fillcolor #3a5fcd
load inst Tile_226_PLL TILE_PLL syn -hier Tile_226 -pg 1 -y 1 -x 11 -resize 80 80 -attr @cell PLL -attr @name {} -attr @fillcolor #ffffff
attribute {pin Tile_226_PLL LEFT} -attr @name {}
attribute {pin Tile_226_PLL RIGHT} -attr @name {}
attribute {pin Tile_226_PLL LEFT} -attr @fillcolor #ffffff
attribute {pin Tile_226_PLL RIGHT} -attr @fillcolor #ffffff
load inst Tile_226_Type TILE_TYPE syn -hier Tile_226 -pg 1 -y 1 -x 100 -resize 80 80 -attr @cell ADC -attr @name {} -attr @fillcolor #ffffff
attribute {pin Tile_226_Type LEFT} -attr @name {}
attribute {pin Tile_226_Type LEFT} -attr @fillcolor #ffffff
load inst Tile_227 TILE_SYMBOL v -pg 1 -y 4 -x 1 -resize 200 200 -autohide -attr @cell Tile_227 -attr @name {} -attr @fillcolor #f9f7f7
attribute {pin Tile_227 tilePin } -attr @name {}
attribute {hierPin Tile_227 tilePin } -attr @name {}
attribute {pin Tile_227 pllTilePin } -attr @name {}
attribute {hierPin Tile_227 pllTilePin } -attr @name {}
load port Tile_227_clk in -pg 1 -y 490 -x 1 -attr @fillcolor #3a5fcd
load inst Tile_227_PLL TILE_PLL syn -hier Tile_227 -pg 1 -y 1 -x 11 -resize 80 80 -attr @cell PLL -attr @name {} -attr @fillcolor #ffffff
attribute {pin Tile_227_PLL LEFT} -attr @name {}
attribute {pin Tile_227_PLL RIGHT} -attr @name {}
attribute {pin Tile_227_PLL LEFT} -attr @fillcolor #ffffff
attribute {pin Tile_227_PLL RIGHT} -attr @fillcolor #ffffff
load inst Tile_227_Type TILE_TYPE syn -hier Tile_227 -pg 1 -y 1 -x 100 -resize 80 80 -attr @cell ADC -attr @name {} -attr @fillcolor #ffffff
attribute {pin Tile_227_Type LEFT} -attr @name {}
attribute {pin Tile_227_Type LEFT} -attr @fillcolor #ffffff
load inst Tile_228 TILE_SYMBOL v -pg 1 -y 5 -x 1 -resize 200 200 -autohide -attr @cell Tile_228 -attr @name {} -attr @fillcolor #f9f7f7
attribute {pin Tile_228 tilePin } -attr @name {}
attribute {hierPin Tile_228 tilePin } -attr @name {}
attribute {pin Tile_228 pllTilePin } -attr @name {}
attribute {hierPin Tile_228 pllTilePin } -attr @name {}
load port Tile_228_clk in -pg 1 -y 650 -x 1 -attr @fillcolor #3a5fcd
load inst Tile_228_PLL TILE_PLL syn -hier Tile_228 -pg 1 -y 1 -x 11 -resize 80 80 -attr @cell PLL -attr @name {} -attr @fillcolor #ffffff
attribute {pin Tile_228_PLL LEFT} -attr @name {}
attribute {pin Tile_228_PLL RIGHT} -attr @name {}
attribute {pin Tile_228_PLL LEFT} -attr @fillcolor #ffffff
attribute {pin Tile_228_PLL RIGHT} -attr @fillcolor #ffffff
load inst Tile_228_Type TILE_TYPE syn -hier Tile_228 -pg 1 -y 1 -x 100 -resize 80 80 -attr @cell DAC -attr @name {} -attr @fillcolor #ffffff
attribute {pin Tile_228_Type LEFT} -attr @name {}
attribute {pin Tile_228_Type LEFT} -attr @fillcolor #ffffff
load inst Tile_229 TILE_SYMBOL v -pg 1 -y 6 -x 1 -resize 200 200 -autohide -attr @cell Tile_229 -attr @name {} -attr @fillcolor #f9f7f7
attribute {pin Tile_229 tilePin } -attr @name {}
attribute {hierPin Tile_229 tilePin } -attr @name {}
attribute {pin Tile_229 pllTilePin } -attr @name {}
attribute {hierPin Tile_229 pllTilePin } -attr @name {}
load port Tile_229_clk in -pg 1 -y 810 -x 1 -attr @fillcolor #3a5fcd
load inst Tile_229_PLL TILE_PLL syn -hier Tile_229 -pg 1 -y 1 -x 11 -resize 80 80 -attr @cell PLL -attr @name {} -attr @fillcolor #ffffff
attribute {pin Tile_229_PLL LEFT} -attr @name {}
attribute {pin Tile_229_PLL RIGHT} -attr @name {}
attribute {pin Tile_229_PLL LEFT} -attr @fillcolor #ffffff
attribute {pin Tile_229_PLL RIGHT} -attr @fillcolor #ffffff
load inst Tile_229_Type TILE_TYPE syn -hier Tile_229 -pg 1 -y 1 -x 100 -resize 80 80 -attr @cell DAC -attr @name {} -attr @fillcolor #ffffff
attribute {pin Tile_229_Type LEFT} -attr @name {}
attribute {pin Tile_229_Type LEFT} -attr @fillcolor #ffffff
load inst Tile_230 TILE_SYMBOL v -pg 1 -y 7 -x 1 -resize 200 200 -autohide -attr @cell Tile_230 -attr @name {} -attr @fillcolor #f9f7f7
attribute {pin Tile_230 tilePin } -attr @name {}
attribute {hierPin Tile_230 tilePin } -attr @name {}
attribute {pin Tile_230 pllTilePin } -attr @name {}
attribute {hierPin Tile_230 pllTilePin } -attr @name {}
load port Tile_230_clk in -pg 1 -y 970 -x 1 -attr @fillcolor #3a5fcd
load inst Tile_230_PLL TILE_PLL syn -hier Tile_230 -pg 1 -y 1 -x 11 -resize 80 80 -attr @cell PLL -attr @name {} -attr @fillcolor #ffffff
attribute {pin Tile_230_PLL LEFT} -attr @name {}
attribute {pin Tile_230_PLL RIGHT} -attr @name {}
attribute {pin Tile_230_PLL LEFT} -attr @fillcolor #ffffff
attribute {pin Tile_230_PLL RIGHT} -attr @fillcolor #ffffff
load inst Tile_230_Type TILE_TYPE syn -hier Tile_230 -pg 1 -y 1 -x 100 -resize 80 80 -attr @cell DAC -attr @name {} -attr @fillcolor #ffffff
attribute {pin Tile_230_Type LEFT} -attr @name {}
attribute {pin Tile_230_Type LEFT} -attr @fillcolor #ffffff
load inst Tile_231 TILE_SYMBOL v -pg 1 -y 8 -x 1 -resize 200 200 -autohide -attr @cell Tile_231 -attr @name {} -attr @fillcolor #f9f7f7
attribute {pin Tile_231 tilePin } -attr @name {}
attribute {hierPin Tile_231 tilePin } -attr @name {}
attribute {pin Tile_231 pllTilePin } -attr @name {}
attribute {hierPin Tile_231 pllTilePin } -attr @name {}
load port Tile_231_clk in -pg 1 -y 1130 -x 1 -attr @fillcolor #3a5fcd
load inst Tile_231_PLL TILE_PLL syn -hier Tile_231 -pg 1 -y 1 -x 11 -resize 80 80 -attr @cell PLL -attr @name {} -attr @fillcolor #ffffff
attribute {pin Tile_231_PLL LEFT} -attr @name {}
attribute {pin Tile_231_PLL RIGHT} -attr @name {}
attribute {pin Tile_231_PLL LEFT} -attr @fillcolor #ffffff
attribute {pin Tile_231_PLL RIGHT} -attr @fillcolor #ffffff
load inst Tile_231_Type TILE_TYPE syn -hier Tile_231 -pg 1 -y 1 -x 100 -resize 80 80 -attr @cell DAC -attr @name {} -attr @fillcolor #ffffff
attribute {pin Tile_231_Type LEFT} -attr @name {}
attribute {pin Tile_231_Type LEFT} -attr @fillcolor #ffffff
show
# Starting Split Pages                                                   64.31
# NoSplit 32 Comps, 0 Nets 0 NetBundles                                  64.31
# End of Split Pages                                                     64.31
# Generating Regions for Page 1:   32 Comps,    0 Nets                   64.31
# Analyze                                                                64.31
# Levelize                                                               64.31
# End of LevelAssign mode=I, 3 Levels, 2 Comps, limit=30000              64.31
# Nets                                                                   64.31
# Place                                                                  64.31
# PlaceNets                                                              64.31
# SpaceY                                                                 64.31
# Track                                                                  64.31
# SpaceX                                                                 64.31
# Wire                                                                   64.31
# End of Wire: 0 nets, 0 ch, wire: 0-->0 (0 with wbits)                  64.31
# End of doGenerate                                                      64.31
# Analyze                                                                64.31
# Levelize                                                               64.31
# End of LevelAssign mode=I, 3 Levels, 2 Comps, limit=30000              64.31
# Nets                                                                   64.31
# Place                                                                  64.31
# PlaceNets                                                              64.31
# SpaceY                                                                 64.31
# Track                                                                  64.31
# SpaceX                                                                 64.31
# Wire                                                                   64.31
# End of Wire: 0 nets, 0 ch, wire: 0-->0 (0 with wbits)                  64.31
# End of doGenerate                                                      64.31
# Analyze                                                                64.31
# Levelize                                                               64.31
# End of LevelAssign mode=I, 3 Levels, 2 Comps, limit=30000              64.31
# Nets                                                                   64.31
# Place                                                                  64.31
# PlaceNets                                                              64.31
# SpaceY                                                                 64.31
# Track                                                                  64.31
# SpaceX                                                                 64.31
# Wire                                                                   64.31
# End of Wire: 0 nets, 0 ch, wire: 0-->0 (0 with wbits)                  64.31
# End of doGenerate                                                      64.31
# Analyze                                                                64.31
# Levelize                                                               64.31
# End of LevelAssign mode=I, 3 Levels, 2 Comps, limit=30000              64.31
# Nets                                                                   64.31
# Place                                                                  64.31
# PlaceNets                                                              64.31
# SpaceY                                                                 64.31
# Track                                                                  64.31
# SpaceX                                                                 64.31
# Wire                                                                   64.31
# End of Wire: 0 nets, 0 ch, wire: 0-->0 (0 with wbits)                  64.31
# End of doGenerate                                                      64.31
# Analyze                                                                64.31
# Levelize                                                               64.31
# End of LevelAssign mode=I, 3 Levels, 2 Comps, limit=30000              64.31
# Nets                                                                   64.31
# Place                                                                  64.31
# PlaceNets                                                              64.31
# SpaceY                                                                 64.31
# Track                                                                  64.31
# SpaceX                                                                 64.31
# Wire                                                                   64.31
# End of Wire: 0 nets, 0 ch, wire: 0-->0 (0 with wbits)                  64.31
# End of doGenerate                                                      64.31
# Analyze                                                                64.31
# Levelize                                                               64.31
# End of LevelAssign mode=I, 3 Levels, 2 Comps, limit=30000              64.31
# Nets                                                                   64.31
# Place                                                                  64.31
# PlaceNets                                                              64.31
# SpaceY                                                                 64.31
# Track                                                                  64.31
# SpaceX                                                                 64.31
# Wire                                                                   64.31
# End of Wire: 0 nets, 0 ch, wire: 0-->0 (0 with wbits)                  64.31
# End of doGenerate                                                      64.31
# Analyze                                                                64.31
# Levelize                                                               64.31
# End of LevelAssign mode=I, 3 Levels, 2 Comps, limit=30000              64.31
# Nets                                                                   64.31
# Place                                                                  64.31
# PlaceNets                                                              64.31
# SpaceY                                                                 64.31
# Track                                                                  64.31
# SpaceX                                                                 64.31
# Wire                                                                   64.31
# End of Wire: 0 nets, 0 ch, wire: 0-->0 (0 with wbits)                  64.31
# End of doGenerate                                                      64.31
# Analyze                                                                64.31
# Levelize                                                               64.31
# End of LevelAssign mode=I, 3 Levels, 2 Comps, limit=30000              64.31
# Nets                                                                   64.31
# Place                                                                  64.31
# PlaceNets                                                              64.31
# SpaceY                                                                 64.31
# Track                                                                  64.31
# SpaceX                                                                 64.31
# Wire                                                                   64.31
# End of Wire: 0 nets, 0 ch, wire: 0-->0 (0 with wbits)                  64.31
# End of doGenerate                                                      64.31
# Analyze                                                                64.31
# Levelize                                                               64.31
# End of LevelAssign mode=I, 2 Levels, 16 Comps, limit=30000             64.31
# Nets                                                                   64.31
# Place                                                                  64.31
# PlaceNets                                                              64.31
# SpaceY                                                                 64.31
# Track                                                                  64.31
# SpaceX                                                                 64.31
# Wire                                                                   64.31
# End of Wire: 0 nets, 0 ch, wire: 0-->0 (0 with wbits)                  64.31
# End of doGenerate                                                      64.31
# End of Generating Regions for Page 1                                   64.31
scrollpos 44 460
zoom -x 0 -y 0 0.5
scrollpos 28 288
#R 0.5
#CMD scrollpos 0 0
scrollpos 0 0
increment -const
load net Tile_224.clk.tile.net -port Tile_224_clk -pin Tile_224 tilePin
load net Tile_224.clk.tile.pll.net -hierPin Tile_224 tilePin -pin Tile_224_PLL LEFT
load net Tile_224.clk.tile.pll.type.net -pin Tile_224_PLL RIGHT -pin Tile_224_Type LEFT
load net Tile_226.clk.tile.net -port Tile_226_clk -pin Tile_226 tilePin
load net Tile_226.clk.tile.pll.net -hierPin Tile_226 tilePin -pin Tile_226_PLL LEFT
load net Tile_226.clk.tile.pll.type.net -pin Tile_226_PLL RIGHT -pin Tile_226_Type LEFT
show
# Starting Split Pages                                                   64.93
# NoSplit 32 Comps, 6 Nets 0 NetBundles                                  64.93
# End of Split Pages                                                     64.93
# Generating Regions for Page 1:   32 Comps,    6 Nets                   64.93
# Analyze                                                                64.93
# Levelize                                                               64.93
# End of LevelAssign mode=I, 3 Levels, 2 Comps, limit=30000              64.93
# Nets                                                                   64.93
# Place                                                                  64.93
# PlaceNets                                                              64.93
# SpaceY                                                                 64.93
# Track                                                                  64.93
# SpaceX                                                                 64.93
# Wire                                                                   64.93
# End of Wire: 0 nets, 0 ch, wire: 0-->0 (0 with wbits)                  64.93
# End of doGenerate                                                      64.93
# Analyze                                                                64.93
# Levelize                                                               64.93
# End of LevelAssign mode=I, 3 Levels, 2 Comps, limit=30000              64.93
# Nets                                                                   64.93
# Place                                                                  64.93
# PlaceNets                                                              64.93
# SpaceY                                                                 64.93
# Track                                                                  64.93
# SpaceX                                                                 64.93
# Wire                                                                   64.93
# End of Wire: 0 nets, 0 ch, wire: 0-->0 (0 with wbits)                  64.93
# End of doGenerate                                                      64.93
# Analyze                                                                64.93
# Levelize                                                               64.93
# End of LevelAssign mode=I, 3 Levels, 2 Comps, limit=30000              64.93
# Nets                                                                   64.93
# Place                                                                  64.93
# PlaceNets                                                              64.93
# SpaceY                                                                 64.93
# Track                                                                  64.93
# SpaceX                                                                 64.93
# Wire                                                                   64.93
# End of Wire: 0 nets, 0 ch, wire: 0-->0 (0 with wbits)                  64.93
# End of doGenerate                                                      64.93
# Analyze                                                                64.93
# Levelize                                                               64.93
# End of LevelAssign mode=I, 3 Levels, 2 Comps, limit=30000              64.93
# Nets                                                                   64.93
# Place                                                                  64.93
# PlaceNets                                                              64.93
# SpaceY                                                                 64.93
# Track                                                                  64.93
# SpaceX                                                                 64.93
# Wire                                                                   64.93
# End of Wire: 0 nets, 0 ch, wire: 0-->0 (0 with wbits)                  64.93
# End of doGenerate                                                      64.93
# Analyze                                                                64.93
# Levelize                                                               64.93
# End of LevelAssign mode=I, 3 Levels, 2 Comps, limit=30000              64.93
# Nets                                                                   64.93
# Place                                                                  64.93
# PlaceNets                                                              64.93
# SpaceY                                                                 64.93
# Track                                                                  64.93
# SpaceX                                                                 64.93
# Wire                                                                   64.93
# End of Wire: 0 nets, 0 ch, wire: 0-->0 (0 with wbits)                  64.93
# End of doGenerate                                                      64.93
# Analyze                                                                64.93
# Levelize                                                               64.93
# End of LevelAssign mode=I, 3 Levels, 3 Comps, limit=30000              64.93
# Nets                                                                   64.93
# Place                                                                  64.93
# PlaceNets                                                              64.93
# SpaceY                                                                 64.93
# Track                                                                  64.93
# SpaceX                                                                 64.93
# Wire                                                                   64.93
# End of Wire: 2 nets, 2 ch, wire: 4-->4 (0 with wbits)                  64.93
# End of doGenerate                                                      64.93
# Analyze                                                                64.93
# Levelize                                                               64.93
# End of LevelAssign mode=I, 3 Levels, 2 Comps, limit=30000              64.93
# Nets                                                                   64.93
# Place                                                                  64.93
# PlaceNets                                                              64.93
# SpaceY                                                                 64.93
# Track                                                                  64.93
# SpaceX                                                                 64.93
# Wire                                                                   64.93
# End of Wire: 0 nets, 0 ch, wire: 0-->0 (0 with wbits)                  64.93
# End of doGenerate                                                      64.93
# Analyze                                                                64.93
# Levelize                                                               64.93
# End of LevelAssign mode=I, 3 Levels, 3 Comps, limit=30000              64.93
# Nets                                                                   64.93
# Place                                                                  64.93
# PlaceNets                                                              64.93
# SpaceY                                                                 64.93
# Track                                                                  64.93
# SpaceX                                                                 64.93
# Wire                                                                   64.93
# End of Wire: 2 nets, 2 ch, wire: 4-->4 (0 with wbits)                  64.93
# End of doGenerate                                                      64.93
# Analyze                                                                64.93
# Levelize                                                               64.93
# End of LevelAssign mode=I, 2 Levels, 16 Comps, limit=30000             64.93
# Nets                                                                   64.93
# Place                                                                  64.93
# PlaceNets                                                              64.93
# SpaceY                                                                 64.93
# Track                                                                  64.93
# SpaceX                                                                 64.93
# Wire                                                                   64.93
# End of Wire: 2 nets, 2 ch, wire: 8-->8 (0 with wbits)                  64.93
# End of doGenerate                                                      64.93
# End of Generating Regions for Page 1                                   64.93
scrollpos -168 -339
scrollpos -168 -338
fullfit
scrollpos -122 -33
scrollpos -122 -33
scrollpos -127 -34
increment -const
unload net Tile_224.clk.tile.pll.type.net
increment -const
unload net Tile_226.clk.tile.pll.type.net
increment -const
unload net Tile_226.clk.tile.pll.net
increment -const
unload net Tile_226.clk.tile.net
increment -const
unload net Tile_224.clk.tile.net
increment -const
unload net Tile_224.clk.tile.pll.net
increment -const
load net Tile_224.clk.tile.net -port Tile_224_clk -pin Tile_224 tilePin
load net Tile_224.clk.tile.pll.net -hierPin Tile_224 tilePin -pin Tile_224_PLL LEFT
load net Tile_224.clk.tile.pll.type.net -pin Tile_224_PLL RIGHT -pin Tile_224_Type LEFT
load net Tile_226.clk.tile.net -port Tile_226_clk -pin Tile_226 tilePin
load net Tile_226.clk.tile.pll.net -hierPin Tile_226 tilePin -pin Tile_226_PLL LEFT
load net Tile_226.clk.tile.pll.type.net -pin Tile_226_PLL RIGHT -pin Tile_226_Type LEFT
show
# Starting Split Pages                                                   70.02
# NoSplit 32 Comps, 6 Nets 0 NetBundles                                  70.02
# End of Split Pages                                                     70.02
# Generating Regions for Page 1:   32 Comps,    6 Nets                   70.02
# Analyze                                                                70.02
# Levelize                                                               70.02
# End of LevelAssign mode=I, 3 Levels, 2 Comps, limit=30000              70.02
# Nets                                                                   70.02
# Place                                                                  70.02
# PlaceNets                                                              70.02
# SpaceY                                                                 70.02
# Track                                                                  70.02
# SpaceX                                                                 70.02
# Wire                                                                   70.02
# End of Wire: 0 nets, 0 ch, wire: 0-->0 (0 with wbits)                  70.02
# End of doGenerate                                                      70.02
# Analyze                                                                70.02
# Levelize                                                               70.02
# End of LevelAssign mode=I, 3 Levels, 2 Comps, limit=30000              70.02
# Nets                                                                   70.02
# Place                                                                  70.02
# PlaceNets                                                              70.02
# SpaceY                                                                 70.02
# Track                                                                  70.02
# SpaceX                                                                 70.02
# Wire                                                                   70.02
# End of Wire: 0 nets, 0 ch, wire: 0-->0 (0 with wbits)                  70.02
# End of doGenerate                                                      70.02
# Analyze                                                                70.02
# Levelize                                                               70.02
# End of LevelAssign mode=I, 3 Levels, 2 Comps, limit=30000              70.02
# Nets                                                                   70.02
# Place                                                                  70.02
# PlaceNets                                                              70.02
# SpaceY                                                                 70.02
# Track                                                                  70.02
# SpaceX                                                                 70.02
# Wire                                                                   70.02
# End of Wire: 0 nets, 0 ch, wire: 0-->0 (0 with wbits)                  70.02
# End of doGenerate                                                      70.02
# Analyze                                                                70.02
# Levelize                                                               70.02
# End of LevelAssign mode=I, 3 Levels, 2 Comps, limit=30000              70.02
# Nets                                                                   70.02
# Place                                                                  70.02
# PlaceNets                                                              70.02
# SpaceY                                                                 70.02
# Track                                                                  70.02
# SpaceX                                                                 70.02
# Wire                                                                   70.02
# End of Wire: 0 nets, 0 ch, wire: 0-->0 (0 with wbits)                  70.02
# End of doGenerate                                                      70.02
# Analyze                                                                70.02
# Levelize                                                               70.02
# End of LevelAssign mode=I, 3 Levels, 2 Comps, limit=30000              70.02
# Nets                                                                   70.02
# Place                                                                  70.02
# PlaceNets                                                              70.02
# SpaceY                                                                 70.02
# Track                                                                  70.02
# SpaceX                                                                 70.02
# Wire                                                                   70.02
# End of Wire: 0 nets, 0 ch, wire: 0-->0 (0 with wbits)                  70.02
# End of doGenerate                                                      70.02
# Analyze                                                                70.02
# Levelize                                                               70.02
# End of LevelAssign mode=I, 3 Levels, 3 Comps, limit=30000              70.02
# Nets                                                                   70.02
# Place                                                                  70.02
# PlaceNets                                                              70.02
# SpaceY                                                                 70.02
# Track                                                                  70.02
# SpaceX                                                                 70.02
# Wire                                                                   70.02
# End of Wire: 2 nets, 2 ch, wire: 4-->4 (0 with wbits)                  70.02
# End of doGenerate                                                      70.02
# Analyze                                                                70.02
# Levelize                                                               70.02
# End of LevelAssign mode=I, 3 Levels, 2 Comps, limit=30000              70.02
# Nets                                                                   70.02
# Place                                                                  70.02
# PlaceNets                                                              70.02
# SpaceY                                                                 70.02
# Track                                                                  70.02
# SpaceX                                                                 70.02
# Wire                                                                   70.02
# End of Wire: 0 nets, 0 ch, wire: 0-->0 (0 with wbits)                  70.02
# End of doGenerate                                                      70.02
# Analyze                                                                70.02
# Levelize                                                               70.02
# End of LevelAssign mode=I, 3 Levels, 3 Comps, limit=30000              70.02
# Nets                                                                   70.02
# Place                                                                  70.02
# PlaceNets                                                              70.02
# SpaceY                                                                 70.02
# Track                                                                  70.02
# SpaceX                                                                 70.02
# Wire                                                                   70.02
# End of Wire: 2 nets, 2 ch, wire: 4-->4 (0 with wbits)                  70.02
# End of doGenerate                                                      70.02
# Analyze                                                                70.02
# Levelize                                                               70.02
# End of LevelAssign mode=I, 2 Levels, 16 Comps, limit=30000             70.02
# Nets                                                                   70.02
# Place                                                                  70.02
# PlaceNets                                                              70.02
# SpaceY                                                                 70.02
# Track                                                                  70.02
# SpaceX                                                                 70.03
# Wire                                                                   70.03
# End of Wire: 2 nets, 2 ch, wire: 8-->8 (0 with wbits)                  70.03
# End of doGenerate                                                      70.03
# End of Generating Regions for Page 1                                   70.03
scrollpos -127 -33
increment -const
unload net Tile_224.clk.tile.pll.type.net
increment -const
unload net Tile_226.clk.tile.pll.type.net
increment -const
unload net Tile_226.clk.tile.pll.net
increment -const
unload net Tile_226.clk.tile.net
increment -const
unload net Tile_224.clk.tile.net
increment -const
unload net Tile_224.clk.tile.pll.net
increment -const
load net Tile_224.clk.tile.net -port Tile_224_clk -pin Tile_224 tilePin
load net Tile_224.clk.tile.pll.net -hierPin Tile_224 tilePin -pin Tile_224_PLL LEFT
load net Tile_224.clk.tile.pll.type.net -pin Tile_224_PLL RIGHT -pin Tile_224_Type LEFT
load net Tile_226.clk.tile.net -port Tile_226_clk -pin Tile_226 tilePin
load net Tile_226.clk.tile.pll.net -hierPin Tile_226 tilePin -pin Tile_226_PLL LEFT
load net Tile_226.clk.tile.pll.type.net -pin Tile_226_PLL RIGHT -pin Tile_226_Type LEFT
show
# Starting Split Pages                                                   70.56
# NoSplit 32 Comps, 6 Nets 0 NetBundles                                  70.56
# End of Split Pages                                                     70.56
# Generating Regions for Page 1:   32 Comps,    6 Nets                   70.56
# Analyze                                                                70.56
# Levelize                                                               70.56
# End of LevelAssign mode=I, 3 Levels, 2 Comps, limit=30000              70.56
# Nets                                                                   70.56
# Place                                                                  70.56
# PlaceNets                                                              70.56
# SpaceY                                                                 70.56
# Track                                                                  70.56
# SpaceX                                                                 70.56
# Wire                                                                   70.56
# End of Wire: 0 nets, 0 ch, wire: 0-->0 (0 with wbits)                  70.56
# End of doGenerate                                                      70.56
# Analyze                                                                70.56
# Levelize                                                               70.56
# End of LevelAssign mode=I, 3 Levels, 2 Comps, limit=30000              70.56
# Nets                                                                   70.56
# Place                                                                  70.56
# PlaceNets                                                              70.56
# SpaceY                                                                 70.56
# Track                                                                  70.56
# SpaceX                                                                 70.56
# Wire                                                                   70.56
# End of Wire: 0 nets, 0 ch, wire: 0-->0 (0 with wbits)                  70.56
# End of doGenerate                                                      70.56
# Analyze                                                                70.56
# Levelize                                                               70.56
# End of LevelAssign mode=I, 3 Levels, 2 Comps, limit=30000              70.56
# Nets                                                                   70.56
# Place                                                                  70.56
# PlaceNets                                                              70.56
# SpaceY                                                                 70.56
# Track                                                                  70.56
# SpaceX                                                                 70.56
# Wire                                                                   70.56
# End of Wire: 0 nets, 0 ch, wire: 0-->0 (0 with wbits)                  70.56
# End of doGenerate                                                      70.56
# Analyze                                                                70.56
# Levelize                                                               70.56
# End of LevelAssign mode=I, 3 Levels, 2 Comps, limit=30000              70.56
# Nets                                                                   70.56
# Place                                                                  70.56
# PlaceNets                                                              70.56
# SpaceY                                                                 70.56
# Track                                                                  70.56
# SpaceX                                                                 70.56
# Wire                                                                   70.56
# End of Wire: 0 nets, 0 ch, wire: 0-->0 (0 with wbits)                  70.56
# End of doGenerate                                                      70.56
# Analyze                                                                70.56
# Levelize                                                               70.56
# End of LevelAssign mode=I, 3 Levels, 2 Comps, limit=30000              70.56
# Nets                                                                   70.56
# Place                                                                  70.56
# PlaceNets                                                              70.56
# SpaceY                                                                 70.56
# Track                                                                  70.56
# SpaceX                                                                 70.56
# Wire                                                                   70.56
# End of Wire: 0 nets, 0 ch, wire: 0-->0 (0 with wbits)                  70.56
# End of doGenerate                                                      70.56
# Analyze                                                                70.56
# Levelize                                                               70.56
# End of LevelAssign mode=I, 3 Levels, 3 Comps, limit=30000              70.56
# Nets                                                                   70.56
# Place                                                                  70.56
# PlaceNets                                                              70.56
# SpaceY                                                                 70.56
# Track                                                                  70.56
# SpaceX                                                                 70.56
# Wire                                                                   70.56
# End of Wire: 2 nets, 2 ch, wire: 4-->4 (0 with wbits)                  70.56
# End of doGenerate                                                      70.56
# Analyze                                                                70.56
# Levelize                                                               70.56
# End of LevelAssign mode=I, 3 Levels, 2 Comps, limit=30000              70.56
# Nets                                                                   70.56
# Place                                                                  70.56
# PlaceNets                                                              70.56
# SpaceY                                                                 70.56
# Track                                                                  70.56
# SpaceX                                                                 70.56
# Wire                                                                   70.56
# End of Wire: 0 nets, 0 ch, wire: 0-->0 (0 with wbits)                  70.56
# End of doGenerate                                                      70.56
# Analyze                                                                70.56
# Levelize                                                               70.56
# End of LevelAssign mode=I, 3 Levels, 3 Comps, limit=30000              70.56
# Nets                                                                   70.56
# Place                                                                  70.56
# PlaceNets                                                              70.56
# SpaceY                                                                 70.56
# Track                                                                  70.56
# SpaceX                                                                 70.56
# Wire                                                                   70.56
# End of Wire: 2 nets, 2 ch, wire: 4-->4 (0 with wbits)                  70.56
# End of doGenerate                                                      70.56
# Analyze                                                                70.56
# Levelize                                                               70.56
# End of LevelAssign mode=I, 2 Levels, 16 Comps, limit=30000             70.56
# Nets                                                                   70.56
# Place                                                                  70.56
# PlaceNets                                                              70.56
# SpaceY                                                                 70.56
# Track                                                                  70.56
# SpaceX                                                                 70.56
# Wire                                                                   70.56
# End of Wire: 2 nets, 2 ch, wire: 8-->8 (0 with wbits)                  70.56
# End of doGenerate                                                      70.56
# End of Generating Regions for Page 1                                   70.56
