#-----------------------------------------------------------
# Vivado v2024.1 (64-bit)
# SW Build 5076996 on Wed May 22 18:36:09 MDT 2024
# IP Build 5075265 on Wed May 22 21:45:21 MDT 2024
# SharedData Build 5076995 on Wed May 22 18:29:18 MDT 2024
# Start of session at: Sun Dec  8 16:36:39 2024
# Process ID: 38441
# Current directory: /home/akeirn/Documents/ADL5960_RFSoC_VNA
# Command line: vivado
# Log file: /home/akeirn/Documents/ADL5960_RFSoC_VNA/vivado.log
# Journal file: /home/akeirn/Documents/ADL5960_RFSoC_VNA/vivado.jou
# Running On        :eecs-digital-27
# Platform          :Ubuntu
# Operating System  :Ubuntu 24.04.1 LTS
# Processor Detail  :13th Gen Intel(R) Core(TM) i7-13700
# CPU Frequency     :2949.142 MHz
# CPU Physical cores:16
# CPU Logical cores :24
# Host memory       :33325 MB
# Swap memory       :8589 MB
# Total Virtual     :41915 MB
# Available Virtual :37228 MB
#-----------------------------------------------------------
start_gui
WARNING: [Board 49-26] cannot add Board Part xilinx.com:vck190:part0:2.2 available at /tools/Xilinx/Vivado/2024.1/data/xhub/boards/XilinxBoardStore/boards/Xilinx/vck190/production/2.2/board.xml as part xcvc1902-vsva2197-2mp-e-s specified in board_part file is either invalid or not available
WARNING: [Board 49-26] cannot add Board Part xilinx.com:vck190:part0:3.0 available at /tools/Xilinx/Vivado/2024.1/data/xhub/boards/XilinxBoardStore/boards/Xilinx/vck190/production/3.0/board.xml as part xcvc1902-vsva2197-2mp-e-s specified in board_part file is either invalid or not available
WARNING: [Board 49-26] cannot add Board Part xilinx.com:vck190:part0:3.1 available at /tools/Xilinx/Vivado/2024.1/data/xhub/boards/XilinxBoardStore/boards/Xilinx/vck190/production/3.1/board.xml as part xcvc1902-vsva2197-2mp-e-s specified in board_part file is either invalid or not available
WARNING: [Board 49-26] cannot add Board Part xilinx.com:vck190:part0:3.2 available at /tools/Xilinx/Vivado/2024.1/data/xhub/boards/XilinxBoardStore/boards/Xilinx/vck190/production/3.2/board.xml as part xcvc1902-vsva2197-2mp-e-s specified in board_part file is either invalid or not available
WARNING: [Board 49-26] cannot add Board Part xilinx.com:vck190:part0:3.3 available at /tools/Xilinx/Vivado/2024.1/data/xhub/boards/XilinxBoardStore/boards/Xilinx/vck190/production/3.3/board.xml as part xcvc1902-vsva2197-2mp-e-s specified in board_part file is either invalid or not available
WARNING: [Board 49-26] cannot add Board Part xilinx.com:vck190_newl:part0:1.0 available at /tools/Xilinx/Vivado/2024.1/data/xhub/boards/XilinxBoardStore/boards/Xilinx/vck190_newl/production/1.0/board.xml as part xcvc1902-vsva2197-2mp-e-s specified in board_part file is either invalid or not available
WARNING: [Board 49-26] cannot add Board Part xilinx.com:vck190_newl:part0:1.1 available at /tools/Xilinx/Vivado/2024.1/data/xhub/boards/XilinxBoardStore/boards/Xilinx/vck190_newl/production/1.1/board.xml as part xcvc1902-vsva2197-2mp-e-s specified in board_part file is either invalid or not available
WARNING: [Board 49-26] cannot add Board Part xilinx.com:vck190_newl:part0:1.2 available at /tools/Xilinx/Vivado/2024.1/data/xhub/boards/XilinxBoardStore/boards/Xilinx/vck190_newl/production/1.2/board.xml as part xcvc1902-vsva2197-2mp-e-s specified in board_part file is either invalid or not available
WARNING: [Board 49-26] cannot add Board Part xilinx.com:vek280:part0:1.0 available at /tools/Xilinx/Vivado/2024.1/data/xhub/boards/XilinxBoardStore/boards/Xilinx/vek280/production/1.0/board.xml as part xcve2802-vsvh1760-2mp-e-s specified in board_part file is either invalid or not available
WARNING: [Board 49-26] cannot add Board Part xilinx.com:vek280:part0:1.1 available at /tools/Xilinx/Vivado/2024.1/data/xhub/boards/XilinxBoardStore/boards/Xilinx/vek280/production/1.1/board.xml as part xcve2802-vsvh1760-2mp-e-s specified in board_part file is either invalid or not available
WARNING: [Board 49-26] cannot add Board Part xilinx.com:vek280:part0:1.2 available at /tools/Xilinx/Vivado/2024.1/data/xhub/boards/XilinxBoardStore/boards/Xilinx/vek280/production/1.2/board.xml as part xcve2802-vsvh1760-2mp-e-s specified in board_part file is either invalid or not available
WARNING: [Board 49-26] cannot add Board Part xilinx.com:vek280_es:part0:1.0 available at /tools/Xilinx/Vivado/2024.1/data/xhub/boards/XilinxBoardStore/boards/Xilinx/vek280/es/rev_a/1.0/board.xml as part xcve2802-vsvh1760-2lp-e-s-es1 specified in board_part file is either invalid or not available
WARNING: [Board 49-26] cannot add Board Part xilinx.com:vek280_es:part0:1.1 available at /tools/Xilinx/Vivado/2024.1/data/xhub/boards/XilinxBoardStore/boards/Xilinx/vek280/es/rev_a/1.1/board.xml as part xcve2802-vsvh1760-2lp-e-s-es1 specified in board_part file is either invalid or not available
WARNING: [Board 49-26] cannot add Board Part xilinx.com:vek280_es_revb:part0:1.0 available at /tools/Xilinx/Vivado/2024.1/data/xhub/boards/XilinxBoardStore/boards/Xilinx/vek280/es/rev_b/1.0/board.xml as part xcve2802-vsvh1760-2mp-e-s-es1 specified in board_part file is either invalid or not available
WARNING: [Board 49-26] cannot add Board Part xilinx.com:vek280_es_revb:part0:1.1 available at /tools/Xilinx/Vivado/2024.1/data/xhub/boards/XilinxBoardStore/boards/Xilinx/vek280/es/rev_b/1.1/board.xml as part xcve2802-vsvh1760-2mp-e-s-es1 specified in board_part file is either invalid or not available
WARNING: [Board 49-26] cannot add Board Part xilinx.com:vhk158:part0:1.0 available at /tools/Xilinx/Vivado/2024.1/data/xhub/boards/XilinxBoardStore/boards/Xilinx/vhk158/production/1.0/board.xml as part xcvh1582-vsva3697-2mp-e-s specified in board_part file is either invalid or not available
WARNING: [Board 49-26] cannot add Board Part xilinx.com:vhk158:part0:1.1 available at /tools/Xilinx/Vivado/2024.1/data/xhub/boards/XilinxBoardStore/boards/Xilinx/vhk158/production/1.1/board.xml as part xcvh1582-vsva3697-2mp-e-s specified in board_part file is either invalid or not available
WARNING: [Board 49-26] cannot add Board Part xilinx.com:vhk158_es:part0:1.0 available at /tools/Xilinx/Vivado/2024.1/data/xhub/boards/XilinxBoardStore/boards/Xilinx/vhk158/es/1.0/board.xml as part xcvh1582-vsva3697-2mp-e-s-es1 specified in board_part file is either invalid or not available
WARNING: [Board 49-26] cannot add Board Part xilinx.com:vhk158_es:part0:1.1 available at /tools/Xilinx/Vivado/2024.1/data/xhub/boards/XilinxBoardStore/boards/Xilinx/vhk158/es/1.1/board.xml as part xcvh1582-vsva3697-2mp-e-s-es1 specified in board_part file is either invalid or not available
WARNING: [Board 49-26] cannot add Board Part xilinx.com:vmk180:part0:2.2 available at /tools/Xilinx/Vivado/2024.1/data/xhub/boards/XilinxBoardStore/boards/Xilinx/vmk180/production/2.2/board.xml as part xcvm1802-vsva2197-2mp-e-s specified in board_part file is either invalid or not available
WARNING: [Board 49-26] cannot add Board Part xilinx.com:vmk180:part0:3.0 available at /tools/Xilinx/Vivado/2024.1/data/xhub/boards/XilinxBoardStore/boards/Xilinx/vmk180/production/3.0/board.xml as part xcvm1802-vsva2197-2mp-e-s specified in board_part file is either invalid or not available
WARNING: [Board 49-26] cannot add Board Part xilinx.com:vmk180:part0:3.1 available at /tools/Xilinx/Vivado/2024.1/data/xhub/boards/XilinxBoardStore/boards/Xilinx/vmk180/production/3.1/board.xml as part xcvm1802-vsva2197-2mp-e-s specified in board_part file is either invalid or not available
WARNING: [Board 49-26] cannot add Board Part xilinx.com:vmk180:part0:3.2 available at /tools/Xilinx/Vivado/2024.1/data/xhub/boards/XilinxBoardStore/boards/Xilinx/vmk180/production/3.2/board.xml as part xcvm1802-vsva2197-2mp-e-s specified in board_part file is either invalid or not available
WARNING: [Board 49-26] cannot add Board Part xilinx.com:vmk180_newl:part0:1.0 available at /tools/Xilinx/Vivado/2024.1/data/xhub/boards/XilinxBoardStore/boards/Xilinx/vmk180_newl/production/1.0/board.xml as part xcvm1802-vsva2197-2mp-e-s specified in board_part file is either invalid or not available
WARNING: [Board 49-26] cannot add Board Part xilinx.com:vmk180_newl:part0:1.1 available at /tools/Xilinx/Vivado/2024.1/data/xhub/boards/XilinxBoardStore/boards/Xilinx/vmk180_newl/production/1.1/board.xml as part xcvm1802-vsva2197-2mp-e-s specified in board_part file is either invalid or not available
WARNING: [Board 49-26] cannot add Board Part xilinx.com:vpk120:part0:1.0 available at /tools/Xilinx/Vivado/2024.1/data/xhub/boards/XilinxBoardStore/boards/Xilinx/vpk120/production/1.0/board.xml as part xcvp1202-vsva2785-2mp-e-s specified in board_part file is either invalid or not available
WARNING: [Board 49-26] cannot add Board Part xilinx.com:vpk120:part0:1.1 available at /tools/Xilinx/Vivado/2024.1/data/xhub/boards/XilinxBoardStore/boards/Xilinx/vpk120/production/1.1/board.xml as part xcvp1202-vsva2785-2mp-e-s specified in board_part file is either invalid or not available
WARNING: [Board 49-26] cannot add Board Part xilinx.com:vpk120:part0:1.2 available at /tools/Xilinx/Vivado/2024.1/data/xhub/boards/XilinxBoardStore/boards/Xilinx/vpk120/production/1.2/board.xml as part xcvp1202-vsva2785-2mp-e-s specified in board_part file is either invalid or not available
WARNING: [Board 49-26] cannot add Board Part xilinx.com:vpk180:part0:1.0 available at /tools/Xilinx/Vivado/2024.1/data/xhub/boards/XilinxBoardStore/boards/Xilinx/vpk180/production/1.0/board.xml as part xcvp1802-lsvc4072-2mp-e-s specified in board_part file is either invalid or not available
WARNING: [Board 49-26] cannot add Board Part xilinx.com:vpk180:part0:1.1 available at /tools/Xilinx/Vivado/2024.1/data/xhub/boards/XilinxBoardStore/boards/Xilinx/vpk180/production/1.1/board.xml as part xcvp1802-lsvc4072-2mp-e-s specified in board_part file is either invalid or not available
WARNING: [Board 49-26] cannot add Board Part xilinx.com:vpk180:part0:1.2 available at /tools/Xilinx/Vivado/2024.1/data/xhub/boards/XilinxBoardStore/boards/Xilinx/vpk180/production/1.2/board.xml as part xcvp1802-lsvc4072-2mp-e-s specified in board_part file is either invalid or not available
WARNING: [Board 49-26] cannot add Board Part xilinx.com:zcu208ld:part0:2.0 available at /tools/Xilinx/Vivado/2024.1/data/xhub/boards/XilinxBoardStore/boards/Xilinx/zcu208ld/production/2.0/board.xml as part xczu58dr-fsvg1517-2-i specified in board_part file is either invalid or not available
WARNING: [Board 49-26] cannot add Board Part xilinx.com:zcu216ld:part0:2.0 available at /tools/Xilinx/Vivado/2024.1/data/xhub/boards/XilinxBoardStore/boards/Xilinx/zcu216ld/production/2.0/board.xml as part xczu59dr-ffvf1760-2-i specified in board_part file is either invalid or not available
WARNING: [Board 49-26] cannot add Board Part xilinx.com:zcu670ld:part0:1.0 available at /tools/Xilinx/Vivado/2024.1/data/xhub/boards/XilinxBoardStore/boards/Xilinx/zcu670ld/1.0/board.xml as part xczu57dr-fsve1156-2-i specified in board_part file is either invalid or not available
open_project /home/akeirn/Documents/ADL5960_RFSoC_VNA/VNA_Vivado_Project/VNA_Vivado_Project.xpr
Scanning sources...
Finished scanning sources
INFO: [IP_Flow 19-234] Refreshing IP repositories
INFO: [IP_Flow 19-1700] Loaded user IP repository '/home/akeirn/Documents/ADL5960_RFSoC_VNA/ip_repo/coeff_calc_1_0'.
WARNING: [IP_Flow 19-2207] Repository '/home/akeirn/Documents/ADL5960_RFSoC_VNA/ip_repo/coeff_calc_1_0' already exists; ignoring attempt to add it again.
INFO: [IP_Flow 19-1700] Loaded user IP repository '/home/akeirn/Documents/ADL5960_RFSoC_VNA/ip_repo/coeff_calc_1_0'.
INFO: [IP_Flow 19-1700] Loaded user IP repository '/home/akeirn/Documents/ADL5960_RFSoC_VNA/ip_repo/cordic_1_0'.
INFO: [IP_Flow 19-1700] Loaded user IP repository '/home/akeirn/Documents/ADL5960_RFSoC_VNA/ip_repo/fir_1_0'.
WARNING: [IP_Flow 19-2207] Repository '/home/akeirn/Documents/ADL5960_RFSoC_VNA/ip_repo/fir_1_0' already exists; ignoring attempt to add it again.
INFO: [IP_Flow 19-1700] Loaded user IP repository '/home/akeirn/Documents/ADL5960_RFSoC_VNA/ip_repo/fir_1_0'.
INFO: [IP_Flow 19-1700] Loaded user IP repository '/home/akeirn/Documents/ADL5960_RFSoC_VNA/ip_repo/spi_lmx_1_0'.
INFO: [IP_Flow 19-1700] Loaded user IP repository '/home/akeirn/Documents/ADL5960_RFSoC_VNA/ip_repo/adc_combiner_1_0'.
INFO: [IP_Flow 19-1700] Loaded user IP repository '/home/akeirn/Documents/ADL5960_RFSoC_VNA/ip_repo/spi_adl_1_0'.
INFO: [IP_Flow 19-2313] Loaded Vivado IP repository '/tools/Xilinx/Vivado/2024.1/data/ip'.
open_bd_design {/home/akeirn/Documents/ADL5960_RFSoC_VNA/VNA_Vivado_Project/VNA_Vivado_Project.srcs/sources_1/bd/design_1/design_1.bd}
Reading block design file </home/akeirn/Documents/ADL5960_RFSoC_VNA/VNA_Vivado_Project/VNA_Vivado_Project.srcs/sources_1/bd/design_1/design_1.bd>...
Adding component instance block -- xilinx.com:ip:usp_rf_data_converter:2.6 - usp_rf_data_converter_0
INFO: Ultrascale+ RF Data Converter instance: Clock port 'adc0_clk' frequency is set to 11520000
INFO: Ultrascale+ RF Data Converter instance: Clock port 'adc2_clk' frequency is set to 11520000
Adding component instance block -- xilinx.com:ip:zynq_ultra_ps_e:3.5 - zynq_ultra_ps_e_0
Adding component instance block -- xilinx.com:ip:axi_dma:7.1 - axi_dma_0
Adding component instance block -- xilinx.com:ip:clk_wiz:6.0 - clk_wiz_0
Adding component instance block -- xilinx.com:ip:proc_sys_reset:5.0 - rst_ps8_0_99M
Adding component instance block -- xilinx.com:ip:proc_sys_reset:5.0 - rst_clk_wiz_0_147M
Adding component instance block -- xilinx.com:ip:axi_interconnect:2.1 - ps8_0_axi_periph
Adding component instance block -- xilinx.com:ip:axi_crossbar:2.1 - xbar
Adding component instance block -- xilinx.com:ip:axi_dwidth_converter:2.1 - auto_ds
Adding component instance block -- xilinx.com:ip:axi_protocol_converter:2.1 - auto_pc
Adding component instance block -- xilinx.com:ip:axi_dwidth_converter:2.1 - auto_ds
Adding component instance block -- xilinx.com:ip:axi_protocol_converter:2.1 - auto_pc
Adding component instance block -- xilinx.com:ip:smartconnect:1.0 - axi_smc
Adding component instance block -- user.org:user:spi_adl:1.0 - spi_adl_0
Adding component instance block -- xilinx.com:module_ref:spi_control_w:1.0 - spi_control_w_0
Adding component instance block -- user.org:user:spi_adl:1.0 - spi_adl_1
Adding component instance block -- xilinx.com:module_ref:spi_control_w:1.0 - spi_control_w_1
Adding component instance block -- user.org:user:spi_lmx:1.0 - spi_lmx_0
Adding component instance block -- xilinx.com:module_ref:spi_control_w:1.0 - spi_control_w_2
Adding component instance block -- user.org:user:fir:1.0 - fir_0
Adding component instance block -- user.org:user:cordic:1.0 - cordic_0
Adding component instance block -- user.org:user:coeff_calc:1.0 - coeff_calc_0
Adding component instance block -- user.org:user:fir:1.0 - fir_1
Adding component instance block -- user.org:user:fir:1.0 - fir_2
Adding component instance block -- user.org:user:fir:1.0 - fir_3
Adding component instance block -- user.org:user:cordic:1.0 - cordic_1
Adding component instance block -- user.org:user:cordic:1.0 - cordic_2
Adding component instance block -- user.org:user:cordic:1.0 - cordic_3
Excluding slave segment /zynq_ultra_ps_e_0/SAXIGP2/HP0_DDR_HIGH from address space /axi_dma_0/Data_S2MM.
Excluding slave segment /zynq_ultra_ps_e_0/SAXIGP2/HP0_LPS_OCM from address space /axi_dma_0/Data_S2MM.
Successfully read diagram <design_1> from block design file </home/akeirn/Documents/ADL5960_RFSoC_VNA/VNA_Vivado_Project/VNA_Vivado_Project.srcs/sources_1/bd/design_1/design_1.bd>
update_compile_order -fileset sources_1
ipx::edit_ip_in_project -upgrade true -name coeff_calc_v1_0_project -directory /home/akeirn/Documents/ADL5960_RFSoC_VNA/VNA_Vivado_Project/VNA_Vivado_Project.tmp/coeff_calc_v1_0_project /home/akeirn/Documents/ADL5960_RFSoC_VNA/ip_repo/coeff_calc_1_0/component.xml
INFO: [IP_Flow 19-234] Refreshing IP repositories
INFO: [IP_Flow 19-1704] No user IP repositories specified
INFO: [IP_Flow 19-2313] Loaded Vivado IP repository '/tools/Xilinx/Vivado/2024.1/data/ip'.
WARNING: [Board 49-26] cannot add Board Part xilinx.com:vck190:part0:2.2 available at /tools/Xilinx/Vivado/2024.1/data/xhub/boards/XilinxBoardStore/boards/Xilinx/vck190/production/2.2/board.xml as part xcvc1902-vsva2197-2mp-e-s specified in board_part file is either invalid or not available
WARNING: [Board 49-26] cannot add Board Part xilinx.com:vck190:part0:3.0 available at /tools/Xilinx/Vivado/2024.1/data/xhub/boards/XilinxBoardStore/boards/Xilinx/vck190/production/3.0/board.xml as part xcvc1902-vsva2197-2mp-e-s specified in board_part file is either invalid or not available
WARNING: [Board 49-26] cannot add Board Part xilinx.com:vck190:part0:3.1 available at /tools/Xilinx/Vivado/2024.1/data/xhub/boards/XilinxBoardStore/boards/Xilinx/vck190/production/3.1/board.xml as part xcvc1902-vsva2197-2mp-e-s specified in board_part file is either invalid or not available
WARNING: [Board 49-26] cannot add Board Part xilinx.com:vck190:part0:3.2 available at /tools/Xilinx/Vivado/2024.1/data/xhub/boards/XilinxBoardStore/boards/Xilinx/vck190/production/3.2/board.xml as part xcvc1902-vsva2197-2mp-e-s specified in board_part file is either invalid or not available
WARNING: [Board 49-26] cannot add Board Part xilinx.com:vck190:part0:3.3 available at /tools/Xilinx/Vivado/2024.1/data/xhub/boards/XilinxBoardStore/boards/Xilinx/vck190/production/3.3/board.xml as part xcvc1902-vsva2197-2mp-e-s specified in board_part file is either invalid or not available
WARNING: [Board 49-26] cannot add Board Part xilinx.com:vck190_newl:part0:1.0 available at /tools/Xilinx/Vivado/2024.1/data/xhub/boards/XilinxBoardStore/boards/Xilinx/vck190_newl/production/1.0/board.xml as part xcvc1902-vsva2197-2mp-e-s specified in board_part file is either invalid or not available
WARNING: [Board 49-26] cannot add Board Part xilinx.com:vck190_newl:part0:1.1 available at /tools/Xilinx/Vivado/2024.1/data/xhub/boards/XilinxBoardStore/boards/Xilinx/vck190_newl/production/1.1/board.xml as part xcvc1902-vsva2197-2mp-e-s specified in board_part file is either invalid or not available
WARNING: [Board 49-26] cannot add Board Part xilinx.com:vck190_newl:part0:1.2 available at /tools/Xilinx/Vivado/2024.1/data/xhub/boards/XilinxBoardStore/boards/Xilinx/vck190_newl/production/1.2/board.xml as part xcvc1902-vsva2197-2mp-e-s specified in board_part file is either invalid or not available
WARNING: [Board 49-26] cannot add Board Part xilinx.com:vek280:part0:1.0 available at /tools/Xilinx/Vivado/2024.1/data/xhub/boards/XilinxBoardStore/boards/Xilinx/vek280/production/1.0/board.xml as part xcve2802-vsvh1760-2mp-e-s specified in board_part file is either invalid or not available
WARNING: [Board 49-26] cannot add Board Part xilinx.com:vek280:part0:1.1 available at /tools/Xilinx/Vivado/2024.1/data/xhub/boards/XilinxBoardStore/boards/Xilinx/vek280/production/1.1/board.xml as part xcve2802-vsvh1760-2mp-e-s specified in board_part file is either invalid or not available
WARNING: [Board 49-26] cannot add Board Part xilinx.com:vek280:part0:1.2 available at /tools/Xilinx/Vivado/2024.1/data/xhub/boards/XilinxBoardStore/boards/Xilinx/vek280/production/1.2/board.xml as part xcve2802-vsvh1760-2mp-e-s specified in board_part file is either invalid or not available
WARNING: [Board 49-26] cannot add Board Part xilinx.com:vek280_es:part0:1.0 available at /tools/Xilinx/Vivado/2024.1/data/xhub/boards/XilinxBoardStore/boards/Xilinx/vek280/es/rev_a/1.0/board.xml as part xcve2802-vsvh1760-2lp-e-s-es1 specified in board_part file is either invalid or not available
WARNING: [Board 49-26] cannot add Board Part xilinx.com:vek280_es:part0:1.1 available at /tools/Xilinx/Vivado/2024.1/data/xhub/boards/XilinxBoardStore/boards/Xilinx/vek280/es/rev_a/1.1/board.xml as part xcve2802-vsvh1760-2lp-e-s-es1 specified in board_part file is either invalid or not available
WARNING: [Board 49-26] cannot add Board Part xilinx.com:vek280_es_revb:part0:1.0 available at /tools/Xilinx/Vivado/2024.1/data/xhub/boards/XilinxBoardStore/boards/Xilinx/vek280/es/rev_b/1.0/board.xml as part xcve2802-vsvh1760-2mp-e-s-es1 specified in board_part file is either invalid or not available
WARNING: [Board 49-26] cannot add Board Part xilinx.com:vek280_es_revb:part0:1.1 available at /tools/Xilinx/Vivado/2024.1/data/xhub/boards/XilinxBoardStore/boards/Xilinx/vek280/es/rev_b/1.1/board.xml as part xcve2802-vsvh1760-2mp-e-s-es1 specified in board_part file is either invalid or not available
WARNING: [Board 49-26] cannot add Board Part xilinx.com:vhk158:part0:1.0 available at /tools/Xilinx/Vivado/2024.1/data/xhub/boards/XilinxBoardStore/boards/Xilinx/vhk158/production/1.0/board.xml as part xcvh1582-vsva3697-2mp-e-s specified in board_part file is either invalid or not available
WARNING: [Board 49-26] cannot add Board Part xilinx.com:vhk158:part0:1.1 available at /tools/Xilinx/Vivado/2024.1/data/xhub/boards/XilinxBoardStore/boards/Xilinx/vhk158/production/1.1/board.xml as part xcvh1582-vsva3697-2mp-e-s specified in board_part file is either invalid or not available
WARNING: [Board 49-26] cannot add Board Part xilinx.com:vhk158_es:part0:1.0 available at /tools/Xilinx/Vivado/2024.1/data/xhub/boards/XilinxBoardStore/boards/Xilinx/vhk158/es/1.0/board.xml as part xcvh1582-vsva3697-2mp-e-s-es1 specified in board_part file is either invalid or not available
WARNING: [Board 49-26] cannot add Board Part xilinx.com:vhk158_es:part0:1.1 available at /tools/Xilinx/Vivado/2024.1/data/xhub/boards/XilinxBoardStore/boards/Xilinx/vhk158/es/1.1/board.xml as part xcvh1582-vsva3697-2mp-e-s-es1 specified in board_part file is either invalid or not available
WARNING: [Board 49-26] cannot add Board Part xilinx.com:vmk180:part0:2.2 available at /tools/Xilinx/Vivado/2024.1/data/xhub/boards/XilinxBoardStore/boards/Xilinx/vmk180/production/2.2/board.xml as part xcvm1802-vsva2197-2mp-e-s specified in board_part file is either invalid or not available
WARNING: [Board 49-26] cannot add Board Part xilinx.com:vmk180:part0:3.0 available at /tools/Xilinx/Vivado/2024.1/data/xhub/boards/XilinxBoardStore/boards/Xilinx/vmk180/production/3.0/board.xml as part xcvm1802-vsva2197-2mp-e-s specified in board_part file is either invalid or not available
WARNING: [Board 49-26] cannot add Board Part xilinx.com:vmk180:part0:3.1 available at /tools/Xilinx/Vivado/2024.1/data/xhub/boards/XilinxBoardStore/boards/Xilinx/vmk180/production/3.1/board.xml as part xcvm1802-vsva2197-2mp-e-s specified in board_part file is either invalid or not available
WARNING: [Board 49-26] cannot add Board Part xilinx.com:vmk180:part0:3.2 available at /tools/Xilinx/Vivado/2024.1/data/xhub/boards/XilinxBoardStore/boards/Xilinx/vmk180/production/3.2/board.xml as part xcvm1802-vsva2197-2mp-e-s specified in board_part file is either invalid or not available
WARNING: [Board 49-26] cannot add Board Part xilinx.com:vmk180_newl:part0:1.0 available at /tools/Xilinx/Vivado/2024.1/data/xhub/boards/XilinxBoardStore/boards/Xilinx/vmk180_newl/production/1.0/board.xml as part xcvm1802-vsva2197-2mp-e-s specified in board_part file is either invalid or not available
WARNING: [Board 49-26] cannot add Board Part xilinx.com:vmk180_newl:part0:1.1 available at /tools/Xilinx/Vivado/2024.1/data/xhub/boards/XilinxBoardStore/boards/Xilinx/vmk180_newl/production/1.1/board.xml as part xcvm1802-vsva2197-2mp-e-s specified in board_part file is either invalid or not available
WARNING: [Board 49-26] cannot add Board Part xilinx.com:vpk120:part0:1.0 available at /tools/Xilinx/Vivado/2024.1/data/xhub/boards/XilinxBoardStore/boards/Xilinx/vpk120/production/1.0/board.xml as part xcvp1202-vsva2785-2mp-e-s specified in board_part file is either invalid or not available
WARNING: [Board 49-26] cannot add Board Part xilinx.com:vpk120:part0:1.1 available at /tools/Xilinx/Vivado/2024.1/data/xhub/boards/XilinxBoardStore/boards/Xilinx/vpk120/production/1.1/board.xml as part xcvp1202-vsva2785-2mp-e-s specified in board_part file is either invalid or not available
WARNING: [Board 49-26] cannot add Board Part xilinx.com:vpk120:part0:1.2 available at /tools/Xilinx/Vivado/2024.1/data/xhub/boards/XilinxBoardStore/boards/Xilinx/vpk120/production/1.2/board.xml as part xcvp1202-vsva2785-2mp-e-s specified in board_part file is either invalid or not available
WARNING: [Board 49-26] cannot add Board Part xilinx.com:vpk180:part0:1.0 available at /tools/Xilinx/Vivado/2024.1/data/xhub/boards/XilinxBoardStore/boards/Xilinx/vpk180/production/1.0/board.xml as part xcvp1802-lsvc4072-2mp-e-s specified in board_part file is either invalid or not available
WARNING: [Board 49-26] cannot add Board Part xilinx.com:vpk180:part0:1.1 available at /tools/Xilinx/Vivado/2024.1/data/xhub/boards/XilinxBoardStore/boards/Xilinx/vpk180/production/1.1/board.xml as part xcvp1802-lsvc4072-2mp-e-s specified in board_part file is either invalid or not available
WARNING: [Board 49-26] cannot add Board Part xilinx.com:vpk180:part0:1.2 available at /tools/Xilinx/Vivado/2024.1/data/xhub/boards/XilinxBoardStore/boards/Xilinx/vpk180/production/1.2/board.xml as part xcvp1802-lsvc4072-2mp-e-s specified in board_part file is either invalid or not available
WARNING: [Board 49-26] cannot add Board Part xilinx.com:zcu208ld:part0:2.0 available at /tools/Xilinx/Vivado/2024.1/data/xhub/boards/XilinxBoardStore/boards/Xilinx/zcu208ld/production/2.0/board.xml as part xczu58dr-fsvg1517-2-i specified in board_part file is either invalid or not available
WARNING: [Board 49-26] cannot add Board Part xilinx.com:zcu216ld:part0:2.0 available at /tools/Xilinx/Vivado/2024.1/data/xhub/boards/XilinxBoardStore/boards/Xilinx/zcu216ld/production/2.0/board.xml as part xczu59dr-ffvf1760-2-i specified in board_part file is either invalid or not available
WARNING: [Board 49-26] cannot add Board Part xilinx.com:zcu670ld:part0:1.0 available at /tools/Xilinx/Vivado/2024.1/data/xhub/boards/XilinxBoardStore/boards/Xilinx/zcu670ld/1.0/board.xml as part xczu57dr-fsve1156-2-i specified in board_part file is either invalid or not available
INFO: [IP_Flow 19-234] Refreshing IP repositories
INFO: [IP_Flow 19-1700] Loaded user IP repository '/home/akeirn/Documents/ADL5960_RFSoC_VNA/ip_repo/coeff_calc_1_0'.
WARNING: [IP_Flow 19-2207] Repository '/home/akeirn/Documents/ADL5960_RFSoC_VNA/ip_repo/coeff_calc_1_0' already exists; ignoring attempt to add it again.
INFO: [IP_Flow 19-1700] Loaded user IP repository '/home/akeirn/Documents/ADL5960_RFSoC_VNA/ip_repo/coeff_calc_1_0'.
INFO: [IP_Flow 19-1700] Loaded user IP repository '/home/akeirn/Documents/ADL5960_RFSoC_VNA/ip_repo/cordic_1_0'.
INFO: [IP_Flow 19-1700] Loaded user IP repository '/home/akeirn/Documents/ADL5960_RFSoC_VNA/ip_repo/fir_1_0'.
WARNING: [IP_Flow 19-2207] Repository '/home/akeirn/Documents/ADL5960_RFSoC_VNA/ip_repo/fir_1_0' already exists; ignoring attempt to add it again.
INFO: [IP_Flow 19-1700] Loaded user IP repository '/home/akeirn/Documents/ADL5960_RFSoC_VNA/ip_repo/fir_1_0'.
INFO: [IP_Flow 19-1700] Loaded user IP repository '/home/akeirn/Documents/ADL5960_RFSoC_VNA/ip_repo/spi_lmx_1_0'.
INFO: [IP_Flow 19-1700] Loaded user IP repository '/home/akeirn/Documents/ADL5960_RFSoC_VNA/ip_repo/adc_combiner_1_0'.
INFO: [IP_Flow 19-1700] Loaded user IP repository '/home/akeirn/Documents/ADL5960_RFSoC_VNA/ip_repo/spi_adl_1_0'.
INFO: [IP_Flow 19-795] Syncing license key meta-data
update_compile_order -fileset sources_1
WARNING: [filemgmt 56-199] Attempt to get parsing info during refresh. "On-the-fly" syntax checking information may be incorrect. [/home/akeirn/Documents/ADL5960_RFSoC_VNA/test_code/DSP_RTL_Verif/hdl/compute_coeff_averaging.sv:]
WARNING: [filemgmt 56-199] Attempt to get parsing info during refresh. "On-the-fly" syntax checking information may be incorrect. [/home/akeirn/Documents/ADL5960_RFSoC_VNA/ip_repo/coeff_calc_1_0/hdl/coeff_calc.v:]
WARNING: [filemgmt 56-199] Attempt to get parsing info during refresh. "On-the-fly" syntax checking information may be incorrect. [/home/akeirn/Documents/ADL5960_RFSoC_VNA/test_code/DSP_RTL_Verif/hdl/compute_coeff_averaging.sv:]
WARNING: [filemgmt 56-199] Attempt to get parsing info during refresh. "On-the-fly" syntax checking information may be incorrect. [/home/akeirn/Documents/ADL5960_RFSoC_VNA/test_code/DSP_RTL_Verif/hdl/compute_coeff_averaging.sv:]
WARNING: [filemgmt 56-199] Attempt to get parsing info during refresh. "On-the-fly" syntax checking information may be incorrect. [/home/akeirn/Documents/ADL5960_RFSoC_VNA/test_code/DSP_RTL_Verif/hdl/compute_coeff_averaging.sv:]
WARNING: [filemgmt 56-199] Attempt to get parsing info during refresh. "On-the-fly" syntax checking information may be incorrect. [/home/akeirn/Documents/ADL5960_RFSoC_VNA/ip_repo/coeff_calc_1_0/hdl/coeff_calc.v:]
WARNING: [filemgmt 56-199] Attempt to get parsing info during refresh. "On-the-fly" syntax checking information may be incorrect. [/home/akeirn/Documents/ADL5960_RFSoC_VNA/test_code/DSP_RTL_Verif/hdl/compute_coeff_averaging.sv:]
WARNING: [filemgmt 56-199] Attempt to get parsing info during refresh. "On-the-fly" syntax checking information may be incorrect. [/home/akeirn/Documents/ADL5960_RFSoC_VNA/test_code/DSP_RTL_Verif/hdl/compute_coeff_averaging.sv:]
ipx::merge_project_changes files [ipx::current_core]
ipx::merge_project_changes hdl_parameters [ipx::current_core]
INFO: [IP_Flow 19-5654] Module 'coeff_calc' uses SystemVerilog sources with a Verilog top file. These SystemVerilog files will not be analysed by the packager.
set_property core_revision 3 [ipx::current_core]
ipx::update_source_project_archive -component [ipx::current_core]
ipx::create_xgui_files [ipx::current_core]
ipx::update_checksums [ipx::current_core]
ipx::check_integrity [ipx::current_core]
WARNING: [IP_Flow 19-11889] HDL Parameter 'C_S01_AXIS_TDATA_WIDTH (C S01 AXIS TDATA WIDTH)': Order is obsolete with XGUI version >= 2.0
WARNING: [IP_Flow 19-11889] HDL Parameter 'C_S03_AXIS_TDATA_WIDTH (C S03 AXIS TDATA WIDTH)': Order is obsolete with XGUI version >= 2.0
WARNING: [IP_Flow 19-11889] HDL Parameter 'C_S02_AXIS_TDATA_WIDTH (C S02 AXIS TDATA WIDTH)': Order is obsolete with XGUI version >= 2.0
WARNING: [IP_Flow 19-11889] HDL Parameter 'C_M00_AXIS_TDATA_WIDTH (C M00 AXIS TDATA WIDTH)': Order is obsolete with XGUI version >= 2.0
WARNING: [IP_Flow 19-11889] HDL Parameter 'C_M00_AXIS_START_COUNT (C M00 AXIS START COUNT)': Order is obsolete with XGUI version >= 2.0
WARNING: [IP_Flow 19-11889] HDL Parameter 'C_S00_AXIS_TDATA_WIDTH (C S00 AXIS TDATA WIDTH)': Order is obsolete with XGUI version >= 2.0
WARNING: [IP_Flow 19-5905] All packaged files should be located below the IP definition file (xml)
WARNING: [IP_Flow 19-5905] All packaged files should be located below the IP definition file (xml)
WARNING: [IP_Flow 19-11770] Clock interface 'S01_AXIS_CLK' has no FREQ_HZ parameter.
WARNING: [IP_Flow 19-11770] Clock interface 'S03_AXIS_CLK' has no FREQ_HZ parameter.
WARNING: [IP_Flow 19-11770] Clock interface 'S02_AXIS_CLK' has no FREQ_HZ parameter.
WARNING: [IP_Flow 19-11770] Clock interface 'M00_AXIS_CLK' has no FREQ_HZ parameter.
WARNING: [IP_Flow 19-11770] Clock interface 'S00_AXIS_CLK' has no FREQ_HZ parameter.
INFO: [IP_Flow 19-2181] Payment is not required for this core.
WARNING: [IP_Flow 19-2187] The Product Guide file is missing.
INFO: [Ipptcl 7-1486] check_integrity: Integrity check passed.
ipx::save_core [ipx::current_core]
WARNING: [filemgmt 56-199] Attempt to get parsing info during refresh. "On-the-fly" syntax checking information may be incorrect. [/home/akeirn/Documents/ADL5960_RFSoC_VNA/test_code/DSP_RTL_Verif/hdl/compute_coeff_averaging.sv:]
WARNING: [filemgmt 56-199] Attempt to get parsing info during refresh. "On-the-fly" syntax checking information may be incorrect. [/home/akeirn/Documents/ADL5960_RFSoC_VNA/ip_repo/coeff_calc_1_0/hdl/coeff_calc.v:]
WARNING: [filemgmt 56-199] Attempt to get parsing info during refresh. "On-the-fly" syntax checking information may be incorrect. [/home/akeirn/Documents/ADL5960_RFSoC_VNA/test_code/DSP_RTL_Verif/hdl/compute_coeff_averaging.sv:]
WARNING: [filemgmt 56-199] Attempt to get parsing info during refresh. "On-the-fly" syntax checking information may be incorrect. [/home/akeirn/Documents/ADL5960_RFSoC_VNA/test_code/DSP_RTL_Verif/hdl/compute_coeff_averaging.sv:]
ipx::move_temp_component_back -component [ipx::current_core]
close_project -delete
update_ip_catalog -rebuild -repo_path /home/akeirn/Documents/ADL5960_RFSoC_VNA/ip_repo/coeff_calc_1_0
INFO: [IP_Flow 19-725] Reloaded user IP repository '/home/akeirn/Documents/ADL5960_RFSoC_VNA/ip_repo/coeff_calc_1_0'
report_ip_status -name ip_status 
upgrade_ip -vlnv user.org:user:coeff_calc:1.0 [get_ips  design_1_coeff_calc_0_1] -log ip_upgrade.log
Upgrading '/home/akeirn/Documents/ADL5960_RFSoC_VNA/VNA_Vivado_Project/VNA_Vivado_Project.srcs/sources_1/bd/design_1/design_1.bd'
INFO: [IP_Flow 19-3422] Upgraded design_1_coeff_calc_0_1 (coeff_calc_v1.0 1.0) from revision 2 to revision 3
WARNING: [IP_Flow 19-4698] Upgrade has added port 'num_samples'
WARNING: [IP_Flow 19-3298] Detected external port differences while upgrading 'design_1_coeff_calc_0_1'. These changes may impact your design.
CRITICAL WARNING: [Coretcl 2-1279] The upgrade of 'design_1_coeff_calc_0_1' has identified issues that may require user intervention. Please review the upgrade log '/home/akeirn/Documents/ADL5960_RFSoC_VNA/VNA_Vivado_Project/ip_upgrade.log', and verify that the upgraded IP is correctly configured.
Wrote  : </home/akeirn/Documents/ADL5960_RFSoC_VNA/VNA_Vivado_Project/VNA_Vivado_Project.srcs/sources_1/bd/design_1/design_1.bd> 
Wrote  : </home/akeirn/Documents/ADL5960_RFSoC_VNA/VNA_Vivado_Project/VNA_Vivado_Project.srcs/sources_1/bd/design_1/ui/bd_1f5defd0.ui> 
INFO: [Coretcl 2-1525] Wrote upgrade log to '/home/akeirn/Documents/ADL5960_RFSoC_VNA/VNA_Vivado_Project/ip_upgrade.log'.
export_ip_user_files -of_objects [get_ips design_1_coeff_calc_0_1] -no_script -sync -force -quiet
generate_target all [get_files  /home/akeirn/Documents/ADL5960_RFSoC_VNA/VNA_Vivado_Project/VNA_Vivado_Project.srcs/sources_1/bd/design_1/design_1.bd]
WARNING: [BD 41-1629] Slave segment </zynq_ultra_ps_e_0/SAXIGP2/HP0_DDR_HIGH> is excluded from all addressing paths.
WARNING: [BD 41-1629] Slave segment </zynq_ultra_ps_e_0/SAXIGP2/HP0_LPS_OCM> is excluded from all addressing paths.
Excluding slave segment /zynq_ultra_ps_e_0/SAXIGP2/HP0_DDR_HIGH from address space /axi_dma_0/Data_S2MM.
Excluding slave segment /zynq_ultra_ps_e_0/SAXIGP2/HP0_LPS_OCM from address space /axi_dma_0/Data_S2MM.
Excluding slave segment /zynq_ultra_ps_e_0/SAXIGP2/HP0_DDR_HIGH from address space /axi_dma_0/Data_S2MM.
Excluding slave segment /zynq_ultra_ps_e_0/SAXIGP2/HP0_LPS_OCM from address space /axi_dma_0/Data_S2MM.
Excluding slave segment /zynq_ultra_ps_e_0/SAXIGP2/HP0_DDR_HIGH from address space /axi_dma_0/Data_S2MM.
Excluding slave segment /zynq_ultra_ps_e_0/SAXIGP2/HP0_LPS_OCM from address space /axi_dma_0/Data_S2MM.
Excluding slave segment /zynq_ultra_ps_e_0/SAXIGP2/HP0_DDR_HIGH from address space /axi_dma_0/Data_S2MM.
Excluding slave segment /zynq_ultra_ps_e_0/SAXIGP2/HP0_LPS_OCM from address space /axi_dma_0/Data_S2MM.
Excluding slave segment /zynq_ultra_ps_e_0/SAXIGP2/HP0_DDR_HIGH from address space /axi_dma_0/Data_S2MM.
Excluding slave segment /zynq_ultra_ps_e_0/SAXIGP2/HP0_LPS_OCM from address space /axi_dma_0/Data_S2MM.
Excluding slave segment /zynq_ultra_ps_e_0/SAXIGP2/HP0_DDR_HIGH from address space /axi_dma_0/Data_S2MM.
Excluding slave segment /zynq_ultra_ps_e_0/SAXIGP2/HP0_LPS_OCM from address space /axi_dma_0/Data_S2MM.
Excluding slave segment /zynq_ultra_ps_e_0/SAXIGP2/HP0_DDR_HIGH from address space /axi_dma_0/Data_S2MM.
Excluding slave segment /zynq_ultra_ps_e_0/SAXIGP2/HP0_LPS_OCM from address space /axi_dma_0/Data_S2MM.
Excluding slave segment /zynq_ultra_ps_e_0/SAXIGP2/HP0_DDR_HIGH from address space /axi_dma_0/Data_S2MM.
Excluding slave segment /zynq_ultra_ps_e_0/SAXIGP2/HP0_LPS_OCM from address space /axi_dma_0/Data_S2MM.
Excluding slave segment /zynq_ultra_ps_e_0/SAXIGP2/HP0_DDR_HIGH from address space /axi_dma_0/Data_S2MM.
Excluding slave segment /zynq_ultra_ps_e_0/SAXIGP2/HP0_LPS_OCM from address space /axi_dma_0/Data_S2MM.
Excluding slave segment /zynq_ultra_ps_e_0/SAXIGP2/HP0_DDR_HIGH from address space /axi_dma_0/Data_S2MM.
Excluding slave segment /zynq_ultra_ps_e_0/SAXIGP2/HP0_LPS_OCM from address space /axi_dma_0/Data_S2MM.
Excluding slave segment /zynq_ultra_ps_e_0/SAXIGP2/HP0_DDR_HIGH from address space /axi_dma_0/Data_S2MM.
Excluding slave segment /zynq_ultra_ps_e_0/SAXIGP2/HP0_LPS_OCM from address space /axi_dma_0/Data_S2MM.
INFO: [BD 5-943] Reserving offset range <0x0000_0000 [ 2G ]> from slave interface '/axi_smc/S00_AXI' to master interface '/axi_smc/M00_AXI'. This will be used by smartconnect on path for routing.
INFO: [xilinx.com:ip:smartconnect:1.0-1] design_1_axi_smc_1: SmartConnect design_1_axi_smc_1 is in High-performance Mode.
Excluding slave segment /zynq_ultra_ps_e_0/SAXIGP2/HP0_DDR_HIGH from address space /axi_dma_0/Data_S2MM.
Excluding slave segment /zynq_ultra_ps_e_0/SAXIGP2/HP0_LPS_OCM from address space /axi_dma_0/Data_S2MM.
Excluding slave segment /zynq_ultra_ps_e_0/SAXIGP2/HP0_DDR_HIGH from address space /axi_dma_0/Data_S2MM.
Excluding slave segment /zynq_ultra_ps_e_0/SAXIGP2/HP0_LPS_OCM from address space /axi_dma_0/Data_S2MM.
INFO: [xilinx.com:ip:axi_dma:7.1-16] /axi_dma_0 
                    ##########################################################################################
                    Clocks connected to AXI DMA are not same. Configuring AXI DMA in ASYNC mode ..........
                    ##########################################################################################
INFO: [xilinx.com:ip:clk_wiz:6.0-1] /clk_wiz_0 clk_wiz propagate
WARNING: [BD 41-237] Bus Interface property AWUSER_WIDTH does not match between /ps8_0_axi_periph/s00_couplers/auto_ds/S_AXI(0) and /zynq_ultra_ps_e_0/M_AXI_HPM0_FPD(16)
WARNING: [BD 41-237] Bus Interface property ARUSER_WIDTH does not match between /ps8_0_axi_periph/s00_couplers/auto_ds/S_AXI(0) and /zynq_ultra_ps_e_0/M_AXI_HPM0_FPD(16)
WARNING: [BD 41-237] Bus Interface property AWUSER_WIDTH does not match between /ps8_0_axi_periph/s01_couplers/auto_ds/S_AXI(0) and /zynq_ultra_ps_e_0/M_AXI_HPM1_FPD(16)
WARNING: [BD 41-237] Bus Interface property ARUSER_WIDTH does not match between /ps8_0_axi_periph/s01_couplers/auto_ds/S_AXI(0) and /zynq_ultra_ps_e_0/M_AXI_HPM1_FPD(16)
WARNING: [BD 41-237] Bus Interface property AWUSER_WIDTH does not match between /zynq_ultra_ps_e_0/S_AXI_HP0_FPD(1) and /axi_smc/M00_AXI(0)
WARNING: [BD 41-237] Bus Interface property ARUSER_WIDTH does not match between /zynq_ultra_ps_e_0/S_AXI_HP0_FPD(1) and /axi_smc/M00_AXI(0)
CRITICAL WARNING: [BD 41-759] The input pins (listed below) are either not connected or do not have a source port, and they don't have a tie-off specified. These pins are tied-off to all 0's to avoid error in Implementation flow.
Please check your design and connect them as needed: 
/coeff_calc_0/num_samples

Wrote  : </home/akeirn/Documents/ADL5960_RFSoC_VNA/VNA_Vivado_Project/VNA_Vivado_Project.srcs/sources_1/bd/design_1/design_1.bd> 
Verilog Output written to : /home/akeirn/Documents/ADL5960_RFSoC_VNA/VNA_Vivado_Project/VNA_Vivado_Project.gen/sources_1/bd/design_1/synth/design_1.v
Verilog Output written to : /home/akeirn/Documents/ADL5960_RFSoC_VNA/VNA_Vivado_Project/VNA_Vivado_Project.gen/sources_1/bd/design_1/sim/design_1.v
Verilog Output written to : /home/akeirn/Documents/ADL5960_RFSoC_VNA/VNA_Vivado_Project/VNA_Vivado_Project.gen/sources_1/bd/design_1/hdl/design_1_wrapper.v
Exporting to file /home/akeirn/Documents/ADL5960_RFSoC_VNA/VNA_Vivado_Project/VNA_Vivado_Project.gen/sources_1/bd/design_1/ip/design_1_axi_smc_1/bd_0/hw_handoff/design_1_axi_smc_1.hwh
Generated Hardware Definition File /home/akeirn/Documents/ADL5960_RFSoC_VNA/VNA_Vivado_Project/VNA_Vivado_Project.gen/sources_1/bd/design_1/ip/design_1_axi_smc_1/bd_0/synth/design_1_axi_smc_1.hwdef
INFO: [BD 41-1029] Generation completed for the IP Integrator block coeff_calc_0 .
INFO: [IP_Flow 19-5611] Unable to find an associated reset port for the interface 'S_AXI'. A default connection has been created.
INFO: [IP_Flow 19-5611] Unable to find an associated reset port for the interface 'M_AXI'. A default connection has been created.
INFO: [BD 41-1029] Generation completed for the IP Integrator block ps8_0_axi_periph/s00_couplers/auto_ds .
INFO: [BD 41-1029] Generation completed for the IP Integrator block ps8_0_axi_periph/s00_couplers/auto_pc .
INFO: [IP_Flow 19-5611] Unable to find an associated reset port for the interface 'S_AXI'. A default connection has been created.
INFO: [IP_Flow 19-5611] Unable to find an associated reset port for the interface 'M_AXI'. A default connection has been created.
INFO: [BD 41-1029] Generation completed for the IP Integrator block ps8_0_axi_periph/s01_couplers/auto_ds .
INFO: [BD 41-1029] Generation completed for the IP Integrator block ps8_0_axi_periph/s01_couplers/auto_pc .
Exporting to file /home/akeirn/Documents/ADL5960_RFSoC_VNA/VNA_Vivado_Project/VNA_Vivado_Project.gen/sources_1/bd/design_1/hw_handoff/design_1.hwh
Generated Hardware Definition File /home/akeirn/Documents/ADL5960_RFSoC_VNA/VNA_Vivado_Project/VNA_Vivado_Project.gen/sources_1/bd/design_1/synth/design_1.hwdef
generate_target: Time (s): cpu = 00:00:08 ; elapsed = 00:00:07 . Memory (MB): peak = 8625.230 ; gain = 0.000 ; free physical = 17285 ; free virtual = 32998
export_ip_user_files -of_objects [get_files /home/akeirn/Documents/ADL5960_RFSoC_VNA/VNA_Vivado_Project/VNA_Vivado_Project.srcs/sources_1/bd/design_1/design_1.bd] -no_script -sync -force -quiet
export_simulation -of_objects [get_files /home/akeirn/Documents/ADL5960_RFSoC_VNA/VNA_Vivado_Project/VNA_Vivado_Project.srcs/sources_1/bd/design_1/design_1.bd] -directory /home/akeirn/Documents/ADL5960_RFSoC_VNA/VNA_Vivado_Project/VNA_Vivado_Project.ip_user_files/sim_scripts -ip_user_files_dir /home/akeirn/Documents/ADL5960_RFSoC_VNA/VNA_Vivado_Project/VNA_Vivado_Project.ip_user_files -ipstatic_source_dir /home/akeirn/Documents/ADL5960_RFSoC_VNA/VNA_Vivado_Project/VNA_Vivado_Project.ip_user_files/ipstatic -lib_map_path [list {modelsim=/home/akeirn/Documents/ADL5960_RFSoC_VNA/VNA_Vivado_Project/VNA_Vivado_Project.cache/compile_simlib/modelsim} {questa=/home/akeirn/Documents/ADL5960_RFSoC_VNA/VNA_Vivado_Project/VNA_Vivado_Project.cache/compile_simlib/questa} {xcelium=/home/akeirn/Documents/ADL5960_RFSoC_VNA/VNA_Vivado_Project/VNA_Vivado_Project.cache/compile_simlib/xcelium} {vcs=/home/akeirn/Documents/ADL5960_RFSoC_VNA/VNA_Vivado_Project/VNA_Vivado_Project.cache/compile_simlib/vcs} {riviera=/home/akeirn/Documents/ADL5960_RFSoC_VNA/VNA_Vivado_Project/VNA_Vivado_Project.cache/compile_simlib/riviera}] -use_ip_compiled_libs -force -quiet
startgroup
create_bd_cell -type ip -vlnv xilinx.com:ip:xlconstant:1.1 xlconstant_0
endgroup
expected number but got ""
ERROR: [IP_Flow 19-3317] Tcl Error found in 'validate_PARAM_VALUE.CONST_VAL' method. expected number but got ""
set_property -dict [list \
  CONFIG.CONST_VAL {65535} \
  CONFIG.CONST_WIDTH {16} \
] [get_bd_cells xlconstant_0]
set_property location {4 1796 -81} [get_bd_cells xlconstant_0]
connect_bd_net [get_bd_pins xlconstant_0/dout] [get_bd_pins coeff_calc_0/num_samples]
report_ip_status -name ip_status 
generate_target all [get_files  /home/akeirn/Documents/ADL5960_RFSoC_VNA/VNA_Vivado_Project/VNA_Vivado_Project.srcs/sources_1/bd/design_1/design_1.bd]
WARNING: [BD 41-1629] Slave segment </zynq_ultra_ps_e_0/SAXIGP2/HP0_DDR_HIGH> is excluded from all addressing paths.
WARNING: [BD 41-1629] Slave segment </zynq_ultra_ps_e_0/SAXIGP2/HP0_LPS_OCM> is excluded from all addressing paths.
Excluding slave segment /zynq_ultra_ps_e_0/SAXIGP2/HP0_DDR_HIGH from address space /axi_dma_0/Data_S2MM.
Excluding slave segment /zynq_ultra_ps_e_0/SAXIGP2/HP0_LPS_OCM from address space /axi_dma_0/Data_S2MM.
Excluding slave segment /zynq_ultra_ps_e_0/SAXIGP2/HP0_DDR_HIGH from address space /axi_dma_0/Data_S2MM.
Excluding slave segment /zynq_ultra_ps_e_0/SAXIGP2/HP0_LPS_OCM from address space /axi_dma_0/Data_S2MM.
Excluding slave segment /zynq_ultra_ps_e_0/SAXIGP2/HP0_DDR_HIGH from address space /axi_dma_0/Data_S2MM.
Excluding slave segment /zynq_ultra_ps_e_0/SAXIGP2/HP0_LPS_OCM from address space /axi_dma_0/Data_S2MM.
Excluding slave segment /zynq_ultra_ps_e_0/SAXIGP2/HP0_DDR_HIGH from address space /axi_dma_0/Data_S2MM.
Excluding slave segment /zynq_ultra_ps_e_0/SAXIGP2/HP0_LPS_OCM from address space /axi_dma_0/Data_S2MM.
Excluding slave segment /zynq_ultra_ps_e_0/SAXIGP2/HP0_DDR_HIGH from address space /axi_dma_0/Data_S2MM.
Excluding slave segment /zynq_ultra_ps_e_0/SAXIGP2/HP0_LPS_OCM from address space /axi_dma_0/Data_S2MM.
Excluding slave segment /zynq_ultra_ps_e_0/SAXIGP2/HP0_DDR_HIGH from address space /axi_dma_0/Data_S2MM.
Excluding slave segment /zynq_ultra_ps_e_0/SAXIGP2/HP0_LPS_OCM from address space /axi_dma_0/Data_S2MM.
Excluding slave segment /zynq_ultra_ps_e_0/SAXIGP2/HP0_DDR_HIGH from address space /axi_dma_0/Data_S2MM.
Excluding slave segment /zynq_ultra_ps_e_0/SAXIGP2/HP0_LPS_OCM from address space /axi_dma_0/Data_S2MM.
Excluding slave segment /zynq_ultra_ps_e_0/SAXIGP2/HP0_DDR_HIGH from address space /axi_dma_0/Data_S2MM.
Excluding slave segment /zynq_ultra_ps_e_0/SAXIGP2/HP0_LPS_OCM from address space /axi_dma_0/Data_S2MM.
Excluding slave segment /zynq_ultra_ps_e_0/SAXIGP2/HP0_DDR_HIGH from address space /axi_dma_0/Data_S2MM.
Excluding slave segment /zynq_ultra_ps_e_0/SAXIGP2/HP0_LPS_OCM from address space /axi_dma_0/Data_S2MM.
Excluding slave segment /zynq_ultra_ps_e_0/SAXIGP2/HP0_DDR_HIGH from address space /axi_dma_0/Data_S2MM.
Excluding slave segment /zynq_ultra_ps_e_0/SAXIGP2/HP0_LPS_OCM from address space /axi_dma_0/Data_S2MM.
Excluding slave segment /zynq_ultra_ps_e_0/SAXIGP2/HP0_DDR_HIGH from address space /axi_dma_0/Data_S2MM.
Excluding slave segment /zynq_ultra_ps_e_0/SAXIGP2/HP0_LPS_OCM from address space /axi_dma_0/Data_S2MM.
INFO: [BD 5-943] Reserving offset range <0x0000_0000 [ 2G ]> from slave interface '/axi_smc/S00_AXI' to master interface '/axi_smc/M00_AXI'. This will be used by smartconnect on path for routing.
INFO: [xilinx.com:ip:smartconnect:1.0-1] design_1_axi_smc_1: SmartConnect design_1_axi_smc_1 is in High-performance Mode.
Excluding slave segment /zynq_ultra_ps_e_0/SAXIGP2/HP0_DDR_HIGH from address space /axi_dma_0/Data_S2MM.
Excluding slave segment /zynq_ultra_ps_e_0/SAXIGP2/HP0_LPS_OCM from address space /axi_dma_0/Data_S2MM.
Excluding slave segment /zynq_ultra_ps_e_0/SAXIGP2/HP0_DDR_HIGH from address space /axi_dma_0/Data_S2MM.
Excluding slave segment /zynq_ultra_ps_e_0/SAXIGP2/HP0_LPS_OCM from address space /axi_dma_0/Data_S2MM.
INFO: [xilinx.com:ip:axi_dma:7.1-16] /axi_dma_0 
                    ##########################################################################################
                    Clocks connected to AXI DMA are not same. Configuring AXI DMA in ASYNC mode ..........
                    ##########################################################################################
INFO: [xilinx.com:ip:clk_wiz:6.0-1] /clk_wiz_0 clk_wiz propagate
WARNING: [BD 41-237] Bus Interface property AWUSER_WIDTH does not match between /ps8_0_axi_periph/s00_couplers/auto_ds/S_AXI(0) and /zynq_ultra_ps_e_0/M_AXI_HPM0_FPD(16)
WARNING: [BD 41-237] Bus Interface property ARUSER_WIDTH does not match between /ps8_0_axi_periph/s00_couplers/auto_ds/S_AXI(0) and /zynq_ultra_ps_e_0/M_AXI_HPM0_FPD(16)
WARNING: [BD 41-237] Bus Interface property AWUSER_WIDTH does not match between /ps8_0_axi_periph/s01_couplers/auto_ds/S_AXI(0) and /zynq_ultra_ps_e_0/M_AXI_HPM1_FPD(16)
WARNING: [BD 41-237] Bus Interface property ARUSER_WIDTH does not match between /ps8_0_axi_periph/s01_couplers/auto_ds/S_AXI(0) and /zynq_ultra_ps_e_0/M_AXI_HPM1_FPD(16)
WARNING: [BD 41-237] Bus Interface property AWUSER_WIDTH does not match between /zynq_ultra_ps_e_0/S_AXI_HP0_FPD(1) and /axi_smc/M00_AXI(0)
WARNING: [BD 41-237] Bus Interface property ARUSER_WIDTH does not match between /zynq_ultra_ps_e_0/S_AXI_HP0_FPD(1) and /axi_smc/M00_AXI(0)
Wrote  : </home/akeirn/Documents/ADL5960_RFSoC_VNA/VNA_Vivado_Project/VNA_Vivado_Project.srcs/sources_1/bd/design_1/design_1.bd> 
Wrote  : </home/akeirn/Documents/ADL5960_RFSoC_VNA/VNA_Vivado_Project/VNA_Vivado_Project.srcs/sources_1/bd/design_1/ui/bd_1f5defd0.ui> 
Verilog Output written to : /home/akeirn/Documents/ADL5960_RFSoC_VNA/VNA_Vivado_Project/VNA_Vivado_Project.gen/sources_1/bd/design_1/synth/design_1.v
Verilog Output written to : /home/akeirn/Documents/ADL5960_RFSoC_VNA/VNA_Vivado_Project/VNA_Vivado_Project.gen/sources_1/bd/design_1/sim/design_1.v
Verilog Output written to : /home/akeirn/Documents/ADL5960_RFSoC_VNA/VNA_Vivado_Project/VNA_Vivado_Project.gen/sources_1/bd/design_1/hdl/design_1_wrapper.v
Exporting to file /home/akeirn/Documents/ADL5960_RFSoC_VNA/VNA_Vivado_Project/VNA_Vivado_Project.gen/sources_1/bd/design_1/ip/design_1_axi_smc_1/bd_0/hw_handoff/design_1_axi_smc_1.hwh
Generated Hardware Definition File /home/akeirn/Documents/ADL5960_RFSoC_VNA/VNA_Vivado_Project/VNA_Vivado_Project.gen/sources_1/bd/design_1/ip/design_1_axi_smc_1/bd_0/synth/design_1_axi_smc_1.hwdef
INFO: [IP_Flow 19-5611] Unable to find an associated reset port for the interface 'S_AXI'. A default connection has been created.
INFO: [IP_Flow 19-5611] Unable to find an associated reset port for the interface 'M_AXI'. A default connection has been created.
INFO: [BD 41-1029] Generation completed for the IP Integrator block ps8_0_axi_periph/s00_couplers/auto_ds .
INFO: [BD 41-1029] Generation completed for the IP Integrator block ps8_0_axi_periph/s00_couplers/auto_pc .
INFO: [IP_Flow 19-5611] Unable to find an associated reset port for the interface 'S_AXI'. A default connection has been created.
INFO: [IP_Flow 19-5611] Unable to find an associated reset port for the interface 'M_AXI'. A default connection has been created.
INFO: [BD 41-1029] Generation completed for the IP Integrator block ps8_0_axi_periph/s01_couplers/auto_ds .
INFO: [BD 41-1029] Generation completed for the IP Integrator block ps8_0_axi_periph/s01_couplers/auto_pc .
INFO: [BD 41-1029] Generation completed for the IP Integrator block xlconstant_0 .
Exporting to file /home/akeirn/Documents/ADL5960_RFSoC_VNA/VNA_Vivado_Project/VNA_Vivado_Project.gen/sources_1/bd/design_1/hw_handoff/design_1.hwh
Generated Hardware Definition File /home/akeirn/Documents/ADL5960_RFSoC_VNA/VNA_Vivado_Project/VNA_Vivado_Project.gen/sources_1/bd/design_1/synth/design_1.hwdef
generate_target: Time (s): cpu = 00:00:08 ; elapsed = 00:00:07 . Memory (MB): peak = 8782.266 ; gain = 0.000 ; free physical = 17547 ; free virtual = 33262
export_ip_user_files -of_objects [get_files /home/akeirn/Documents/ADL5960_RFSoC_VNA/VNA_Vivado_Project/VNA_Vivado_Project.srcs/sources_1/bd/design_1/design_1.bd] -no_script -sync -force -quiet
export_simulation -of_objects [get_files /home/akeirn/Documents/ADL5960_RFSoC_VNA/VNA_Vivado_Project/VNA_Vivado_Project.srcs/sources_1/bd/design_1/design_1.bd] -directory /home/akeirn/Documents/ADL5960_RFSoC_VNA/VNA_Vivado_Project/VNA_Vivado_Project.ip_user_files/sim_scripts -ip_user_files_dir /home/akeirn/Documents/ADL5960_RFSoC_VNA/VNA_Vivado_Project/VNA_Vivado_Project.ip_user_files -ipstatic_source_dir /home/akeirn/Documents/ADL5960_RFSoC_VNA/VNA_Vivado_Project/VNA_Vivado_Project.ip_user_files/ipstatic -lib_map_path [list {modelsim=/home/akeirn/Documents/ADL5960_RFSoC_VNA/VNA_Vivado_Project/VNA_Vivado_Project.cache/compile_simlib/modelsim} {questa=/home/akeirn/Documents/ADL5960_RFSoC_VNA/VNA_Vivado_Project/VNA_Vivado_Project.cache/compile_simlib/questa} {xcelium=/home/akeirn/Documents/ADL5960_RFSoC_VNA/VNA_Vivado_Project/VNA_Vivado_Project.cache/compile_simlib/xcelium} {vcs=/home/akeirn/Documents/ADL5960_RFSoC_VNA/VNA_Vivado_Project/VNA_Vivado_Project.cache/compile_simlib/vcs} {riviera=/home/akeirn/Documents/ADL5960_RFSoC_VNA/VNA_Vivado_Project/VNA_Vivado_Project.cache/compile_simlib/riviera}] -use_ip_compiled_libs -force -quiet
reset_run synth_1
INFO: [Project 1-1161] Replacing file /home/akeirn/Documents/ADL5960_RFSoC_VNA/VNA_Vivado_Project/VNA_Vivado_Project.srcs/utils_1/imports/synth_1/design_1_wrapper.dcp with file /home/akeirn/Documents/ADL5960_RFSoC_VNA/VNA_Vivado_Project/VNA_Vivado_Project.runs/synth_1/design_1_wrapper.dcp
launch_runs impl_1 -to_step write_bitstream -jobs 12
[Sun Dec  8 16:47:40 2024] Launched synth_1...
Run output will be captured here: /home/akeirn/Documents/ADL5960_RFSoC_VNA/VNA_Vivado_Project/VNA_Vivado_Project.runs/synth_1/runme.log
[Sun Dec  8 16:47:40 2024] Launched impl_1...
Run output will be captured here: /home/akeirn/Documents/ADL5960_RFSoC_VNA/VNA_Vivado_Project/VNA_Vivado_Project.runs/impl_1/runme.log
reset_run synth_1
launch_runs impl_1 -to_step write_bitstream -jobs 12
[Sun Dec  8 16:49:36 2024] Launched synth_1...
Run output will be captured here: /home/akeirn/Documents/ADL5960_RFSoC_VNA/VNA_Vivado_Project/VNA_Vivado_Project.runs/synth_1/runme.log
[Sun Dec  8 16:49:36 2024] Launched impl_1...
Run output will be captured here: /home/akeirn/Documents/ADL5960_RFSoC_VNA/VNA_Vivado_Project/VNA_Vivado_Project.runs/impl_1/runme.log
open_run impl_1
INFO: [Device 21-403] Loading part xczu48dr-ffvg1517-2-e
Netlist sorting complete. Time (s): cpu = 00:00:00.21 ; elapsed = 00:00:00.2 . Memory (MB): peak = 9375.320 ; gain = 0.000 ; free physical = 15817 ; free virtual = 32305
INFO: [Netlist 29-17] Analyzing 3176 Unisim elements for replacement
INFO: [Netlist 29-28] Unisim Transformation completed in 0 CPU seconds
INFO: [Project 1-479] Netlist was created with Vivado 2024.1
INFO: [Project 1-570] Preparing netlist for logic optimization
Read ShapeDB Complete: Time (s): cpu = 00:00:00.03 ; elapsed = 00:00:00.03 . Memory (MB): peak = 9496.883 ; gain = 0.000 ; free physical = 15732 ; free virtual = 32220
INFO: [Timing 38-478] Restoring timing data from binary archive.
INFO: [Timing 38-479] Binary timing data restore complete.
INFO: [Project 1-856] Restoring constraints from binary archive.
INFO: [Project 1-853] Binary constraint restore complete.
INFO: [Designutils 20-5722] Start Reading Physical Databases.
Reading placement.
Read Netlist Cache: Time (s): cpu = 00:00:00.03 ; elapsed = 00:00:00.02 . Memory (MB): peak = 10023.395 ; gain = 0.000 ; free physical = 15330 ; free virtual = 31818
Reading placer database...
Read Device Cache: Time (s): cpu = 00:00:00.01 ; elapsed = 00:00:00.02 . Memory (MB): peak = 10027.395 ; gain = 4.000 ; free physical = 15316 ; free virtual = 31804
Read PlaceDB: Time (s): cpu = 00:00:00.99 ; elapsed = 00:00:00.99 . Memory (MB): peak = 10074.715 ; gain = 44.938 ; free physical = 15263 ; free virtual = 31752
Read PulsedLatchDB: Time (s): cpu = 00:00:00 ; elapsed = 00:00:00 . Memory (MB): peak = 10074.715 ; gain = 0.000 ; free physical = 15263 ; free virtual = 31752
Reading routing.
Read RouteStorage: Time (s): cpu = 00:00:03 ; elapsed = 00:00:03 . Memory (MB): peak = 10379.480 ; gain = 304.766 ; free physical = 14987 ; free virtual = 31475
Read Physdb Files: Time (s): cpu = 00:00:04 ; elapsed = 00:00:04 . Memory (MB): peak = 10379.480 ; gain = 356.086 ; free physical = 14987 ; free virtual = 31475
Restored from archive | CPU: 4.060000 secs | Memory: 298.711166 MB |
Finished XDEF File Restore: Time (s): cpu = 00:00:04 ; elapsed = 00:00:04 . Memory (MB): peak = 10379.480 ; gain = 356.086 ; free physical = 14987 ; free virtual = 31476
Netlist sorting complete. Time (s): cpu = 00:00:00 ; elapsed = 00:00:00 . Memory (MB): peak = 10379.480 ; gain = 0.000 ; free physical = 14986 ; free virtual = 31476
INFO: [Project 1-111] Unisim Transformation Summary:
  A total of 59 instances were transformed.
  IBUF => IBUF (IBUFCTRL, INBUF): 1 instance 
  RAM16X1D => RAM32X1D (RAMD32(x2)): 1 instance 
  RAM32M => RAM32M (RAMD32(x6), RAMS32(x2)): 3 instances
  RAM32M16 => RAM32M16 (RAMD32(x14), RAMS32(x2)): 49 instances
  RAM32X1D => RAM32X1D (RAMD32(x2)): 5 instances

open_run: Time (s): cpu = 00:00:20 ; elapsed = 00:00:15 . Memory (MB): peak = 10659.012 ; gain = 1814.836 ; free physical = 14585 ; free virtual = 31115
CRITICAL WARNING: [Timing 38-282] The design failed to meet the timing requirements. Please see the timing summary report for details on the timing violations.
WARNING: [Timing 38-436] There are set_bus_skew constraint(s) in this design. Please run report_bus_skew to ensure that bus skew requirements are met.
exit
INFO: [Common 17-206] Exiting Vivado at Sun Dec  8 17:02:01 2024...
