
*** Running vivado
    with args -log design_1_axi_dma_2_0.vds -m64 -product Vivado -mode batch -messageDb vivado.pb -notrace -source design_1_axi_dma_2_0.tcl


****** Vivado v2024.1 (64-bit)
  **** SW Build 5076996 on Wed May 22 18:36:09 MDT 2024
  **** IP Build 5075265 on Wed May 22 21:45:21 MDT 2024
  **** SharedData Build 5076995 on Wed May 22 18:29:18 MDT 2024
  **** Start of session at: Thu Nov 14 14:45:38 2024
    ** Copyright 1986-2022 Xilinx, Inc. All Rights Reserved.
    ** Copyright 2022-2024 Advanced Micro Devices, Inc. All Rights Reserved.

source design_1_axi_dma_2_0.tcl -notrace
INFO: [IP_Flow 19-234] Refreshing IP repositories
INFO: [IP_Flow 19-1700] Loaded user IP repository '/home/olt/ADL5960_RFSoC_VNA/VNA_Vivado_Project/ip_repo/tlast_1_0'.
INFO: [IP_Flow 19-2313] Loaded Vivado IP repository '/tools/Xilinx/Vivado/2024.1/data/ip'.
INFO: [IP_Flow 19-6924] IPCACHE: Running cache check for IP inst: design_1_axi_dma_2_0
INFO: [IP_Flow 19-6922] IPCACHE: Exporting cached entry 65f7a713caf6caab to dir: /home/olt/ADL5960_RFSoC_VNA/VNA_Vivado_Project/VNA_Vivado_Project.runs/design_1_axi_dma_2_0_synth_1
INFO: [IP_Flow 19-6928] IPCACHE: copied cached file /home/olt/ADL5960_RFSoC_VNA/VNA_Vivado_Project/VNA_Vivado_Project.cache/ip/2024.1/6/5/65f7a713caf6caab/design_1_axi_dma_3_0.dcp to /home/olt/ADL5960_RFSoC_VNA/VNA_Vivado_Project/VNA_Vivado_Project.runs/design_1_axi_dma_2_0_synth_1/design_1_axi_dma_2_0.dcp.
INFO: [IP_Flow 19-6928] IPCACHE: copied cached file /home/olt/ADL5960_RFSoC_VNA/VNA_Vivado_Project/VNA_Vivado_Project.cache/ip/2024.1/6/5/65f7a713caf6caab/design_1_axi_dma_3_0_sim_netlist.v to /home/olt/ADL5960_RFSoC_VNA/VNA_Vivado_Project/VNA_Vivado_Project.runs/design_1_axi_dma_2_0_synth_1/design_1_axi_dma_2_0_sim_netlist.v.
INFO: [IP_Flow 19-6928] IPCACHE: copied cached file /home/olt/ADL5960_RFSoC_VNA/VNA_Vivado_Project/VNA_Vivado_Project.cache/ip/2024.1/6/5/65f7a713caf6caab/design_1_axi_dma_3_0_sim_netlist.vhdl to /home/olt/ADL5960_RFSoC_VNA/VNA_Vivado_Project/VNA_Vivado_Project.runs/design_1_axi_dma_2_0_synth_1/design_1_axi_dma_2_0_sim_netlist.vhdl.
INFO: [IP_Flow 19-6928] IPCACHE: copied cached file /home/olt/ADL5960_RFSoC_VNA/VNA_Vivado_Project/VNA_Vivado_Project.cache/ip/2024.1/6/5/65f7a713caf6caab/design_1_axi_dma_3_0_stub.v to /home/olt/ADL5960_RFSoC_VNA/VNA_Vivado_Project/VNA_Vivado_Project.runs/design_1_axi_dma_2_0_synth_1/design_1_axi_dma_2_0_stub.v.
INFO: [IP_Flow 19-6928] IPCACHE: copied cached file /home/olt/ADL5960_RFSoC_VNA/VNA_Vivado_Project/VNA_Vivado_Project.cache/ip/2024.1/6/5/65f7a713caf6caab/design_1_axi_dma_3_0_stub.vhdl to /home/olt/ADL5960_RFSoC_VNA/VNA_Vivado_Project/VNA_Vivado_Project.runs/design_1_axi_dma_2_0_synth_1/design_1_axi_dma_2_0_stub.vhdl.
INFO: [IP_Flow 19-4838] Using cached IP synthesis design for IP design_1_axi_dma_2_0, cache-ID = 65f7a713caf6caab.
INFO: [Common 17-206] Exiting Vivado at Thu Nov 14 14:45:44 2024...
