Copyright 1986-2022 Xilinx, Inc. All Rights Reserved. Copyright 2022-2024 Advanced Micro Devices, Inc. All Rights Reserved.
---------------------------------------------------------------------------------------------------------------------------------------------
| Tool Version : Vivado v.2024.1 (lin64) Build 5076996 Wed May 22 18:36:09 MDT 2024
| Date         : Sun Dec  8 21:04:55 2024
| Host         : eecs-digital-27 running 64-bit Ubuntu 24.04.1 LTS
| Command      : report_utilization -file design_1_wrapper_utilization_placed.rpt -pb design_1_wrapper_utilization_placed.pb
| Design       : design_1_wrapper
| Device       : xczu48dr-ffvg1517-2-e
| Speed File   : -2
| Design State : Fully Placed
---------------------------------------------------------------------------------------------------------------------------------------------

Utilization Design Information

Table of Contents
-----------------
1. CLB Logic
1.1 Summary of Registers by Type
2. CLB Logic Distribution
3. BLOCKRAM
4. ARITHMETIC
5. I/O
6. CLOCK
7. ADVANCED
8. CONFIGURATION
9. Primitives
10. Black Boxes
11. Instantiated Netlists

1. CLB Logic
------------

+----------------------------+-------+-------+------------+-----------+-------+
|          Site Type         |  Used | Fixed | Prohibited | Available | Util% |
+----------------------------+-------+-------+------------+-----------+-------+
| CLB LUTs                   | 27518 |     0 |          0 |    425280 |  6.47 |
|   LUT as Logic             | 26894 |     0 |          0 |    425280 |  6.32 |
|   LUT as Memory            |   624 |     0 |          0 |    213600 |  0.29 |
|     LUT as Distributed RAM |   416 |     0 |            |           |       |
|     LUT as Shift Register  |   208 |     0 |            |           |       |
| CLB Registers              | 22387 |     0 |          0 |    850560 |  2.63 |
|   Register as Flip Flop    | 22387 |     0 |          0 |    850560 |  2.63 |
|   Register as Latch        |     0 |     0 |          0 |    850560 |  0.00 |
| CARRY8                     |  2045 |     0 |          0 |     53160 |  3.85 |
| F7 Muxes                   |   144 |     0 |          0 |    212640 |  0.07 |
| F8 Muxes                   |    28 |     0 |          0 |    106320 |  0.03 |
| F9 Muxes                   |     0 |     0 |          0 |     53160 |  0.00 |
+----------------------------+-------+-------+------------+-----------+-------+
* Warning! LUT value is adjusted to account for LUT combining.


1.1 Summary of Registers by Type
--------------------------------

+-------+--------------+-------------+--------------+
| Total | Clock Enable | Synchronous | Asynchronous |
+-------+--------------+-------------+--------------+
| 0     |            _ |           - |            - |
| 0     |            _ |           - |          Set |
| 0     |            _ |           - |        Reset |
| 0     |            _ |         Set |            - |
| 0     |            _ |       Reset |            - |
| 0     |          Yes |           - |            - |
| 113   |          Yes |           - |          Set |
| 385   |          Yes |           - |        Reset |
| 704   |          Yes |         Set |            - |
| 21185 |          Yes |       Reset |            - |
+-------+--------------+-------------+--------------+


2. CLB Logic Distribution
-------------------------

+--------------------------------------------+-------+-------+------------+-----------+-------+
|                  Site Type                 |  Used | Fixed | Prohibited | Available | Util% |
+--------------------------------------------+-------+-------+------------+-----------+-------+
| CLB                                        |  5100 |     0 |          0 |     53160 |  9.59 |
|   CLBL                                     |  2386 |     0 |            |           |       |
|   CLBM                                     |  2714 |     0 |            |           |       |
| LUT as Logic                               | 26894 |     0 |          0 |    425280 |  6.32 |
|   using O5 output only                     |   423 |       |            |           |       |
|   using O6 output only                     | 20393 |       |            |           |       |
|   using O5 and O6                          |  6078 |       |            |           |       |
| LUT as Memory                              |   624 |     0 |          0 |    213600 |  0.29 |
|   LUT as Distributed RAM                   |   416 |     0 |            |           |       |
|     using O5 output only                   |     0 |       |            |           |       |
|     using O6 output only                   |    12 |       |            |           |       |
|     using O5 and O6                        |   404 |       |            |           |       |
|   LUT as Shift Register                    |   208 |     0 |            |           |       |
|     using O5 output only                   |     0 |       |            |           |       |
|     using O6 output only                   |   158 |       |            |           |       |
|     using O5 and O6                        |    50 |       |            |           |       |
| CLB Registers                              | 22387 |     0 |          0 |    850560 |  2.63 |
|   Register driven from within the CLB      | 14228 |       |            |           |       |
|   Register driven from outside the CLB     |  8159 |       |            |           |       |
|     LUT in front of the register is unused |  4827 |       |            |           |       |
|     LUT in front of the register is used   |  3332 |       |            |           |       |
| Unique Control Sets                        |   894 |       |          0 |    106320 |  0.84 |
+--------------------------------------------+-------+-------+------------+-----------+-------+
* * Note: Available Control Sets calculated as Slices * 2, Review the Control Sets Report for more information regarding control sets.


3. BLOCKRAM
-----------

+-------------------+------+-------+------------+-----------+-------+
|     Site Type     | Used | Fixed | Prohibited | Available | Util% |
+-------------------+------+-------+------------+-----------+-------+
| Block RAM Tile    |   10 |     0 |          0 |      1080 |  0.93 |
|   RAMB36/FIFO*    |    9 |     0 |          0 |      1080 |  0.83 |
|     RAMB36E2 only |    9 |       |            |           |       |
|   RAMB18          |    2 |     0 |          0 |      2160 |  0.09 |
|     RAMB18E2 only |    2 |       |            |           |       |
| URAM              |    0 |     0 |          0 |        80 |  0.00 |
+-------------------+------+-------+------------+-----------+-------+
* Note: Each Block RAM Tile only has one FIFO logic available and therefore can accommodate only one FIFO36E2 or one FIFO18E2. However, if a FIFO18E2 occupies a Block RAM Tile, that tile can still accommodate a RAMB18E2


4. ARITHMETIC
-------------

+-----------+------+-------+------------+-----------+-------+
| Site Type | Used | Fixed | Prohibited | Available | Util% |
+-----------+------+-------+------------+-----------+-------+
| DSPs      |    0 |     0 |          0 |      4272 |  0.00 |
+-----------+------+-------+------------+-----------+-------+


5. I/O
------

+------------------+------+-------+------------+-----------+-------+
|     Site Type    | Used | Fixed | Prohibited | Available | Util% |
+------------------+------+-------+------------+-----------+-------+
| Bonded IOB       |   10 |    10 |          0 |       347 |  2.88 |
| HPIOB_M          |    4 |     4 |          0 |       138 |  2.90 |
|   INPUT          |    0 |       |            |           |       |
|   OUTPUT         |    4 |       |            |           |       |
|   BIDIR          |    0 |       |            |           |       |
| HPIOB_S          |    5 |     5 |          0 |       138 |  3.62 |
|   INPUT          |    1 |       |            |           |       |
|   OUTPUT         |    4 |       |            |           |       |
|   BIDIR          |    0 |       |            |           |       |
| HDIOB_M          |    0 |     0 |          0 |        24 |  0.00 |
| HDIOB_S          |    0 |     0 |          0 |        24 |  0.00 |
| HPIOB_SNGL       |    1 |     1 |          0 |        23 |  4.35 |
|   INPUT          |    0 |       |            |           |       |
|   OUTPUT         |    1 |       |            |           |       |
|   BIDIR          |    0 |       |            |           |       |
| HPIOBDIFFINBUF   |    0 |     0 |          0 |       192 |  0.00 |
| HPIOBDIFFOUTBUF  |    0 |     0 |          0 |       192 |  0.00 |
| HDIOBDIFFINBUF   |    0 |     0 |          0 |        72 |  0.00 |
| BITSLICE_CONTROL |    0 |     0 |          0 |        64 |  0.00 |
| BITSLICE_RX_TX   |    0 |     0 |          0 |      2496 |  0.00 |
| BITSLICE_TX      |    0 |     0 |          0 |        64 |  0.00 |
| RIU_OR           |    0 |     0 |          0 |        32 |  0.00 |
| RF_ADC           |    0 |     0 |          4 |         4 |  0.00 |
| RF_DAC           |    0 |     0 |          4 |         4 |  0.00 |
+------------------+------+-------+------------+-----------+-------+


6. CLOCK
--------

+------------+------+-------+------------+-----------+-------+
|  Site Type | Used | Fixed | Prohibited | Available | Util% |
+------------+------+-------+------------+-----------+-------+
| BUFGCE     |    3 |     0 |          0 |       216 |  1.39 |
| BUFGCE_DIV |    0 |     0 |          0 |        32 |  0.00 |
| BUFG_GT    |    1 |     0 |          0 |       312 |  0.32 |
| BUFG_PS    |    1 |     0 |          0 |        72 |  1.39 |
| BUFGCTRL*  |    0 |     0 |          0 |        64 |  0.00 |
| PLL        |    0 |     0 |          0 |        16 |  0.00 |
| MMCM       |    1 |     0 |          0 |         8 | 12.50 |
+------------+------+-------+------------+-----------+-------+
* Note: Each used BUFGCTRL counts as two GLOBAL CLOCK BUFFERs. This table does not include global clocking resources, only buffer cell usage. See the Clock Utilization Report (report_clock_utilization) for detailed accounting of global clocking resource availability.


7. ADVANCED
-----------

+-----------------+------+-------+------------+-----------+--------+
|    Site Type    | Used | Fixed | Prohibited | Available |  Util% |
+-----------------+------+-------+------------+-----------+--------+
| CMACE4          |    0 |     0 |          0 |         2 |   0.00 |
| FE              |    0 |     0 |          0 |         8 |   0.00 |
| GTYE4_CHANNEL   |    0 |     0 |          0 |        16 |   0.00 |
| GTYE4_COMMON    |    0 |     0 |          0 |         4 |   0.00 |
| ILKNE4          |    0 |     0 |          0 |         1 |   0.00 |
| OBUFDS_GTE4     |    0 |     0 |          0 |         8 |   0.00 |
| OBUFDS_GTE4_ADV |    0 |     0 |          0 |         8 |   0.00 |
| PCIE4CE4        |    0 |     0 |          0 |         2 |   0.00 |
| PS8             |    1 |     0 |          0 |         1 | 100.00 |
| RFADC           |    4 |     4 |          0 |         4 | 100.00 |
| RFDAC           |    4 |     4 |          0 |         4 | 100.00 |
| SYSMONE4        |    0 |     0 |          0 |         1 |   0.00 |
| RFADC_13B4W_M0  |    0 |     0 |          0 |         4 |   0.00 |
+-----------------+------+-------+------------+-----------+--------+


8. CONFIGURATION
----------------

+-------------+------+-------+------------+-----------+-------+
|  Site Type  | Used | Fixed | Prohibited | Available | Util% |
+-------------+------+-------+------------+-----------+-------+
| BSCANE2     |    0 |     0 |          0 |         4 |  0.00 |
| DNA_PORTE2  |    0 |     0 |          0 |         1 |  0.00 |
| EFUSE_USR   |    0 |     0 |          0 |         1 |  0.00 |
| FRAME_ECCE4 |    0 |     0 |          0 |         1 |  0.00 |
| ICAPE3      |    0 |     0 |          0 |         2 |  0.00 |
| MASTER_JTAG |    0 |     0 |          0 |         1 |  0.00 |
| STARTUPE3   |    0 |     0 |          0 |         1 |  0.00 |
+-------------+------+-------+------------+-----------+-------+


9. Primitives
-------------

+--------------+-------+---------------------+
|   Ref Name   |  Used | Functional Category |
+--------------+-------+---------------------+
| FDRE         | 21185 |            Register |
| LUT2         |  9264 |                 CLB |
| LUT3         |  8633 |                 CLB |
| LUT6         |  6182 |                 CLB |
| LUT4         |  4038 |                 CLB |
| LUT5         |  3501 |                 CLB |
| CARRY8       |  2045 |                 CLB |
| LUT1         |  1354 |                 CLB |
| RAMD32       |   716 |                 CLB |
| FDSE         |   704 |            Register |
| FDCE         |   385 |            Register |
| SRL16E       |   188 |                 CLB |
| MUXF7        |   144 |                 CLB |
| FDPE         |   113 |            Register |
| RAMS32       |   104 |                 CLB |
| SRLC32E      |    70 |                 CLB |
| MUXF8        |    28 |                 CLB |
| RAMB36E2     |     9 |            BLOCKRAM |
| OBUF         |     9 |                 I/O |
| RFDAC        |     4 |            Advanced |
| RFADC        |     4 |            Advanced |
| BUFGCE       |     3 |               Clock |
| RAMB18E2     |     2 |            BLOCKRAM |
| PS8          |     1 |            Advanced |
| MMCME4_ADV   |     1 |               Clock |
| INBUF        |     1 |                 I/O |
| IBUFCTRL     |     1 |              Others |
| BUFG_PS      |     1 |               Clock |
| BUFG_GT_SYNC |     1 |               Clock |
| BUFG_GT      |     1 |               Clock |
+--------------+-------+---------------------+


10. Black Boxes
---------------

+----------+------+
| Ref Name | Used |
+----------+------+


11. Instantiated Netlists
-------------------------

+----------+------+
| Ref Name | Used |
+----------+------+


